Starting DART data collection for: 20260619
Successfully saved 52 filtered disclosures to /home/inhyuk/projects/dataScout/data_dart/20260619/disclosures.json
Starting download of disclosure documents...
Downloading [1/52] 20260619000136...
[20260619000136] API Response (not zip): <?xml version="1.0" encoding="UTF-8" standalone="yes"?><result><status>014</status><message>파일이 존재하지 않습니다.</message></result>
Downloading [2/52] 20260619800419...
Downloading [3/52] 20260619900416...
Downloading [4/52] 20260619000135...
Downloading [5/52] 20260619900411...
Downloading [6/52] 20260619900399...
Downloading [7/52] 20260619000125...
Downloading [8/52] 20260619000122...
Downloading [9/52] 20260619900405...
Downloading [10/52] 20260619900403...
Downloading [11/52] 20260619000109...
Downloading [12/52] 20260619900396...
Downloading [13/52] 20260619000107...
Downloading [14/52] 20260619000106...
Downloading [15/52] 20260619800404...
Download complete: 14 downloaded, 37 skipped, 1 failed.
Starting DART data collection for: 20260619
Successfully saved 64 filtered disclosures to /home/inhyuk/projects/dataScout/data_dart/20260619/disclosures.json
Starting download of disclosure documents...
Downloading [1/64] 20260619000163...
[20260619000163] API Response (not zip): <?xml version="1.0" encoding="UTF-8" standalone="yes"?><result><status>014</status><message>파일이 존재하지 않습니다.</message></result>
Downloading [2/64] 20260619000161...
[20260619000161] API Response (not zip): <?xml version="1.0" encoding="UTF-8" standalone="yes"?><result><status>014</status><message>파일이 존재하지 않습니다.</message></result>
Downloading [3/64] 20260619000157...
Downloading [4/64] 20260619600434...
Downloading [5/64] 20260619800435...
Downloading [6/64] 20260619800422...
Downloading [7/64] 20260619000156...
Downloading [8/64] 20260619000155...
Downloading [9/64] 20260619000139...
Downloading [10/64] 20260619000149...
Downloading [11/64] 20260619000148...
Downloading [12/64] 20260619000137...
Downloading [13/64] 20260619000136...
Download complete: 11 downloaded, 51 skipped, 2 failed.
Starting DART data collection for: 20260619
Successfully saved 73 filtered disclosures to /home/inhyuk/projects/dataScout/data_dart/20260619/disclosures.json
Starting download of disclosure documents...
Downloading [1/73] 20260619900449...
Downloading [2/73] 20260619000173...
Downloading [3/73] 20260619000169...
Downloading [4/73] 20260619000168...
Downloading [5/73] 20260619600442...
Downloading [6/73] 20260619000167...
Downloading [7/73] 20260619000166...
Downloading [8/73] 20260619000165...
Downloading [9/73] 20260619000164...
Downloading [10/73] 20260619000163...
Downloading [11/73] 20260619000161...
Download complete: 11 downloaded, 62 skipped, 0 failed.
Starting DART data collection for: 20260619
Successfully saved 78 filtered disclosures to /home/inhyuk/projects/dataScout/data_dart/20260619/disclosures.json
Starting download of disclosure documents...
Downloading [1/78] 20260619000177...
[20260619000177] API Response (not zip): <?xml version="1.0" encoding="UTF-8" standalone="yes"?><result><status>014</status><message>파일이 존재하지 않습니다.</message></result>
Downloading [2/78] 20260619800454...
[20260619800454] Exception occurred during download: HTTPSConnectionPool(host='opendart.fss.or.kr', port=443): Read timed out. (read timeout=15)
Downloading [3/78] 20260619000175...
Downloading [4/78] 20260619900453...
Downloading [5/78] 20260619000174...
[20260619000174] Exception occurred during download: HTTPSConnectionPool(host='opendart.fss.or.kr', port=443): Read timed out. (read timeout=15)
Download complete: 2 downloaded, 73 skipped, 3 failed.
Starting DART data collection for: 20260619
Successfully saved 81 filtered disclosures to /home/inhyuk/projects/dataScout/data_dart/20260619/disclosures.json
Starting download of disclosure documents...
Downloading [1/81] 20260619000182...
[20260619000182] API Response (not zip): <?xml version="1.0" encoding="UTF-8" standalone="yes"?><result><status>014</status><message>파일이 존재하지 않습니다.</message></result>
Downloading [2/81] 20260619000181...
[20260619000181] API Response (not zip): <?xml version="1.0" encoding="UTF-8" standalone="yes"?><result><status>014</status><message>파일이 존재하지 않습니다.</message></result>
Downloading [3/81] 20260619000178...
Downloading [4/81] 20260619000177...
Downloading [5/81] 20260619800454...
Downloading [8/81] 20260619000174...
Download complete: 4 downloaded, 75 skipped, 2 failed.
Starting DART data collection for: 20260619
Successfully saved 90 filtered disclosures to /home/inhyuk/projects/dataScout/data_dart/20260619/disclosures.json
Starting download of disclosure documents...
Downloading [1/90] 20260619000203...
[20260619000203] API Response (not zip): <?xml version="1.0" encoding="UTF-8" standalone="yes"?><result><status>014</status><message>파일이 존재하지 않습니다.</message></result>
Downloading [2/90] 20260619000202...
[20260619000202] API Response (not zip): <?xml version="1.0" encoding="UTF-8" standalone="yes"?><result><status>014</status><message>파일이 존재하지 않습니다.</message></result>
Downloading [3/90] 20260619000197...
Downloading [4/90] 20260619900471...
Downloading [5/90] 20260619000192...
Downloading [6/90] 20260619000191...
Downloading [7/90] 20260619000186...
Downloading [8/90] 20260619000184...
Downloading [9/90] 20260619000183...
Downloading [10/90] 20260619000182...
Downloading [11/90] 20260619000181...
Download complete: 9 downloaded, 79 skipped, 2 failed.
Starting DART data collection for: 20260619
Successfully saved 111 filtered disclosures to /home/inhyuk/projects/dataScout/data_dart/20260619/disclosures.json
Starting download of disclosure documents...
Downloading [1/111] 20260619900501...
[20260619900501] API Response (not zip): <?xml version="1.0" encoding="UTF-8" standalone="yes"?><result><status>014</status><message>파일이 존재하지 않습니다.</message></result>
Downloading [2/111] 20260619900486...
[20260619900486] API Response (not zip): <?xml version="1.0" encoding="UTF-8" standalone="yes"?><result><status>014</status><message>파일이 존재하지 않습니다.</message></result>
Downloading [3/111] 20260619800474...
[20260619800474] API Response (not zip): <?xml version="1.0" encoding="UTF-8" standalone="yes"?><result><status>014</status><message>파일이 존재하지 않습니다.</message></result>
Downloading [4/111] 20260619800508...
[20260619800508] API Response (not zip): <?xml version="1.0" encoding="UTF-8" standalone="yes"?><result><status>014</status><message>파일이 존재하지 않습니다.</message></result>
Downloading [5/111] 20260619000239...
[20260619000239] API Response (not zip): <?xml version="1.0" encoding="UTF-8" standalone="yes"?><result><status>014</status><message>파일이 존재하지 않습니다.</message></result>
Downloading [6/111] 20260619900518...
[20260619900518] API Response (not zip): <?xml version="1.0" encoding="UTF-8" standalone="yes"?><result><status>014</status><message>파일이 존재하지 않습니다.</message></result>
Downloading [7/111] 20260619000236...
[20260619000236] API Response (not zip): <?xml version="1.0" encoding="UTF-8" standalone="yes"?><result><status>014</status><message>파일이 존재하지 않습니다.</message></result>
Downloading [8/111] 20260619000235...
[20260619000235] API Response (not zip): <?xml version="1.0" encoding="UTF-8" standalone="yes"?><result><status>014</status><message>파일이 존재하지 않습니다.</message></result>
Downloading [9/111] 20260619000219...
Downloading [10/111] 20260619000230...
Downloading [11/111] 20260619900494...
Downloading [12/111] 20260619800490...
Downloading [13/111] 20260619000228...
Downloading [14/111] 20260619000226...
Downloading [15/111] 20260619000224...
Downloading [16/111] 20260619000223...
Downloading [17/111] 20260619800503...
Downloading [18/111] 20260619000217...
Downloading [19/111] 20260619000215...
Downloading [20/111] 20260619000210...
Downloading [21/111] 20260619000208...
Downloading [22/111] 20260619000203...
Downloading [23/111] 20260619000202...
Download complete: 15 downloaded, 88 skipped, 8 failed.
Starting DART data collection for: 20260619
Successfully saved 126 filtered disclosures to /home/inhyuk/projects/dataScout/data_dart/20260619/disclosures.json
Starting download of disclosure documents...
Downloading [1/126] 20260619000282...
[20260619000282] API Response (not zip): <?xml version="1.0" encoding="UTF-8" standalone="yes"?><result><status>014</status><message>파일이 존재하지 않습니다.</message></result>
Downloading [2/126] 20260619000279...
[20260619000279] API Response (not zip): <?xml version="1.0" encoding="UTF-8" standalone="yes"?><result><status>014</status><message>파일이 존재하지 않습니다.</message></result>
Downloading [3/126] 20260619900529...
[20260619900529] API Response (not zip): <?xml version="1.0" encoding="UTF-8" standalone="yes"?><result><status>014</status><message>파일이 존재하지 않습니다.</message></result>
Downloading [4/126] 20260619000278...
[20260619000278] API Response (not zip): <?xml version="1.0" encoding="UTF-8" standalone="yes"?><result><status>014</status><message>파일이 존재하지 않습니다.</message></result>
Downloading [5/126] 20260619800515...
[20260619800515] API Response (not zip): <?xml version="1.0" encoding="UTF-8" standalone="yes"?><result><status>014</status><message>파일이 존재하지 않습니다.</message></result>
Downloading [6/126] 20260619800532...
[20260619800532] API Response (not zip): <?xml version="1.0" encoding="UTF-8" standalone="yes"?><result><status>014</status><message>파일이 존재하지 않습니다.</message></result>
Downloading [7/126] 20260619900537...
[20260619900537] API Response (not zip): <?xml version="1.0" encoding="UTF-8" standalone="yes"?><result><status>014</status><message>파일이 존재하지 않습니다.</message></result>
Downloading [8/126] 20260619000266...
[20260619000266] API Response (not zip): <?xml version="1.0" encoding="UTF-8" standalone="yes"?><result><status>014</status><message>파일이 존재하지 않습니다.</message></result>
Downloading [9/126] 20260619900525...
[20260619900525] API Response (not zip): <?xml version="1.0" encoding="UTF-8" standalone="yes"?><result><status>014</status><message>파일이 존재하지 않습니다.</message></result>
Downloading [10/126] 20260619000263...
Downloading [11/126] 20260619000257...
Downloading [12/126] 20260619000255...
Downloading [13/126] 20260619900514...
Downloading [14/126] 20260619000250...
Downloading [15/126] 20260619000246...
Downloading [16/126] 20260619900501...
Downloading [17/126] 20260619900486...
Downloading [18/126] 20260619800474...
Downloading [19/126] 20260619800508...
Downloading [20/126] 20260619000239...
Downloading [21/126] 20260619900518...
Downloading [22/126] 20260619000236...
Downloading [23/126] 20260619000235...
Download complete: 14 downloaded, 103 skipped, 9 failed.
Starting DART data collection for: 20260619
Successfully saved 154 filtered disclosures to /home/inhyuk/projects/dataScout/data_dart/20260619/disclosures.json
Starting download of disclosure documents...
Downloading [1/154] 20260619000346...
[20260619000346] API Response (not zip): <?xml version="1.0" encoding="UTF-8" standalone="yes"?><result><status>014</status><message>파일이 존재하지 않습니다.</message></result>
Downloading [2/154] 20260619900606...
[20260619900606] API Response (not zip): <?xml version="1.0" encoding="UTF-8" standalone="yes"?><result><status>014</status><message>파일이 존재하지 않습니다.</message></result>
Downloading [3/154] 20260619000340...
[20260619000340] API Response (not zip): <?xml version="1.0" encoding="UTF-8" standalone="yes"?><result><status>014</status><message>파일이 존재하지 않습니다.</message></result>
Downloading [4/154] 20260619900523...
[20260619900523] API Response (not zip): <?xml version="1.0" encoding="UTF-8" standalone="yes"?><result><status>014</status><message>파일이 존재하지 않습니다.</message></result>
Downloading [5/154] 20260619000313...
[20260619000313] API Response (not zip): <?xml version="1.0" encoding="UTF-8" standalone="yes"?><result><status>014</status><message>파일이 존재하지 않습니다.</message></result>
Downloading [6/154] 20260619900588...
[20260619900588] API Response (not zip): <?xml version="1.0" encoding="UTF-8" standalone="yes"?><result><status>014</status><message>파일이 존재하지 않습니다.</message></result>
Downloading [7/154] 20260619900578...
[20260619900578] API Response (not zip): <?xml version="1.0" encoding="UTF-8" standalone="yes"?><result><status>014</status><message>파일이 존재하지 않습니다.</message></result>
Downloading [8/154] 20260619000336...
[20260619000336] API Response (not zip): <?xml version="1.0" encoding="UTF-8" standalone="yes"?><result><status>014</status><message>파일이 존재하지 않습니다.</message></result>
Downloading [9/154] 20260619000335...
[20260619000335] API Response (not zip): <?xml version="1.0" encoding="UTF-8" standalone="yes"?><result><status>014</status><message>파일이 존재하지 않습니다.</message></result>
Downloading [10/154] 20260619900580...
[20260619900580] API Response (not zip): <?xml version="1.0" encoding="UTF-8" standalone="yes"?><result><status>014</status><message>파일이 존재하지 않습니다.</message></result>
Downloading [11/154] 20260619000330...
[20260619000330] API Response (not zip): <?xml version="1.0" encoding="UTF-8" standalone="yes"?><result><status>014</status><message>파일이 존재하지 않습니다.</message></result>
Downloading [12/154] 20260619000329...
[20260619000329] API Response (not zip): <?xml version="1.0" encoding="UTF-8" standalone="yes"?><result><status>014</status><message>파일이 존재하지 않습니다.</message></result>
Downloading [13/154] 20260619000324...
[20260619000324] API Response (not zip): <?xml version="1.0" encoding="UTF-8" standalone="yes"?><result><status>014</status><message>파일이 존재하지 않습니다.</message></result>
Downloading [14/154] 20260619000321...
Downloading [15/154] 20260619800593...
Downloading [16/154] 20260619000319...
Downloading [17/154] 20260619600554...
Downloading [18/154] 20260619900557...
Downloading [19/154] 20260619000308...
Downloading [20/154] 20260619000304...
Downloading [21/154] 20260619000300...
Downloading [22/154] 20260619000296...
Downloading [23/154] 20260619000295...
Downloading [24/154] 20260619000294...
Downloading [25/154] 20260619000289...
Downloading [26/154] 20260619000286...
Downloading [27/154] 20260619000285...
Downloading [28/154] 20260619000284...
Downloading [29/154] 20260619000282...
Downloading [30/154] 20260619000279...
Downloading [31/154] 20260619900529...
Downloading [32/154] 20260619000278...
Downloading [33/154] 20260619800515...
Downloading [34/154] 20260619800532...
Downloading [35/154] 20260619900537...
Downloading [36/154] 20260619000266...
Downloading [37/154] 20260619900525...
Download complete: 24 downloaded, 117 skipped, 13 failed.
Starting DART data collection for: 20260619
Successfully saved 186 filtered disclosures to /home/inhyuk/projects/dataScout/data_dart/20260619/disclosures.json
Starting download of disclosure documents...
Downloading [1/186] 20260619000429...
[20260619000429] API Response (not zip): <?xml version="1.0" encoding="UTF-8" standalone="yes"?><result><status>014</status><message>파일이 존재하지 않습니다.</message></result>
Downloading [2/186] 20260619900684...
[20260619900684] API Response (not zip): <?xml version="1.0" encoding="UTF-8" standalone="yes"?><result><status>014</status><message>파일이 존재하지 않습니다.</message></result>
Downloading [3/186] 20260619000424...
[20260619000424] API Response (not zip): <?xml version="1.0" encoding="UTF-8" standalone="yes"?><result><status>014</status><message>파일이 존재하지 않습니다.</message></result>
Downloading [4/186] 20260619800680...
[20260619800680] API Response (not zip): <?xml version="1.0" encoding="UTF-8" standalone="yes"?><result><status>014</status><message>파일이 존재하지 않습니다.</message></result>
Downloading [5/186] 20260619000422...
[20260619000422] API Response (not zip): <?xml version="1.0" encoding="UTF-8" standalone="yes"?><result><status>014</status><message>파일이 존재하지 않습니다.</message></result>
Downloading [6/186] 20260619000420...
[20260619000420] API Response (not zip): <?xml version="1.0" encoding="UTF-8" standalone="yes"?><result><status>014</status><message>파일이 존재하지 않습니다.</message></result>
Downloading [7/186] 20260619900653...
[20260619900653] API Response (not zip): <?xml version="1.0" encoding="UTF-8" standalone="yes"?><result><status>014</status><message>파일이 존재하지 않습니다.</message></result>
Downloading [8/186] 20260619000417...
[20260619000417] API Response (not zip): <?xml version="1.0" encoding="UTF-8" standalone="yes"?><result><status>014</status><message>파일이 존재하지 않습니다.</message></result>
Downloading [9/186] 20260619900632...
[20260619900632] API Response (not zip): <?xml version="1.0" encoding="UTF-8" standalone="yes"?><result><status>014</status><message>파일이 존재하지 않습니다.</message></result>
Downloading [10/186] 20260619000415...
[20260619000415] API Response (not zip): <?xml version="1.0" encoding="UTF-8" standalone="yes"?><result><status>014</status><message>파일이 존재하지 않습니다.</message></result>
Downloading [11/186] 20260619900615...
[20260619900615] API Response (not zip): <?xml version="1.0" encoding="UTF-8" standalone="yes"?><result><status>014</status><message>파일이 존재하지 않습니다.</message></result>
Downloading [12/186] 20260619600672...
[20260619600672] API Response (not zip): <?xml version="1.0" encoding="UTF-8" standalone="yes"?><result><status>014</status><message>파일이 존재하지 않습니다.</message></result>
Downloading [13/186] 20260619000408...
[20260619000408] API Response (not zip): <?xml version="1.0" encoding="UTF-8" standalone="yes"?><result><status>014</status><message>파일이 존재하지 않습니다.</message></result>
Downloading [14/186] 20260619600664...
[20260619600664] API Response (not zip): <?xml version="1.0" encoding="UTF-8" standalone="yes"?><result><status>014</status><message>파일이 존재하지 않습니다.</message></result>
Downloading [15/186] 20260619000402...
[20260619000402] API Response (not zip): <?xml version="1.0" encoding="UTF-8" standalone="yes"?><result><status>014</status><message>파일이 존재하지 않습니다.</message></result>
Downloading [16/186] 20260619600655...
[20260619600655] API Response (not zip): <?xml version="1.0" encoding="UTF-8" standalone="yes"?><result><status>014</status><message>파일이 존재하지 않습니다.</message></result>
Downloading [17/186] 20260619000397...
[20260619000397] API Response (not zip): <?xml version="1.0" encoding="UTF-8" standalone="yes"?><result><status>014</status><message>파일이 존재하지 않습니다.</message></result>
Downloading [18/186] 20260619800665...
[20260619800665] API Response (not zip): <?xml version="1.0" encoding="UTF-8" standalone="yes"?><result><status>014</status><message>파일이 존재하지 않습니다.</message></result>
Downloading [19/186] 20260619800636...
[20260619800636] API Response (not zip): <?xml version="1.0" encoding="UTF-8" standalone="yes"?><result><status>014</status><message>파일이 존재하지 않습니다.</message></result>
Downloading [20/186] 20260619000396...
[20260619000396] API Response (not zip): <?xml version="1.0" encoding="UTF-8" standalone="yes"?><result><status>014</status><message>파일이 존재하지 않습니다.</message></result>
Downloading [21/186] 20260619000394...
[20260619000394] API Response (not zip): <?xml version="1.0" encoding="UTF-8" standalone="yes"?><result><status>014</status><message>파일이 존재하지 않습니다.</message></result>
Downloading [22/186] 20260619000390...
[20260619000390] API Response (not zip): <?xml version="1.0" encoding="UTF-8" standalone="yes"?><result><status>014</status><message>파일이 존재하지 않습니다.</message></result>
Downloading [23/186] 20260619000386...
[20260619000386] API Response (not zip): <?xml version="1.0" encoding="UTF-8" standalone="yes"?><result><status>014</status><message>파일이 존재하지 않습니다.</message></result>
Downloading [24/186] 20260619000382...
[20260619000382] API Response (not zip): <?xml version="1.0" encoding="UTF-8" standalone="yes"?><result><status>014</status><message>파일이 존재하지 않습니다.</message></result>
Downloading [25/186] 20260619800652...
[20260619800652] API Response (not zip): <?xml version="1.0" encoding="UTF-8" standalone="yes"?><result><status>014</status><message>파일이 존재하지 않습니다.</message></result>
Downloading [26/186] 20260619000376...
[20260619000376] API Response (not zip): <?xml version="1.0" encoding="UTF-8" standalone="yes"?><result><status>014</status><message>파일이 존재하지 않습니다.</message></result>
Downloading [27/186] 20260619000375...
[20260619000375] API Response (not zip): <?xml version="1.0" encoding="UTF-8" standalone="yes"?><result><status>014</status><message>파일이 존재하지 않습니다.</message></result>
Downloading [28/186] 20260619000374...
[20260619000374] API Response (not zip): <?xml version="1.0" encoding="UTF-8" standalone="yes"?><result><status>014</status><message>파일이 존재하지 않습니다.</message></result>
Downloading [29/186] 20260619000370...
[20260619000370] API Response (not zip): <?xml version="1.0" encoding="UTF-8" standalone="yes"?><result><status>014</status><message>파일이 존재하지 않습니다.</message></result>
Downloading [30/186] 20260619000357...
Downloading [31/186] 20260619000350...
Downloading [32/186] 20260619900568...
Downloading [33/186] 20260619000346...
Downloading [34/186] 20260619900606...
Downloading [35/186] 20260619000340...
Downloading [36/186] 20260619900523...
Downloading [37/186] 20260619000313...
Downloading [38/186] 20260619900588...
Downloading [39/186] 20260619900578...
Downloading [40/186] 20260619000336...
Downloading [41/186] 20260619000335...
Downloading [42/186] 20260619900580...
Downloading [43/186] 20260619000330...
Downloading [44/186] 20260619000329...
Downloading [45/186] 20260619000324...
Download complete: 16 downloaded, 141 skipped, 29 failed.
Starting DART data collection for: 20260619
Successfully saved 231 filtered disclosures to /home/inhyuk/projects/dataScout/data_dart/20260619/disclosures.json
Starting download of disclosure documents...
Downloading [1/231] 20260619000503...
[20260619000503] API Response (not zip): <?xml version="1.0" encoding="UTF-8" standalone="yes"?><result><status>014</status><message>파일이 존재하지 않습니다.</message></result>
Downloading [2/231] 20260619800756...
[20260619800756] API Response (not zip): <?xml version="1.0" encoding="UTF-8" standalone="yes"?><result><status>014</status><message>파일이 존재하지 않습니다.</message></result>
Downloading [3/231] 20260619800698...
[20260619800698] API Response (not zip): <?xml version="1.0" encoding="UTF-8" standalone="yes"?><result><status>014</status><message>파일이 존재하지 않습니다.</message></result>
Downloading [4/231] 20260619000498...
[20260619000498] API Response (not zip): <?xml version="1.0" encoding="UTF-8" standalone="yes"?><result><status>014</status><message>파일이 존재하지 않습니다.</message></result>
Downloading [5/231] 20260619000496...
[20260619000496] API Response (not zip): <?xml version="1.0" encoding="UTF-8" standalone="yes"?><result><status>014</status><message>파일이 존재하지 않습니다.</message></result>
Downloading [6/231] 20260619000495...
[20260619000495] API Response (not zip): <?xml version="1.0" encoding="UTF-8" standalone="yes"?><result><status>014</status><message>파일이 존재하지 않습니다.</message></result>
Downloading [7/231] 20260619000492...
[20260619000492] API Response (not zip): <?xml version="1.0" encoding="UTF-8" standalone="yes"?><result><status>014</status><message>파일이 존재하지 않습니다.</message></result>
Downloading [8/231] 20260619000491...
[20260619000491] API Response (not zip): <?xml version="1.0" encoding="UTF-8" standalone="yes"?><result><status>014</status><message>파일이 존재하지 않습니다.</message></result>
Downloading [9/231] 20260619800690...
[20260619800690] API Response (not zip): <?xml version="1.0" encoding="UTF-8" standalone="yes"?><result><status>014</status><message>파일이 존재하지 않습니다.</message></result>
Downloading [10/231] 20260619000472...
[20260619000472] API Response (not zip): <?xml version="1.0" encoding="UTF-8" standalone="yes"?><result><status>014</status><message>파일이 존재하지 않습니다.</message></result>
Downloading [11/231] 20260619800737...
[20260619800737] Exception occurred during download: HTTPSConnectionPool(host='opendart.fss.or.kr', port=443): Read timed out. (read timeout=15)
Downloading [12/231] 20260619000481...
[20260619000481] API Response (not zip): <?xml version="1.0" encoding="UTF-8" standalone="yes"?><result><status>014</status><message>파일이 존재하지 않습니다.</message></result>
Downloading [13/231] 20260619000448...
[20260619000448] API Response (not zip): <?xml version="1.0" encoding="UTF-8" standalone="yes"?><result><status>014</status><message>파일이 존재하지 않습니다.</message></result>
Downloading [14/231] 20260619800686...
[20260619800686] API Response (not zip): <?xml version="1.0" encoding="UTF-8" standalone="yes"?><result><status>014</status><message>파일이 존재하지 않습니다.</message></result>
Downloading [15/231] 20260619000445...
[20260619000445] API Response (not zip): <?xml version="1.0" encoding="UTF-8" standalone="yes"?><result><status>014</status><message>파일이 존재하지 않습니다.</message></result>
Downloading [16/231] 20260619000427...
[20260619000427] API Response (not zip): <?xml version="1.0" encoding="UTF-8" standalone="yes"?><result><status>014</status><message>파일이 존재하지 않습니다.</message></result>
Downloading [17/231] 20260619000475...
[20260619000475] API Response (not zip): <?xml version="1.0" encoding="UTF-8" standalone="yes"?><result><status>014</status><message>파일이 존재하지 않습니다.</message></result>
Downloading [18/231] 20260619000412...
[20260619000412] API Response (not zip): <?xml version="1.0" encoding="UTF-8" standalone="yes"?><result><status>014</status><message>파일이 존재하지 않습니다.</message></result>
Downloading [19/231] 20260619000455...
[20260619000455] API Response (not zip): <?xml version="1.0" encoding="UTF-8" standalone="yes"?><result><status>014</status><message>파일이 존재하지 않습니다.</message></result>
Downloading [20/231] 20260619900711...
[20260619900711] API Response (not zip): <?xml version="1.0" encoding="UTF-8" standalone="yes"?><result><status>014</status><message>파일이 존재하지 않습니다.</message></result>
Downloading [21/231] 20260619000473...
[20260619000473] API Response (not zip): <?xml version="1.0" encoding="UTF-8" standalone="yes"?><result><status>014</status><message>파일이 존재하지 않습니다.</message></result>
Downloading [22/231] 20260619900660...
Downloading [23/231] 20260619000470...
[20260619000470] API Response (not zip): <?xml version="1.0" encoding="UTF-8" standalone="yes"?><result><status>014</status><message>파일이 존재하지 않습니다.</message></result>
Downloading [24/231] 20260619000469...
[20260619000469] API Response (not zip): <?xml version="1.0" encoding="UTF-8" standalone="yes"?><result><status>014</status><message>파일이 존재하지 않습니다.</message></result>
Downloading [25/231] 20260619000468...
[20260619000468] API Response (not zip): <?xml version="1.0" encoding="UTF-8" standalone="yes"?><result><status>014</status><message>파일이 존재하지 않습니다.</message></result>
Downloading [26/231] 20260619000466...
[20260619000466] API Response (not zip): <?xml version="1.0" encoding="UTF-8" standalone="yes"?><result><status>014</status><message>파일이 존재하지 않습니다.</message></result>
Downloading [27/231] 20260619800719...
[20260619800719] Exception occurred during download: HTTPSConnectionPool(host='opendart.fss.or.kr', port=443): Read timed out. (read timeout=15)
Downloading [28/231] 20260619000465...
[20260619000465] API Response (not zip): <?xml version="1.0" encoding="UTF-8" standalone="yes"?><result><status>014</status><message>파일이 존재하지 않습니다.</message></result>
Downloading [29/231] 20260619000464...
[20260619000464] API Response (not zip): <?xml version="1.0" encoding="UTF-8" standalone="yes"?><result><status>014</status><message>파일이 존재하지 않습니다.</message></result>
Downloading [30/231] 20260619000463...
[20260619000463] API Response (not zip): <?xml version="1.0" encoding="UTF-8" standalone="yes"?><result><status>014</status><message>파일이 존재하지 않습니다.</message></result>
Downloading [31/231] 20260619800714...
[20260619800714] API Response (not zip): <?xml version="1.0" encoding="UTF-8" standalone="yes"?><result><status>014</status><message>파일이 존재하지 않습니다.</message></result>
Downloading [32/231] 20260619000458...
[20260619000458] Exception occurred during download: HTTPSConnectionPool(host='opendart.fss.or.kr', port=443): Read timed out. (read timeout=15)
Downloading [33/231] 20260619000454...
[20260619000454] API Response (not zip): <?xml version="1.0" encoding="UTF-8" standalone="yes"?><result><status>014</status><message>파일이 존재하지 않습니다.</message></result>
Downloading [34/231] 20260619000453...
[20260619000453] API Response (not zip): <?xml version="1.0" encoding="UTF-8" standalone="yes"?><result><status>014</status><message>파일이 존재하지 않습니다.</message></result>
Downloading [35/231] 20260619000452...
[20260619000452] API Response (not zip): <?xml version="1.0" encoding="UTF-8" standalone="yes"?><result><status>014</status><message>파일이 존재하지 않습니다.</message></result>
Downloading [36/231] 20260619000447...
[20260619000447] API Response (not zip): <?xml version="1.0" encoding="UTF-8" standalone="yes"?><result><status>014</status><message>파일이 존재하지 않습니다.</message></result>
Downloading [37/231] 20260619000443...
[20260619000443] API Response (not zip): <?xml version="1.0" encoding="UTF-8" standalone="yes"?><result><status>014</status><message>파일이 존재하지 않습니다.</message></result>
Downloading [38/231] 20260619000442...
[20260619000442] Exception occurred during download: HTTPSConnectionPool(host='opendart.fss.or.kr', port=443): Read timed out. (read timeout=15)
Downloading [39/231] 20260619900679...
Downloading [40/231] 20260619000436...
Downloading [41/231] 20260619000435...
Downloading [42/231] 20260619900691...
Downloading [43/231] 20260619900689...
Downloading [45/231] 20260619600668...
Downloading [46/231] 20260619000429...
Downloading [47/231] 20260619900684...
Downloading [48/231] 20260619000424...
Downloading [49/231] 20260619800680...
Downloading [50/231] 20260619000422...
Downloading [51/231] 20260619000420...
Downloading [52/231] 20260619900653...
Downloading [53/231] 20260619000417...
Downloading [54/231] 20260619900632...
Downloading [55/231] 20260619000415...
Downloading [56/231] 20260619900615...
Downloading [57/231] 20260619600672...
Downloading [58/231] 20260619000408...
Downloading [59/231] 20260619600664...
Downloading [60/231] 20260619000402...
Downloading [61/231] 20260619600655...
Downloading [62/231] 20260619000397...
Downloading [63/231] 20260619800665...
Downloading [64/231] 20260619800636...
[20260619800636] Exception occurred during download: HTTPSConnectionPool(host='opendart.fss.or.kr', port=443): Read timed out. (read timeout=15)
Downloading [65/231] 20260619000396...
Downloading [66/231] 20260619000394...
Downloading [67/231] 20260619000390...
Downloading [68/231] 20260619000386...
Downloading [69/231] 20260619000382...
Downloading [70/231] 20260619800652...
Downloading [71/231] 20260619000376...
Downloading [72/231] 20260619000375...
[20260619000375] Exception occurred during download: HTTPSConnectionPool(host='opendart.fss.or.kr', port=443): Read timed out. (read timeout=15)
Downloading [73/231] 20260619000374...
Downloading [74/231] 20260619000370...
Download complete: 34 downloaded, 158 skipped, 39 failed.
Starting DART data collection for: 20260619
Successfully saved 291 filtered disclosures to /home/inhyuk/projects/dataScout/data_dart/20260619/disclosures.json
Starting download of disclosure documents...
Downloading [1/291] 20260619800848...
[20260619800848] API Response (not zip): <?xml version="1.0" encoding="UTF-8" standalone="yes"?><result><status>014</status><message>파일이 존재하지 않습니다.</message></result>
Downloading [2/291] 20260619000588...
[20260619000588] API Response (not zip): <?xml version="1.0" encoding="UTF-8" standalone="yes"?><result><status>014</status><message>파일이 존재하지 않습니다.</message></result>
Downloading [3/291] 20260619000587...
[20260619000587] API Response (not zip): <?xml version="1.0" encoding="UTF-8" standalone="yes"?><result><status>014</status><message>파일이 존재하지 않습니다.</message></result>
Downloading [4/291] 20260619000586...
[20260619000586] API Response (not zip): <?xml version="1.0" encoding="UTF-8" standalone="yes"?><result><status>014</status><message>파일이 존재하지 않습니다.</message></result>
Downloading [5/291] 20260619000567...
[20260619000567] API Response (not zip): <?xml version="1.0" encoding="UTF-8" standalone="yes"?><result><status>014</status><message>파일이 존재하지 않습니다.</message></result>
Downloading [6/291] 20260619800845...
[20260619800845] API Response (not zip): <?xml version="1.0" encoding="UTF-8" standalone="yes"?><result><status>014</status><message>파일이 존재하지 않습니다.</message></result>
Downloading [7/291] 20260619000582...
[20260619000582] API Response (not zip): <?xml version="1.0" encoding="UTF-8" standalone="yes"?><result><status>014</status><message>파일이 존재하지 않습니다.</message></result>
Downloading [8/291] 20260619000581...
[20260619000581] API Response (not zip): <?xml version="1.0" encoding="UTF-8" standalone="yes"?><result><status>014</status><message>파일이 존재하지 않습니다.</message></result>
Downloading [9/291] 20260619000580...
[20260619000580] API Response (not zip): <?xml version="1.0" encoding="UTF-8" standalone="yes"?><result><status>014</status><message>파일이 존재하지 않습니다.</message></result>
Downloading [10/291] 20260619000579...
[20260619000579] API Response (not zip): <?xml version="1.0" encoding="UTF-8" standalone="yes"?><result><status>014</status><message>파일이 존재하지 않습니다.</message></result>
Downloading [11/291] 20260619000578...
[20260619000578] API Response (not zip): <?xml version="1.0" encoding="UTF-8" standalone="yes"?><result><status>014</status><message>파일이 존재하지 않습니다.</message></result>
Downloading [12/291] 20260619800786...
[20260619800786] API Response (not zip): <?xml version="1.0" encoding="UTF-8" standalone="yes"?><result><status>014</status><message>파일이 존재하지 않습니다.</message></result>
Downloading [13/291] 20260619000570...
[20260619000570] API Response (not zip): <?xml version="1.0" encoding="UTF-8" standalone="yes"?><result><status>014</status><message>파일이 존재하지 않습니다.</message></result>
Downloading [14/291] 20260619000566...
[20260619000566] API Response (not zip): <?xml version="1.0" encoding="UTF-8" standalone="yes"?><result><status>014</status><message>파일이 존재하지 않습니다.</message></result>
Downloading [15/291] 20260619800821...
[20260619800821] API Response (not zip): <?xml version="1.0" encoding="UTF-8" standalone="yes"?><result><status>014</status><message>파일이 존재하지 않습니다.</message></result>
Downloading [16/291] 20260619000565...
[20260619000565] API Response (not zip): <?xml version="1.0" encoding="UTF-8" standalone="yes"?><result><status>014</status><message>파일이 존재하지 않습니다.</message></result>
Downloading [17/291] 20260619900779...
[20260619900779] API Response (not zip): <?xml version="1.0" encoding="UTF-8" standalone="yes"?><result><status>014</status><message>파일이 존재하지 않습니다.</message></result>
Downloading [18/291] 20260619000564...
[20260619000564] API Response (not zip): <?xml version="1.0" encoding="UTF-8" standalone="yes"?><result><status>014</status><message>파일이 존재하지 않습니다.</message></result>
Downloading [19/291] 20260619000563...
[20260619000563] API Response (not zip): <?xml version="1.0" encoding="UTF-8" standalone="yes"?><result><status>014</status><message>파일이 존재하지 않습니다.</message></result>
Downloading [20/291] 20260619800813...
[20260619800813] API Response (not zip): <?xml version="1.0" encoding="UTF-8" standalone="yes"?><result><status>014</status><message>파일이 존재하지 않습니다.</message></result>
Downloading [21/291] 20260619900773...
[20260619900773] API Response (not zip): <?xml version="1.0" encoding="UTF-8" standalone="yes"?><result><status>014</status><message>파일이 존재하지 않습니다.</message></result>
Downloading [22/291] 20260619800800...
[20260619800800] API Response (not zip): <?xml version="1.0" encoding="UTF-8" standalone="yes"?><result><status>014</status><message>파일이 존재하지 않습니다.</message></result>
Downloading [23/291] 20260619000554...
[20260619000554] API Response (not zip): <?xml version="1.0" encoding="UTF-8" standalone="yes"?><result><status>014</status><message>파일이 존재하지 않습니다.</message></result>
Downloading [24/291] 20260619800793...
[20260619800793] API Response (not zip): <?xml version="1.0" encoding="UTF-8" standalone="yes"?><result><status>014</status><message>파일이 존재하지 않습니다.</message></result>
Downloading [25/291] 20260619000520...
[20260619000520] API Response (not zip): <?xml version="1.0" encoding="UTF-8" standalone="yes"?><result><status>014</status><message>파일이 존재하지 않습니다.</message></result>
Downloading [26/291] 20260619000549...
[20260619000549] API Response (not zip): <?xml version="1.0" encoding="UTF-8" standalone="yes"?><result><status>014</status><message>파일이 존재하지 않습니다.</message></result>
Downloading [27/291] 20260619000548...
[20260619000548] API Response (not zip): <?xml version="1.0" encoding="UTF-8" standalone="yes"?><result><status>014</status><message>파일이 존재하지 않습니다.</message></result>
Downloading [28/291] 20260619000502...
[20260619000502] API Response (not zip): <?xml version="1.0" encoding="UTF-8" standalone="yes"?><result><status>014</status><message>파일이 존재하지 않습니다.</message></result>
Downloading [29/291] 20260619000546...
[20260619000546] API Response (not zip): <?xml version="1.0" encoding="UTF-8" standalone="yes"?><result><status>014</status><message>파일이 존재하지 않습니다.</message></result>
Downloading [30/291] 20260619000545...
[20260619000545] API Response (not zip): <?xml version="1.0" encoding="UTF-8" standalone="yes"?><result><status>014</status><message>파일이 존재하지 않습니다.</message></result>
Downloading [31/291] 20260619800795...
[20260619800795] API Response (not zip): <?xml version="1.0" encoding="UTF-8" standalone="yes"?><result><status>014</status><message>파일이 존재하지 않습니다.</message></result>
Downloading [32/291] 20260619000542...
[20260619000542] API Response (not zip): <?xml version="1.0" encoding="UTF-8" standalone="yes"?><result><status>014</status><message>파일이 존재하지 않습니다.</message></result>
Downloading [33/291] 20260619000540...
[20260619000540] API Response (not zip): <?xml version="1.0" encoding="UTF-8" standalone="yes"?><result><status>014</status><message>파일이 존재하지 않습니다.</message></result>
Downloading [34/291] 20260619000539...
[20260619000539] API Response (not zip): <?xml version="1.0" encoding="UTF-8" standalone="yes"?><result><status>014</status><message>파일이 존재하지 않습니다.</message></result>
Downloading [35/291] 20260619000538...
[20260619000538] API Response (not zip): <?xml version="1.0" encoding="UTF-8" standalone="yes"?><result><status>014</status><message>파일이 존재하지 않습니다.</message></result>
Downloading [36/291] 20260619000535...
[20260619000535] API Response (not zip): <?xml version="1.0" encoding="UTF-8" standalone="yes"?><result><status>014</status><message>파일이 존재하지 않습니다.</message></result>
Downloading [37/291] 20260619000533...
[20260619000533] API Response (not zip): <?xml version="1.0" encoding="UTF-8" standalone="yes"?><result><status>014</status><message>파일이 존재하지 않습니다.</message></result>
Downloading [38/291] 20260619000532...
[20260619000532] API Response (not zip): <?xml version="1.0" encoding="UTF-8" standalone="yes"?><result><status>014</status><message>파일이 존재하지 않습니다.</message></result>
Downloading [39/291] 20260619000531...
[20260619000531] API Response (not zip): <?xml version="1.0" encoding="UTF-8" standalone="yes"?><result><status>014</status><message>파일이 존재하지 않습니다.</message></result>
Downloading [40/291] 20260619900739...
[20260619900739] API Response (not zip): <?xml version="1.0" encoding="UTF-8" standalone="yes"?><result><status>014</status><message>파일이 존재하지 않습니다.</message></result>
Downloading [41/291] 20260619000530...
[20260619000530] API Response (not zip): <?xml version="1.0" encoding="UTF-8" standalone="yes"?><result><status>014</status><message>파일이 존재하지 않습니다.</message></result>
Downloading [42/291] 20260619000529...
[20260619000529] API Response (not zip): <?xml version="1.0" encoding="UTF-8" standalone="yes"?><result><status>014</status><message>파일이 존재하지 않습니다.</message></result>
Downloading [43/291] 20260619000525...
[20260619000525] API Response (not zip): <?xml version="1.0" encoding="UTF-8" standalone="yes"?><result><status>014</status><message>파일이 존재하지 않습니다.</message></result>
Downloading [44/291] 20260619900735...
[20260619900735] API Response (not zip): <?xml version="1.0" encoding="UTF-8" standalone="yes"?><result><status>014</status><message>파일이 존재하지 않습니다.</message></result>
Downloading [45/291] 20260619800752...
[20260619800752] API Response (not zip): <?xml version="1.0" encoding="UTF-8" standalone="yes"?><result><status>014</status><message>파일이 존재하지 않습니다.</message></result>
Downloading [46/291] 20260619800760...
[20260619800760] API Response (not zip): <?xml version="1.0" encoding="UTF-8" standalone="yes"?><result><status>014</status><message>파일이 존재하지 않습니다.</message></result>
Downloading [47/291] 20260619000522...
Downloading [48/291] 20260619000521...
Downloading [49/291] 20260619000518...
Downloading [50/291] 20260619000451...
Downloading [51/291] 20260619900758...
Downloading [52/291] 20260619000517...
Downloading [53/291] 20260619000516...
Downloading [54/291] 20260619000514...
Downloading [55/291] 20260619000510...
Downloading [56/291] 20260619000493...
Downloading [57/291] 20260619800742...
Downloading [58/291] 20260619000508...
Downloading [59/291] 20260619000506...
Downloading [60/291] 20260619800759...
Downloading [61/291] 20260619000503...
Downloading [62/291] 20260619800756...
Downloading [63/291] 20260619800698...
Downloading [64/291] 20260619000498...
Downloading [65/291] 20260619000496...
Downloading [66/291] 20260619000495...
Downloading [67/291] 20260619000492...
Downloading [68/291] 20260619000491...
Downloading [69/291] 20260619800690...
Downloading [70/291] 20260619000472...
Downloading [71/291] 20260619800737...
Downloading [72/291] 20260619000481...
Downloading [73/291] 20260619000448...
Downloading [74/291] 20260619800686...
Downloading [75/291] 20260619000445...
Downloading [76/291] 20260619000427...
Downloading [77/291] 20260619000475...
Downloading [78/291] 20260619000412...
Downloading [79/291] 20260619000455...
Downloading [80/291] 20260619900711...
Downloading [81/291] 20260619000473...
Downloading [83/291] 20260619000470...
Downloading [84/291] 20260619000469...
Downloading [85/291] 20260619000468...
Downloading [86/291] 20260619000466...
Downloading [87/291] 20260619800719...
Downloading [89/291] 20260619000464...
Downloading [90/291] 20260619000463...
Downloading [91/291] 20260619800714...
Downloading [92/291] 20260619000458...
Downloading [93/291] 20260619000454...
Downloading [95/291] 20260619000452...
Downloading [96/291] 20260619000447...
Downloading [97/291] 20260619000443...
Downloading [98/291] 20260619000442...
Downloading [124/291] 20260619800636...
Downloading [132/291] 20260619000375...
Download complete: 51 downloaded, 194 skipped, 46 failed.
Starting DART data collection for: 20260619
Successfully saved 336 filtered disclosures to /home/inhyuk/projects/dataScout/data_dart/20260619/disclosures.json
Starting download of disclosure documents...
Downloading [1/336] 20260619000627...
[20260619000627] API Response (not zip): <?xml version="1.0" encoding="UTF-8" standalone="yes"?><result><status>014</status><message>파일이 존재하지 않습니다.</message></result>
Downloading [2/336] 20260619000626...
[20260619000626] API Response (not zip): <?xml version="1.0" encoding="UTF-8" standalone="yes"?><result><status>014</status><message>파일이 존재하지 않습니다.</message></result>
Downloading [3/336] 20260619000625...
[20260619000625] API Response (not zip): <?xml version="1.0" encoding="UTF-8" standalone="yes"?><result><status>014</status><message>파일이 존재하지 않습니다.</message></result>
Downloading [4/336] 20260619000624...
[20260619000624] API Response (not zip): <?xml version="1.0" encoding="UTF-8" standalone="yes"?><result><status>014</status><message>파일이 존재하지 않습니다.</message></result>
Downloading [5/336] 20260619600891...
[20260619600891] API Response (not zip): <?xml version="1.0" encoding="UTF-8" standalone="yes"?><result><status>014</status><message>파일이 존재하지 않습니다.</message></result>
Downloading [6/336] 20260619000621...
[20260619000621] API Response (not zip): <?xml version="1.0" encoding="UTF-8" standalone="yes"?><result><status>014</status><message>파일이 존재하지 않습니다.</message></result>
Downloading [7/336] 20260619000609...
[20260619000609] API Response (not zip): <?xml version="1.0" encoding="UTF-8" standalone="yes"?><result><status>014</status><message>파일이 존재하지 않습니다.</message></result>
Downloading [8/336] 20260619000620...
[20260619000620] API Response (not zip): <?xml version="1.0" encoding="UTF-8" standalone="yes"?><result><status>014</status><message>파일이 존재하지 않습니다.</message></result>
Downloading [9/336] 20260619000618...
[20260619000618] API Response (not zip): <?xml version="1.0" encoding="UTF-8" standalone="yes"?><result><status>014</status><message>파일이 존재하지 않습니다.</message></result>
Downloading [10/336] 20260619000603...
[20260619000603] API Response (not zip): <?xml version="1.0" encoding="UTF-8" standalone="yes"?><result><status>014</status><message>파일이 존재하지 않습니다.</message></result>
Downloading [11/336] 20260619000576...
[20260619000576] API Response (not zip): <?xml version="1.0" encoding="UTF-8" standalone="yes"?><result><status>014</status><message>파일이 존재하지 않습니다.</message></result>
Downloading [12/336] 20260619000616...
[20260619000616] API Response (not zip): <?xml version="1.0" encoding="UTF-8" standalone="yes"?><result><status>014</status><message>파일이 존재하지 않습니다.</message></result>
Downloading [13/336] 20260619900853...
[20260619900853] API Response (not zip): <?xml version="1.0" encoding="UTF-8" standalone="yes"?><result><status>014</status><message>파일이 존재하지 않습니다.</message></result>
Downloading [14/336] 20260619000575...
[20260619000575] API Response (not zip): <?xml version="1.0" encoding="UTF-8" standalone="yes"?><result><status>014</status><message>파일이 존재하지 않습니다.</message></result>
Downloading [15/336] 20260619800868...
[20260619800868] API Response (not zip): <?xml version="1.0" encoding="UTF-8" standalone="yes"?><result><status>014</status><message>파일이 존재하지 않습니다.</message></result>
Downloading [16/336] 20260619000615...
[20260619000615] API Response (not zip): <?xml version="1.0" encoding="UTF-8" standalone="yes"?><result><status>014</status><message>파일이 존재하지 않습니다.</message></result>
Downloading [17/336] 20260619000614...
[20260619000614] API Response (not zip): <?xml version="1.0" encoding="UTF-8" standalone="yes"?><result><status>014</status><message>파일이 존재하지 않습니다.</message></result>
Downloading [18/336] 20260619000613...
[20260619000613] API Response (not zip): <?xml version="1.0" encoding="UTF-8" standalone="yes"?><result><status>014</status><message>파일이 존재하지 않습니다.</message></result>
Downloading [19/336] 20260619000612...
[20260619000612] API Response (not zip): <?xml version="1.0" encoding="UTF-8" standalone="yes"?><result><status>014</status><message>파일이 존재하지 않습니다.</message></result>
Downloading [20/336] 20260619900808...
[20260619900808] API Response (not zip): <?xml version="1.0" encoding="UTF-8" standalone="yes"?><result><status>014</status><message>파일이 존재하지 않습니다.</message></result>
Downloading [21/336] 20260619800887...
[20260619800887] API Response (not zip): <?xml version="1.0" encoding="UTF-8" standalone="yes"?><result><status>014</status><message>파일이 존재하지 않습니다.</message></result>
Downloading [22/336] 20260619900817...
[20260619900817] API Response (not zip): <?xml version="1.0" encoding="UTF-8" standalone="yes"?><result><status>014</status><message>파일이 존재하지 않습니다.</message></result>
Downloading [23/336] 20260619000610...
[20260619000610] API Response (not zip): <?xml version="1.0" encoding="UTF-8" standalone="yes"?><result><status>014</status><message>파일이 존재하지 않습니다.</message></result>
Downloading [24/336] 20260619800870...
[20260619800870] API Response (not zip): <?xml version="1.0" encoding="UTF-8" standalone="yes"?><result><status>014</status><message>파일이 존재하지 않습니다.</message></result>
Downloading [25/336] 20260619800866...
[20260619800866] API Response (not zip): <?xml version="1.0" encoding="UTF-8" standalone="yes"?><result><status>014</status><message>파일이 존재하지 않습니다.</message></result>
Downloading [26/336] 20260619000574...
[20260619000574] API Response (not zip): <?xml version="1.0" encoding="UTF-8" standalone="yes"?><result><status>014</status><message>파일이 존재하지 않습니다.</message></result>
Downloading [27/336] 20260619900755...
[20260619900755] API Response (not zip): <?xml version="1.0" encoding="UTF-8" standalone="yes"?><result><status>014</status><message>파일이 존재하지 않습니다.</message></result>
Downloading [28/336] 20260619000606...
[20260619000606] API Response (not zip): <?xml version="1.0" encoding="UTF-8" standalone="yes"?><result><status>014</status><message>파일이 존재하지 않습니다.</message></result>
Downloading [29/336] 20260619800828...
[20260619800828] API Response (not zip): <?xml version="1.0" encoding="UTF-8" standalone="yes"?><result><status>014</status><message>파일이 존재하지 않습니다.</message></result>
Downloading [30/336] 20260619000604...
[20260619000604] API Response (not zip): <?xml version="1.0" encoding="UTF-8" standalone="yes"?><result><status>014</status><message>파일이 존재하지 않습니다.</message></result>
Downloading [31/336] 20260619800826...
[20260619800826] API Response (not zip): <?xml version="1.0" encoding="UTF-8" standalone="yes"?><result><status>014</status><message>파일이 존재하지 않습니다.</message></result>
Downloading [32/336] 20260619000602...
[20260619000602] API Response (not zip): <?xml version="1.0" encoding="UTF-8" standalone="yes"?><result><status>014</status><message>파일이 존재하지 않습니다.</message></result>
Downloading [33/336] 20260619000599...
[20260619000599] API Response (not zip): <?xml version="1.0" encoding="UTF-8" standalone="yes"?><result><status>014</status><message>파일이 존재하지 않습니다.</message></result>
Downloading [34/336] 20260619900852...
[20260619900852] API Response (not zip): <?xml version="1.0" encoding="UTF-8" standalone="yes"?><result><status>014</status><message>파일이 존재하지 않습니다.</message></result>
Downloading [35/336] 20260619800831...
[20260619800831] API Response (not zip): <?xml version="1.0" encoding="UTF-8" standalone="yes"?><result><status>014</status><message>파일이 존재하지 않습니다.</message></result>
Downloading [36/336] 20260619900847...
[20260619900847] API Response (not zip): <?xml version="1.0" encoding="UTF-8" standalone="yes"?><result><status>014</status><message>파일이 존재하지 않습니다.</message></result>
Downloading [37/336] 20260619000598...
[20260619000598] API Response (not zip): <?xml version="1.0" encoding="UTF-8" standalone="yes"?><result><status>014</status><message>파일이 존재하지 않습니다.</message></result>
Downloading [38/336] 20260619900790...
[20260619900790] API Response (not zip): <?xml version="1.0" encoding="UTF-8" standalone="yes"?><result><status>014</status><message>파일이 존재하지 않습니다.</message></result>
Downloading [39/336] 20260619000596...
[20260619000596] API Response (not zip): <?xml version="1.0" encoding="UTF-8" standalone="yes"?><result><status>014</status><message>파일이 존재하지 않습니다.</message></result>
Downloading [40/336] 20260619000595...
[20260619000595] API Response (not zip): <?xml version="1.0" encoding="UTF-8" standalone="yes"?><result><status>014</status><message>파일이 존재하지 않습니다.</message></result>
Downloading [41/336] 20260619900858...
[20260619900858] API Response (not zip): <?xml version="1.0" encoding="UTF-8" standalone="yes"?><result><status>014</status><message>파일이 존재하지 않습니다.</message></result>
Downloading [42/336] 20260619000593...
[20260619000593] API Response (not zip): <?xml version="1.0" encoding="UTF-8" standalone="yes"?><result><status>014</status><message>파일이 존재하지 않습니다.</message></result>
Downloading [43/336] 20260619900864...
[20260619900864] API Response (not zip): <?xml version="1.0" encoding="UTF-8" standalone="yes"?><result><status>014</status><message>파일이 존재하지 않습니다.</message></result>
Downloading [44/336] 20260619000591...
[20260619000591] API Response (not zip): <?xml version="1.0" encoding="UTF-8" standalone="yes"?><result><status>014</status><message>파일이 존재하지 않습니다.</message></result>
Downloading [45/336] 20260619000590...
[20260619000590] API Response (not zip): <?xml version="1.0" encoding="UTF-8" standalone="yes"?><result><status>014</status><message>파일이 존재하지 않습니다.</message></result>
Downloading [46/336] 20260619800848...
[20260619800848] API Response (not zip): <?xml version="1.0" encoding="UTF-8" standalone="yes"?><result><status>014</status><message>파일이 존재하지 않습니다.</message></result>
Downloading [47/336] 20260619000588...
[20260619000588] API Response (not zip): <?xml version="1.0" encoding="UTF-8" standalone="yes"?><result><status>014</status><message>파일이 존재하지 않습니다.</message></result>
Downloading [48/336] 20260619000587...
[20260619000587] API Response (not zip): <?xml version="1.0" encoding="UTF-8" standalone="yes"?><result><status>014</status><message>파일이 존재하지 않습니다.</message></result>
Downloading [49/336] 20260619000586...
[20260619000586] API Response (not zip): <?xml version="1.0" encoding="UTF-8" standalone="yes"?><result><status>014</status><message>파일이 존재하지 않습니다.</message></result>
Downloading [50/336] 20260619000567...
[20260619000567] API Response (not zip): <?xml version="1.0" encoding="UTF-8" standalone="yes"?><result><status>014</status><message>파일이 존재하지 않습니다.</message></result>
Downloading [51/336] 20260619800845...
[20260619800845] API Response (not zip): <?xml version="1.0" encoding="UTF-8" standalone="yes"?><result><status>014</status><message>파일이 존재하지 않습니다.</message></result>
Downloading [52/336] 20260619000582...
[20260619000582] API Response (not zip): <?xml version="1.0" encoding="UTF-8" standalone="yes"?><result><status>014</status><message>파일이 존재하지 않습니다.</message></result>
Downloading [53/336] 20260619000581...
Downloading [54/336] 20260619000580...
Downloading [55/336] 20260619000579...
Downloading [56/336] 20260619000578...
Downloading [57/336] 20260619800786...
Downloading [58/336] 20260619000570...
Downloading [59/336] 20260619000566...
Downloading [60/336] 20260619800821...
Downloading [61/336] 20260619000565...
Downloading [62/336] 20260619900779...
Downloading [63/336] 20260619000564...
Downloading [64/336] 20260619000563...
Downloading [65/336] 20260619800813...
Downloading [66/336] 20260619900773...
Downloading [67/336] 20260619800800...
Downloading [68/336] 20260619000554...
Downloading [69/336] 20260619800793...
Downloading [70/336] 20260619000520...
Downloading [71/336] 20260619000549...
Downloading [72/336] 20260619000548...
Downloading [73/336] 20260619000502...
Downloading [74/336] 20260619000546...
Downloading [75/336] 20260619000545...
Downloading [76/336] 20260619800795...
Downloading [77/336] 20260619000542...
Downloading [78/336] 20260619000540...
Downloading [79/336] 20260619000539...
Downloading [80/336] 20260619000538...
Downloading [81/336] 20260619000535...
Downloading [82/336] 20260619000533...
Downloading [83/336] 20260619000532...
Downloading [84/336] 20260619000531...
Downloading [85/336] 20260619900739...
Downloading [86/336] 20260619000530...
Downloading [87/336] 20260619000529...
Downloading [88/336] 20260619000525...
Downloading [89/336] 20260619900735...
Downloading [90/336] 20260619800752...
Downloading [91/336] 20260619800760...
Download complete: 39 downloaded, 245 skipped, 52 failed.
Starting DART data collection for: 20260619
Successfully saved 367 filtered disclosures to /home/inhyuk/projects/dataScout/data_dart/20260619/disclosures.json
Starting download of disclosure documents...
Downloading [1/367] 20260619600970...
[20260619600970] API Response (not zip): <?xml version="1.0" encoding="UTF-8" standalone="yes"?><result><status>014</status><message>파일이 존재하지 않습니다.</message></result>
Downloading [2/367] 20260619800957...
[20260619800957] API Response (not zip): <?xml version="1.0" encoding="UTF-8" standalone="yes"?><result><status>014</status><message>파일이 존재하지 않습니다.</message></result>
Downloading [3/367] 20260619800976...
[20260619800976] API Response (not zip): <?xml version="1.0" encoding="UTF-8" standalone="yes"?><result><status>014</status><message>파일이 존재하지 않습니다.</message></result>
Downloading [4/367] 20260619000654...
[20260619000654] API Response (not zip): <?xml version="1.0" encoding="UTF-8" standalone="yes"?><result><status>014</status><message>파일이 존재하지 않습니다.</message></result>
Downloading [5/367] 20260619900969...
[20260619900969] API Response (not zip): <?xml version="1.0" encoding="UTF-8" standalone="yes"?><result><status>014</status><message>파일이 존재하지 않습니다.</message></result>
Downloading [6/367] 20260619900919...
[20260619900919] API Response (not zip): <?xml version="1.0" encoding="UTF-8" standalone="yes"?><result><status>014</status><message>파일이 존재하지 않습니다.</message></result>
Downloading [7/367] 20260619900967...
[20260619900967] API Response (not zip): <?xml version="1.0" encoding="UTF-8" standalone="yes"?><result><status>014</status><message>파일이 존재하지 않습니다.</message></result>
Downloading [8/367] 20260619000645...
[20260619000645] API Response (not zip): <?xml version="1.0" encoding="UTF-8" standalone="yes"?><result><status>014</status><message>파일이 존재하지 않습니다.</message></result>
Downloading [9/367] 20260619900965...
[20260619900965] API Response (not zip): <?xml version="1.0" encoding="UTF-8" standalone="yes"?><result><status>014</status><message>파일이 존재하지 않습니다.</message></result>
Downloading [10/367] 20260619000643...
[20260619000643] API Response (not zip): <?xml version="1.0" encoding="UTF-8" standalone="yes"?><result><status>014</status><message>파일이 존재하지 않습니다.</message></result>
Downloading [11/367] 20260619800963...
[20260619800963] API Response (not zip): <?xml version="1.0" encoding="UTF-8" standalone="yes"?><result><status>014</status><message>파일이 존재하지 않습니다.</message></result>
Downloading [12/367] 20260619900960...
[20260619900960] API Response (not zip): <?xml version="1.0" encoding="UTF-8" standalone="yes"?><result><status>014</status><message>파일이 존재하지 않습니다.</message></result>
Downloading [13/367] 20260619900952...
[20260619900952] API Response (not zip): <?xml version="1.0" encoding="UTF-8" standalone="yes"?><result><status>014</status><message>파일이 존재하지 않습니다.</message></result>
Downloading [14/367] 20260619800917...
[20260619800917] API Response (not zip): <?xml version="1.0" encoding="UTF-8" standalone="yes"?><result><status>014</status><message>파일이 존재하지 않습니다.</message></result>
Downloading [15/367] 20260619800907...
[20260619800907] API Response (not zip): <?xml version="1.0" encoding="UTF-8" standalone="yes"?><result><status>014</status><message>파일이 존재하지 않습니다.</message></result>
Downloading [16/367] 20260619000638...
[20260619000638] API Response (not zip): <?xml version="1.0" encoding="UTF-8" standalone="yes"?><result><status>014</status><message>파일이 존재하지 않습니다.</message></result>
Downloading [17/367] 20260619000622...
[20260619000622] API Response (not zip): <?xml version="1.0" encoding="UTF-8" standalone="yes"?><result><status>014</status><message>파일이 존재하지 않습니다.</message></result>
Downloading [18/367] 20260619000637...
[20260619000637] API Response (not zip): <?xml version="1.0" encoding="UTF-8" standalone="yes"?><result><status>014</status><message>파일이 존재하지 않습니다.</message></result>
Downloading [19/367] 20260619900915...
[20260619900915] API Response (not zip): <?xml version="1.0" encoding="UTF-8" standalone="yes"?><result><status>014</status><message>파일이 존재하지 않습니다.</message></result>
Downloading [20/367] 20260619800896...
[20260619800896] API Response (not zip): <?xml version="1.0" encoding="UTF-8" standalone="yes"?><result><status>014</status><message>파일이 존재하지 않습니다.</message></result>
Downloading [21/367] 20260619000623...
[20260619000623] API Response (not zip): <?xml version="1.0" encoding="UTF-8" standalone="yes"?><result><status>014</status><message>파일이 존재하지 않습니다.</message></result>
Downloading [22/367] 20260619000611...
[20260619000611] API Response (not zip): <?xml version="1.0" encoding="UTF-8" standalone="yes"?><result><status>014</status><message>파일이 존재하지 않습니다.</message></result>
Downloading [23/367] 20260619000634...
[20260619000634] API Response (not zip): <?xml version="1.0" encoding="UTF-8" standalone="yes"?><result><status>014</status><message>파일이 존재하지 않습니다.</message></result>
Downloading [24/367] 20260619000630...
[20260619000630] API Response (not zip): <?xml version="1.0" encoding="UTF-8" standalone="yes"?><result><status>014</status><message>파일이 존재하지 않습니다.</message></result>
Downloading [25/367] 20260619900874...
[20260619900874] API Response (not zip): <?xml version="1.0" encoding="UTF-8" standalone="yes"?><result><status>014</status><message>파일이 존재하지 않습니다.</message></result>
Downloading [26/367] 20260619000632...
[20260619000632] API Response (not zip): <?xml version="1.0" encoding="UTF-8" standalone="yes"?><result><status>014</status><message>파일이 존재하지 않습니다.</message></result>
Downloading [27/367] 20260619100004...
[20260619100004] API Response (not zip): <?xml version="1.0" encoding="UTF-8" standalone="yes"?><result><status>014</status><message>파일이 존재하지 않습니다.</message></result>
Downloading [28/367] 20260619000631...
[20260619000631] API Response (not zip): <?xml version="1.0" encoding="UTF-8" standalone="yes"?><result><status>014</status><message>파일이 존재하지 않습니다.</message></result>
Downloading [29/367] 20260619000629...
[20260619000629] API Response (not zip): <?xml version="1.0" encoding="UTF-8" standalone="yes"?><result><status>014</status><message>파일이 존재하지 않습니다.</message></result>
Downloading [30/367] 20260619900823...
[20260619900823] API Response (not zip): <?xml version="1.0" encoding="UTF-8" standalone="yes"?><result><status>014</status><message>파일이 존재하지 않습니다.</message></result>
Downloading [31/367] 20260619900885...
[20260619900885] API Response (not zip): <?xml version="1.0" encoding="UTF-8" standalone="yes"?><result><status>014</status><message>파일이 존재하지 않습니다.</message></result>
Downloading [32/367] 20260619000627...
[20260619000627] API Response (not zip): <?xml version="1.0" encoding="UTF-8" standalone="yes"?><result><status>014</status><message>파일이 존재하지 않습니다.</message></result>
Downloading [33/367] 20260619000626...
[20260619000626] API Response (not zip): <?xml version="1.0" encoding="UTF-8" standalone="yes"?><result><status>014</status><message>파일이 존재하지 않습니다.</message></result>
Downloading [34/367] 20260619000625...
[20260619000625] API Response (not zip): <?xml version="1.0" encoding="UTF-8" standalone="yes"?><result><status>014</status><message>파일이 존재하지 않습니다.</message></result>
Downloading [35/367] 20260619000624...
Downloading [36/367] 20260619600891...
[20260619600891] API Response (not zip): <?xml version="1.0" encoding="UTF-8" standalone="yes"?><result><status>014</status><message>파일이 존재하지 않습니다.</message></result>
Downloading [37/367] 20260619000621...
[20260619000621] API Response (not zip): <?xml version="1.0" encoding="UTF-8" standalone="yes"?><result><status>014</status><message>파일이 존재하지 않습니다.</message></result>
Downloading [38/367] 20260619000609...
[20260619000609] API Response (not zip): <?xml version="1.0" encoding="UTF-8" standalone="yes"?><result><status>014</status><message>파일이 존재하지 않습니다.</message></result>
Downloading [39/367] 20260619000620...
[20260619000620] API Response (not zip): <?xml version="1.0" encoding="UTF-8" standalone="yes"?><result><status>014</status><message>파일이 존재하지 않습니다.</message></result>
Downloading [40/367] 20260619000618...
[20260619000618] API Response (not zip): <?xml version="1.0" encoding="UTF-8" standalone="yes"?><result><status>014</status><message>파일이 존재하지 않습니다.</message></result>
Downloading [41/367] 20260619000603...
[20260619000603] API Response (not zip): <?xml version="1.0" encoding="UTF-8" standalone="yes"?><result><status>014</status><message>파일이 존재하지 않습니다.</message></result>
Downloading [42/367] 20260619000576...
Downloading [43/367] 20260619000616...
Downloading [44/367] 20260619900853...
Downloading [45/367] 20260619000575...
Downloading [46/367] 20260619800868...
Downloading [47/367] 20260619000615...
Downloading [48/367] 20260619000614...
Downloading [49/367] 20260619000613...
Downloading [50/367] 20260619000612...
Downloading [51/367] 20260619900808...
Downloading [52/367] 20260619800887...
Downloading [53/367] 20260619900817...
Downloading [54/367] 20260619000610...
Downloading [55/367] 20260619800870...
Downloading [56/367] 20260619800866...
Downloading [57/367] 20260619000574...
Downloading [58/367] 20260619900755...
Downloading [59/367] 20260619000606...
Downloading [60/367] 20260619800828...
Downloading [61/367] 20260619000604...
Downloading [62/367] 20260619800826...
Downloading [63/367] 20260619000602...
Downloading [64/367] 20260619000599...
Downloading [65/367] 20260619900852...
Downloading [66/367] 20260619800831...
Downloading [67/367] 20260619900847...
Downloading [68/367] 20260619000598...
Downloading [69/367] 20260619900790...
Downloading [70/367] 20260619000596...
Downloading [71/367] 20260619000595...
Downloading [72/367] 20260619900858...
Downloading [73/367] 20260619000593...
Downloading [74/367] 20260619900864...
Downloading [75/367] 20260619000591...
Downloading [76/367] 20260619000590...
Downloading [77/367] 20260619800848...
Downloading [78/367] 20260619000588...
Downloading [79/367] 20260619000587...
Downloading [80/367] 20260619000586...
Downloading [81/367] 20260619000567...
Downloading [82/367] 20260619800845...
Downloading [83/367] 20260619000582...
Download complete: 43 downloaded, 284 skipped, 40 failed.
Starting DART data collection for: 20260619
Successfully saved 400 filtered disclosures to /home/inhyuk/projects/dataScout/data_dart/20260619/disclosures.json
Starting download of disclosure documents...
Downloading [1/400] 20260619801030...
[20260619801030] API Response (not zip): <?xml version="1.0" encoding="UTF-8" standalone="yes"?><result><status>014</status><message>파일이 존재하지 않습니다.</message></result>
Downloading [2/400] 20260619601032...
[20260619601032] API Response (not zip): <?xml version="1.0" encoding="UTF-8" standalone="yes"?><result><status>014</status><message>파일이 존재하지 않습니다.</message></result>
Downloading [3/400] 20260619000676...
[20260619000676] API Response (not zip): <?xml version="1.0" encoding="UTF-8" standalone="yes"?><result><status>014</status><message>파일이 존재하지 않습니다.</message></result>
Downloading [4/400] 20260619801006...
[20260619801006] API Response (not zip): <?xml version="1.0" encoding="UTF-8" standalone="yes"?><result><status>014</status><message>파일이 존재하지 않습니다.</message></result>
Downloading [5/400] 20260619801010...
[20260619801010] API Response (not zip): <?xml version="1.0" encoding="UTF-8" standalone="yes"?><result><status>014</status><message>파일이 존재하지 않습니다.</message></result>
Downloading [6/400] 20260619000675...
[20260619000675] API Response (not zip): <?xml version="1.0" encoding="UTF-8" standalone="yes"?><result><status>014</status><message>파일이 존재하지 않습니다.</message></result>
Downloading [7/400] 20260619601007...
[20260619601007] API Response (not zip): <?xml version="1.0" encoding="UTF-8" standalone="yes"?><result><status>014</status><message>파일이 존재하지 않습니다.</message></result>
Downloading [8/400] 20260619000662...
[20260619000662] API Response (not zip): <?xml version="1.0" encoding="UTF-8" standalone="yes"?><result><status>014</status><message>파일이 존재하지 않습니다.</message></result>
Downloading [9/400] 20260619000658...
[20260619000658] API Response (not zip): <?xml version="1.0" encoding="UTF-8" standalone="yes"?><result><status>014</status><message>파일이 존재하지 않습니다.</message></result>
Downloading [10/400] 20260619900972...
[20260619900972] API Response (not zip): <?xml version="1.0" encoding="UTF-8" standalone="yes"?><result><status>014</status><message>파일이 존재하지 않습니다.</message></result>
Downloading [11/400] 20260619900871...
[20260619900871] API Response (not zip): <?xml version="1.0" encoding="UTF-8" standalone="yes"?><result><status>014</status><message>파일이 존재하지 않습니다.</message></result>
Downloading [12/400] 20260619000664...
[20260619000664] API Response (not zip): <?xml version="1.0" encoding="UTF-8" standalone="yes"?><result><status>014</status><message>파일이 존재하지 않습니다.</message></result>
Downloading [13/400] 20260619901008...
[20260619901008] API Response (not zip): <?xml version="1.0" encoding="UTF-8" standalone="yes"?><result><status>014</status><message>파일이 존재하지 않습니다.</message></result>
Downloading [14/400] 20260619000665...
[20260619000665] API Response (not zip): <?xml version="1.0" encoding="UTF-8" standalone="yes"?><result><status>014</status><message>파일이 존재하지 않습니다.</message></result>
Downloading [15/400] 20260619801014...
[20260619801014] API Response (not zip): <?xml version="1.0" encoding="UTF-8" standalone="yes"?><result><status>014</status><message>파일이 존재하지 않습니다.</message></result>
Downloading [16/400] 20260619800981...
[20260619800981] API Response (not zip): <?xml version="1.0" encoding="UTF-8" standalone="yes"?><result><status>014</status><message>파일이 존재하지 않습니다.</message></result>
Downloading [17/400] 20260619000670...
[20260619000670] API Response (not zip): <?xml version="1.0" encoding="UTF-8" standalone="yes"?><result><status>014</status><message>파일이 존재하지 않습니다.</message></result>
Downloading [18/400] 20260619000669...
[20260619000669] API Response (not zip): <?xml version="1.0" encoding="UTF-8" standalone="yes"?><result><status>014</status><message>파일이 존재하지 않습니다.</message></result>
Downloading [19/400] 20260619000666...
[20260619000666] API Response (not zip): <?xml version="1.0" encoding="UTF-8" standalone="yes"?><result><status>014</status><message>파일이 존재하지 않습니다.</message></result>
Downloading [20/400] 20260619000663...
[20260619000663] API Response (not zip): <?xml version="1.0" encoding="UTF-8" standalone="yes"?><result><status>014</status><message>파일이 존재하지 않습니다.</message></result>
Downloading [21/400] 20260619800987...
[20260619800987] API Response (not zip): <?xml version="1.0" encoding="UTF-8" standalone="yes"?><result><status>014</status><message>파일이 존재하지 않습니다.</message></result>
Downloading [22/400] 20260619000661...
[20260619000661] API Response (not zip): <?xml version="1.0" encoding="UTF-8" standalone="yes"?><result><status>014</status><message>파일이 존재하지 않습니다.</message></result>
Downloading [23/400] 20260619800986...
[20260619800986] API Response (not zip): <?xml version="1.0" encoding="UTF-8" standalone="yes"?><result><status>014</status><message>파일이 존재하지 않습니다.</message></result>
Downloading [24/400] 20260619600984...
[20260619600984] API Response (not zip): <?xml version="1.0" encoding="UTF-8" standalone="yes"?><result><status>014</status><message>파일이 존재하지 않습니다.</message></result>
Downloading [25/400] 20260619600983...
[20260619600983] API Response (not zip): <?xml version="1.0" encoding="UTF-8" standalone="yes"?><result><status>014</status><message>파일이 존재하지 않습니다.</message></result>
Downloading [26/400] 20260619600982...
[20260619600982] API Response (not zip): <?xml version="1.0" encoding="UTF-8" standalone="yes"?><result><status>014</status><message>파일이 존재하지 않습니다.</message></result>
Downloading [27/400] 20260619800985...
[20260619800985] API Response (not zip): <?xml version="1.0" encoding="UTF-8" standalone="yes"?><result><status>014</status><message>파일이 존재하지 않습니다.</message></result>
Downloading [28/400] 20260619800989...
[20260619800989] API Response (not zip): <?xml version="1.0" encoding="UTF-8" standalone="yes"?><result><status>014</status><message>파일이 존재하지 않습니다.</message></result>
Downloading [29/400] 20260619900978...
[20260619900978] API Response (not zip): <?xml version="1.0" encoding="UTF-8" standalone="yes"?><result><status>014</status><message>파일이 존재하지 않습니다.</message></result>
Downloading [30/400] 20260619900968...
[20260619900968] API Response (not zip): <?xml version="1.0" encoding="UTF-8" standalone="yes"?><result><status>014</status><message>파일이 존재하지 않습니다.</message></result>
Downloading [31/400] 20260619800974...
[20260619800974] API Response (not zip): <?xml version="1.0" encoding="UTF-8" standalone="yes"?><result><status>014</status><message>파일이 존재하지 않습니다.</message></result>
Downloading [32/400] 20260619900979...
[20260619900979] API Response (not zip): <?xml version="1.0" encoding="UTF-8" standalone="yes"?><result><status>014</status><message>파일이 존재하지 않습니다.</message></result>
Downloading [33/400] 20260619800971...
[20260619800971] API Response (not zip): <?xml version="1.0" encoding="UTF-8" standalone="yes"?><result><status>014</status><message>파일이 존재하지 않습니다.</message></result>
Downloading [34/400] 20260619600970...
[20260619600970] API Response (not zip): <?xml version="1.0" encoding="UTF-8" standalone="yes"?><result><status>014</status><message>파일이 존재하지 않습니다.</message></result>
Downloading [35/400] 20260619800957...
[20260619800957] API Response (not zip): <?xml version="1.0" encoding="UTF-8" standalone="yes"?><result><status>014</status><message>파일이 존재하지 않습니다.</message></result>
Downloading [36/400] 20260619800976...
[20260619800976] API Response (not zip): <?xml version="1.0" encoding="UTF-8" standalone="yes"?><result><status>014</status><message>파일이 존재하지 않습니다.</message></result>
Downloading [37/400] 20260619000654...
[20260619000654] API Response (not zip): <?xml version="1.0" encoding="UTF-8" standalone="yes"?><result><status>014</status><message>파일이 존재하지 않습니다.</message></result>
Downloading [38/400] 20260619900969...
[20260619900969] API Response (not zip): <?xml version="1.0" encoding="UTF-8" standalone="yes"?><result><status>014</status><message>파일이 존재하지 않습니다.</message></result>
Downloading [39/400] 20260619900919...
[20260619900919] API Response (not zip): <?xml version="1.0" encoding="UTF-8" standalone="yes"?><result><status>014</status><message>파일이 존재하지 않습니다.</message></result>
Downloading [40/400] 20260619900967...
[20260619900967] API Response (not zip): <?xml version="1.0" encoding="UTF-8" standalone="yes"?><result><status>014</status><message>파일이 존재하지 않습니다.</message></result>
Downloading [41/400] 20260619000645...
[20260619000645] API Response (not zip): <?xml version="1.0" encoding="UTF-8" standalone="yes"?><result><status>014</status><message>파일이 존재하지 않습니다.</message></result>
Downloading [42/400] 20260619900965...
[20260619900965] API Response (not zip): <?xml version="1.0" encoding="UTF-8" standalone="yes"?><result><status>014</status><message>파일이 존재하지 않습니다.</message></result>
Downloading [43/400] 20260619000643...
[20260619000643] API Response (not zip): <?xml version="1.0" encoding="UTF-8" standalone="yes"?><result><status>014</status><message>파일이 존재하지 않습니다.</message></result>
Downloading [44/400] 20260619800963...
[20260619800963] API Response (not zip): <?xml version="1.0" encoding="UTF-8" standalone="yes"?><result><status>014</status><message>파일이 존재하지 않습니다.</message></result>
Downloading [45/400] 20260619900960...
[20260619900960] API Response (not zip): <?xml version="1.0" encoding="UTF-8" standalone="yes"?><result><status>014</status><message>파일이 존재하지 않습니다.</message></result>
Downloading [46/400] 20260619900952...
[20260619900952] API Response (not zip): <?xml version="1.0" encoding="UTF-8" standalone="yes"?><result><status>014</status><message>파일이 존재하지 않습니다.</message></result>
Downloading [47/400] 20260619800917...
Downloading [48/400] 20260619800907...
Downloading [49/400] 20260619000638...
Downloading [50/400] 20260619000622...
Downloading [51/400] 20260619000637...
Downloading [52/400] 20260619900915...
Downloading [53/400] 20260619800896...
Downloading [54/400] 20260619000623...
Downloading [55/400] 20260619000611...
Downloading [56/400] 20260619000634...
Downloading [57/400] 20260619000630...
Downloading [58/400] 20260619900874...
Downloading [59/400] 20260619000632...
Downloading [60/400] 20260619100004...
[20260619100004] API Response (not zip): <?xml version="1.0" encoding="UTF-8" standalone="yes"?><result><status>014</status><message>파일이 존재하지 않습니다.</message></result>
Downloading [61/400] 20260619000631...
Downloading [62/400] 20260619000629...
Downloading [63/400] 20260619900823...
[20260619900823] Exception occurred during download: HTTPSConnectionPool(host='opendart.fss.or.kr', port=443): Read timed out. (read timeout=15)
Downloading [64/400] 20260619900885...
Downloading [65/400] 20260619000627...
Downloading [66/400] 20260619000626...
Downloading [67/400] 20260619000625...
Downloading [69/400] 20260619600891...
Downloading [70/400] 20260619000621...
Downloading [71/400] 20260619000609...
Downloading [72/400] 20260619000620...
Downloading [73/400] 20260619000618...
Downloading [74/400] 20260619000603...
Download complete: 25 downloaded, 327 skipped, 48 failed.
Starting DART data collection for: 20260619
Successfully saved 406 filtered disclosures to /home/inhyuk/projects/dataScout/data_dart/20260619/disclosures.json
Starting download of disclosure documents...
Downloading [1/406] 20260619901068...
[20260619901068] API Response (not zip): <?xml version="1.0" encoding="UTF-8" standalone="yes"?><result><status>014</status><message>파일이 존재하지 않습니다.</message></result>
Downloading [2/406] 20260619901065...
[20260619901065] API Response (not zip): <?xml version="1.0" encoding="UTF-8" standalone="yes"?><result><status>014</status><message>파일이 존재하지 않습니다.</message></result>
Downloading [3/406] 20260619901064...
[20260619901064] API Response (not zip): <?xml version="1.0" encoding="UTF-8" standalone="yes"?><result><status>014</status><message>파일이 존재하지 않습니다.</message></result>
Downloading [4/406] 20260619901053...
[20260619901053] API Response (not zip): <?xml version="1.0" encoding="UTF-8" standalone="yes"?><result><status>014</status><message>파일이 존재하지 않습니다.</message></result>
Downloading [5/406] 20260619901012...
[20260619901012] API Response (not zip): <?xml version="1.0" encoding="UTF-8" standalone="yes"?><result><status>014</status><message>파일이 존재하지 않습니다.</message></result>
Downloading [6/406] 20260619900994...
Downloading [7/406] 20260619801030...
Downloading [8/406] 20260619601032...
Downloading [9/406] 20260619000676...
Downloading [10/406] 20260619801006...
Downloading [11/406] 20260619801010...
Downloading [12/406] 20260619000675...
Downloading [13/406] 20260619601007...
Downloading [14/406] 20260619000662...
Downloading [15/406] 20260619000658...
Downloading [16/406] 20260619900972...
Downloading [17/406] 20260619900871...
Downloading [18/406] 20260619000664...
Downloading [19/406] 20260619901008...
Downloading [20/406] 20260619000665...
Downloading [21/406] 20260619801014...
Downloading [22/406] 20260619800981...
Downloading [23/406] 20260619000670...
Downloading [24/406] 20260619000669...
Downloading [25/406] 20260619000666...
Downloading [26/406] 20260619000663...
Downloading [27/406] 20260619800987...
Downloading [28/406] 20260619000661...
Downloading [29/406] 20260619800986...
Downloading [30/406] 20260619600984...
Downloading [31/406] 20260619600983...
Downloading [32/406] 20260619600982...
Downloading [33/406] 20260619800985...
Downloading [34/406] 20260619800989...
Downloading [35/406] 20260619900978...
Downloading [36/406] 20260619900968...
Downloading [37/406] 20260619800974...
Downloading [38/406] 20260619900979...
Downloading [39/406] 20260619800971...
Downloading [40/406] 20260619600970...
Downloading [41/406] 20260619800957...
Downloading [42/406] 20260619800976...
Downloading [43/406] 20260619000654...
Downloading [44/406] 20260619900969...
Downloading [45/406] 20260619900919...
[20260619900919] API Response (not zip): <?xml version="1.0" encoding="UTF-8" standalone="yes"?><result><status>014</status><message>파일이 존재하지 않습니다.</message></result>
Downloading [46/406] 20260619900967...
Downloading [47/406] 20260619000645...
Downloading [48/406] 20260619900965...
Downloading [49/406] 20260619000643...
Downloading [50/406] 20260619800963...
Downloading [51/406] 20260619900960...
Downloading [52/406] 20260619900952...
Downloading [66/406] 20260619100004...
[20260619100004] API Response (not zip): <?xml version="1.0" encoding="UTF-8" standalone="yes"?><result><status>014</status><message>파일이 존재하지 않습니다.</message></result>
Downloading [69/406] 20260619900823...
Download complete: 47 downloaded, 352 skipped, 7 failed.
Starting DART data collection for: 20260619
Successfully saved 407 filtered disclosures to /home/inhyuk/projects/dataScout/data_dart/20260619/disclosures.json
Starting download of disclosure documents...
Downloading [1/407] 20260619801070...
[20260619801070] API Response (not zip): <?xml version="1.0" encoding="UTF-8" standalone="yes"?><result><status>014</status><message>파일이 존재하지 않습니다.</message></result>
Downloading [2/407] 20260619901068...
Downloading [3/407] 20260619901065...
Downloading [4/407] 20260619901064...
Downloading [5/407] 20260619901053...
Downloading [6/407] 20260619901012...
Downloading [46/407] 20260619900919...
[20260619900919] API Response (not zip): <?xml version="1.0" encoding="UTF-8" standalone="yes"?><result><status>014</status><message>파일이 존재하지 않습니다.</message></result>
Downloading [67/407] 20260619100004...
[20260619100004] API Response (not zip): <?xml version="1.0" encoding="UTF-8" standalone="yes"?><result><status>014</status><message>파일이 존재하지 않습니다.</message></result>
Download complete: 5 downloaded, 399 skipped, 3 failed.
Starting DART data collection for: 20260619
Successfully saved 407 filtered disclosures to /home/inhyuk/projects/dataScout/data_dart/20260619/disclosures.json
Starting download of disclosure documents...
Downloading [1/407] 20260619801070...
Downloading [46/407] 20260619900919...
[20260619900919] API Response (not zip): <?xml version="1.0" encoding="UTF-8" standalone="yes"?><result><status>014</status><message>파일이 존재하지 않습니다.</message></result>
Downloading [67/407] 20260619100004...
[20260619100004] API Response (not zip): <?xml version="1.0" encoding="UTF-8" standalone="yes"?><result><status>014</status><message>파일이 존재하지 않습니다.</message></result>
Download complete: 1 downloaded, 404 skipped, 2 failed.
Starting DART data collection for: 20260619
Successfully saved 407 filtered disclosures to /home/inhyuk/projects/dataScout/data_dart/20260619/disclosures.json
Starting download of disclosure documents...
Downloading [46/407] 20260619900919...
[20260619900919] API Response (not zip): <?xml version="1.0" encoding="UTF-8" standalone="yes"?><result><status>014</status><message>파일이 존재하지 않습니다.</message></result>
Downloading [67/407] 20260619100004...
[20260619100004] API Response (not zip): <?xml version="1.0" encoding="UTF-8" standalone="yes"?><result><status>014</status><message>파일이 존재하지 않습니다.</message></result>
Download complete: 0 downloaded, 405 skipped, 2 failed.
Starting DART data collection for: 20260619
Successfully saved 407 filtered disclosures to /home/inhyuk/projects/dataScout/data_dart/20260619/disclosures.json
Starting download of disclosure documents...
Downloading [46/407] 20260619900919...
[20260619900919] API Response (not zip): <?xml version="1.0" encoding="UTF-8" standalone="yes"?><result><status>014</status><message>파일이 존재하지 않습니다.</message></result>
Downloading [67/407] 20260619100004...
[20260619100004] API Response (not zip): <?xml version="1.0" encoding="UTF-8" standalone="yes"?><result><status>014</status><message>파일이 존재하지 않습니다.</message></result>
Download complete: 0 downloaded, 405 skipped, 2 failed.
