=================================================================
 DART Periodic Run: Thu Jul  2 09:00:01 AM KST 2026
=================================================================
Step 1: Collecting new DART disclosures...
  [IMPORTANT] [삼성에스디에스] 임원ㆍ주요주주특정증권등소유상황보고서
  [IMPORTANT] [노머스] 주식등의대량보유상황보고서(일반)
  [IMPORTANT] [피엔에이치테크] 임원ㆍ주요주주특정증권등소유상황보고서
  [     MUST] [푸드나무] 주요사항보고서(유상증자결정)
Download complete: 6 new, 0 existing, 0 failed, 7 skipped (not important)
Step 2: Building Excel and uploading to Telegram...
[2026-07-02 09:00:13,764] INFO - Filtered 2591 merged amendment disclosures.
[2026-07-02 09:03:51,887] INFO - Excel file built successfully: /home/inhyuk/projects/dataScout/data_dart/dart_disclosures_summary_20260702.xlsx
[2026-07-02 09:03:51,906] INFO - Uploading Excel to Telegram...
[2026-07-02 09:03:56,709] INFO - Telegram document sent successfully to chat -1003843549676
[2026-07-02 09:03:56,709] INFO - Excel successfully uploaded to Telegram.
=================================================================
 DART Periodic Run Completed: Thu Jul  2 09:03:57 AM KST 2026
=================================================================
=================================================================
 DART Periodic Run: Thu Jul  2 09:30:01 AM KST 2026
=================================================================
Step 1: Collecting new DART disclosures...
  [IMPORTANT] [대양전기공업] 임원ㆍ주요주주특정증권등소유상황보고서
  [IMPORTANT] [명문제약] 임원ㆍ주요주주특정증권등소유상황보고서
  [IMPORTANT] [코스맥스엔비티] 임원ㆍ주요주주특정증권등소유상황보고서
  [IMPORTANT] [코스맥스엔비티] 임원ㆍ주요주주특정증권등소유상황보고서
Download complete: 12 new, 6 existing, 1 failed, 16 skipped (not important)
Step 2: Building Excel and uploading to Telegram...
[2026-07-02 09:30:14,919] INFO - Filtered 2592 merged amendment disclosures.
[2026-07-02 09:33:55,068] INFO - Excel file built successfully: /home/inhyuk/projects/dataScout/data_dart/dart_disclosures_summary_20260702.xlsx
[2026-07-02 09:33:55,087] INFO - Uploading Excel to Telegram...
[2026-07-02 09:33:59,670] INFO - Telegram document sent successfully to chat -1003843549676
[2026-07-02 09:33:59,670] INFO - Excel successfully uploaded to Telegram.
=================================================================
 DART Periodic Run Completed: Thu Jul  2 09:34:00 AM KST 2026
=================================================================
=================================================================
 DART Periodic Run: Thu Jul  2 10:00:01 AM KST 2026
=================================================================
Step 1: Collecting new DART disclosures...
  [     MUST] [자이에스앤디] 단일판매ㆍ공급계약체결              
  [IMPORTANT] [DKME] 주식등의대량보유상황보고서(약식)
  [IMPORTANT] [로지시스] 임원ㆍ주요주주특정증권등소유상황보고서
  [     MUST] [제이티] 단일판매ㆍ공급계약체결              
Download complete: 7 new, 18 existing, 1 failed, 24 skipped (not important)
Step 2: Building Excel and uploading to Telegram...
[2026-07-02 10:00:14,963] INFO - Filtered 2592 merged amendment disclosures.
[2026-07-02 10:04:02,347] INFO - Excel file built successfully: /home/inhyuk/projects/dataScout/data_dart/dart_disclosures_summary_20260702.xlsx
[2026-07-02 10:04:02,365] INFO - Uploading Excel to Telegram...
[2026-07-02 10:04:06,486] INFO - Telegram document sent successfully to chat -1003843549676
[2026-07-02 10:04:06,486] INFO - Excel successfully uploaded to Telegram.
=================================================================
 DART Periodic Run Completed: Thu Jul  2 10:04:06 AM KST 2026
=================================================================
=================================================================
 DART Periodic Run: Thu Jul  2 10:30:01 AM KST 2026
=================================================================
Step 1: Collecting new DART disclosures...
  [IMPORTANT] [코퍼스코리아] 주식등의대량보유상황보고서(일반)
  [     MUST] [삼성중공업] 단일판매ㆍ공급계약체결              
  [IMPORTANT] [나우IB] 임원ㆍ주요주주특정증권등소유상황보고서
  [IMPORTANT] [엔젯] 임원ㆍ주요주주특정증권등소유상황보고서
Download complete: 8 new, 25 existing, 0 failed, 32 skipped (not important)
Step 2: Building Excel and uploading to Telegram...
[2026-07-02 10:30:13,777] INFO - Filtered 2592 merged amendment disclosures.
[2026-07-02 10:36:30,168] INFO - Excel file built successfully: /home/inhyuk/projects/dataScout/data_dart/dart_disclosures_summary_20260702.xlsx
[2026-07-02 10:36:30,186] INFO - Uploading Excel to Telegram...
[2026-07-02 10:36:34,848] INFO - Telegram document sent successfully to chat -1003843549676
[2026-07-02 10:36:34,848] INFO - Excel successfully uploaded to Telegram.
=================================================================
 DART Periodic Run Completed: Thu Jul  2 10:36:35 AM KST 2026
=================================================================
=================================================================
 DART Periodic Run: Thu Jul  2 11:00:01 AM KST 2026
=================================================================
Step 1: Collecting new DART disclosures...
  [IMPORTANT] [CJ] 임원ㆍ주요주주특정증권등소유상황보고서
  [IMPORTANT] [동아쏘시오홀딩스] 임원ㆍ주요주주특정증권등소유상황보고서
  [     MUST] [바이오비쥬] 주식소각결정              
  [IMPORTANT] [청담글로벌] 임원ㆍ주요주주특정증권등소유상황보고서
Download complete: 8 new, 33 existing, 6 failed, 40 skipped (not important)
Step 2: Building Excel and uploading to Telegram...
[2026-07-02 11:00:16,692] INFO - Filtered 2592 merged amendment disclosures.
[2026-07-02 11:04:35,033] INFO - Excel file built successfully: /home/inhyuk/projects/dataScout/data_dart/dart_disclosures_summary_20260702.xlsx
[2026-07-02 11:04:35,052] INFO - Uploading Excel to Telegram...
[2026-07-02 11:04:39,802] INFO - Telegram document sent successfully to chat -1003843549676
[2026-07-02 11:04:39,802] INFO - Excel successfully uploaded to Telegram.
=================================================================
 DART Periodic Run Completed: Thu Jul  2 11:04:40 AM KST 2026
=================================================================
=================================================================
 DART Periodic Run: Thu Jul  2 11:30:01 AM KST 2026
=================================================================
Step 1: Collecting new DART disclosures...
  [IMPORTANT] [대한유화] 임원ㆍ주요주주특정증권등소유상황보고서
  [IMPORTANT] [넥스틸] 주식등의대량보유상황보고서(약식)
  [IMPORTANT] [LS] 임원ㆍ주요주주특정증권등소유상황보고서
  [IMPORTANT] [신세계] 임원ㆍ주요주주특정증권등소유상황보고서
Download complete: 17 new, 41 existing, 6 failed, 44 skipped (not important)
Step 2: Building Excel and uploading to Telegram...
[2026-07-02 11:30:17,900] INFO - Filtered 2592 merged amendment disclosures.
[2026-07-02 11:34:06,521] INFO - Excel file built successfully: /home/inhyuk/projects/dataScout/data_dart/dart_disclosures_summary_20260702.xlsx
[2026-07-02 11:34:06,540] INFO - Uploading Excel to Telegram...
[2026-07-02 11:34:10,715] INFO - Telegram document sent successfully to chat -1003843549676
[2026-07-02 11:34:10,715] INFO - Excel successfully uploaded to Telegram.
=================================================================
 DART Periodic Run Completed: Thu Jul  2 11:34:11 AM KST 2026
=================================================================
=================================================================
 DART Periodic Run: Thu Jul  2 12:00:01 PM KST 2026
=================================================================
Step 1: Collecting new DART disclosures...
  [     MUST] [KCC건설] 단일판매ㆍ공급계약체결              
  [     MUST] [케이쓰리아이] [기재정정]단일판매ㆍ공급계약체결(자율공시)              
  [IMPORTANT] [티엘비] [기재정정]주요사항보고서(유무상증자결정)
  [IMPORTANT] [에이치케이] 주식등의대량보유상황보고서(일반)
Download complete: 12 new, 58 existing, 1 failed, 50 skipped (not important)
Step 2: Building Excel and uploading to Telegram...
[2026-07-02 12:00:16,066] INFO - Filtered 2593 merged amendment disclosures.
[2026-07-02 12:03:59,511] INFO - Excel file built successfully: /home/inhyuk/projects/dataScout/data_dart/dart_disclosures_summary_20260702.xlsx
[2026-07-02 12:03:59,531] INFO - Uploading Excel to Telegram...
[2026-07-02 12:04:03,884] INFO - Telegram document sent successfully to chat -1003843549676
[2026-07-02 12:04:03,884] INFO - Excel successfully uploaded to Telegram.
=================================================================
 DART Periodic Run Completed: Thu Jul  2 12:04:04 PM KST 2026
=================================================================
=================================================================
 DART Periodic Run: Thu Jul  2 12:30:01 PM KST 2026
=================================================================
Step 1: Collecting new DART disclosures...
[20260702000189] API Response (not zip): <?xml version="1.0" encoding="UTF-8" standalone="yes"?><result><status>014</status><message>파일이 존재하지 않습니다.</message></result>
  [IMPORTANT] [진매트릭스] 임원ㆍ주요주주특정증권등소유상황보고서
  [IMPORTANT] [오성첨단소재] 주요사항보고서(자기주식취득신탁계약체결결정)
  [IMPORTANT] [에이프로젠] 타법인주식및출자증권취득결정(자회사의 주요경영사항)              
Download complete: 3 new, 70 existing, 1 failed, 53 skipped (not important)
Step 2: Building Excel and uploading to Telegram...
[2026-07-02 12:30:13,733] INFO - Filtered 2593 merged amendment disclosures.
[2026-07-02 12:33:54,542] INFO - Excel file built successfully: /home/inhyuk/projects/dataScout/data_dart/dart_disclosures_summary_20260702.xlsx
[2026-07-02 12:33:54,561] INFO - Uploading Excel to Telegram...
[2026-07-02 12:33:58,585] INFO - Telegram document sent successfully to chat -1003843549676
[2026-07-02 12:33:58,585] INFO - Excel successfully uploaded to Telegram.
=================================================================
 DART Periodic Run Completed: Thu Jul  2 12:33:58 PM KST 2026
=================================================================
=================================================================
 DART Periodic Run: Thu Jul  2 01:00:01 PM KST 2026
=================================================================
Step 1: Collecting new DART disclosures...
Successfully saved 130 filtered disclosures to /home/inhyuk/projects/dataScout/data_dart/20260702/disclosures.json
Starting selective download of important disclosure documents...
  [IMPORTANT] [휴젤] [기재정정]주식등의대량보유상황보고서(일반)
  [IMPORTANT] [선광] 임원ㆍ주요주주특정증권등소유상황보고서
Download complete: 2 new, 73 existing, 0 failed, 55 skipped (not important)
Step 2: Building Excel and uploading to Telegram...
[2026-07-02 13:00:13,515] INFO - Filtered 2594 merged amendment disclosures.
[2026-07-02 13:04:10,241] INFO - Excel file built successfully: /home/inhyuk/projects/dataScout/data_dart/dart_disclosures_summary_20260702.xlsx
[2026-07-02 13:04:10,261] INFO - Uploading Excel to Telegram...
[2026-07-02 13:04:14,357] INFO - Telegram document sent successfully to chat -1003843549676
[2026-07-02 13:04:14,358] INFO - Excel successfully uploaded to Telegram.
=================================================================
 DART Periodic Run Completed: Thu Jul  2 01:04:14 PM KST 2026
=================================================================
=================================================================
 DART Periodic Run: Thu Jul  2 01:30:01 PM KST 2026
=================================================================
Step 1: Collecting new DART disclosures...
  [IMPORTANT] [엔케이] 임원ㆍ주요주주특정증권등소유상황보고서
[20260702000212] API Response (not zip): <?xml version="1.0" encoding="UTF-8" standalone="yes"?><result><status>014</status><message>파일이 존재하지 않습니다.</message></result>
  [IMPORTANT] [달바글로벌] 임원ㆍ주요주주특정증권등소유상황보고서
  [IMPORTANT] [휴젤] [기재정정]주식등의대량보유상황보고서(일반)
Download complete: 2 new, 75 existing, 3 failed, 59 skipped (not important)
Step 2: Building Excel and uploading to Telegram...
[2026-07-02 13:30:15,190] INFO - Filtered 2618 merged amendment disclosures.
[2026-07-02 13:35:04,292] INFO - Excel file built successfully: /home/inhyuk/projects/dataScout/data_dart/dart_disclosures_summary_20260702.xlsx
[2026-07-02 13:35:04,312] INFO - Uploading Excel to Telegram...
[2026-07-02 13:35:11,409] INFO - Telegram document sent successfully to chat -1003843549676
[2026-07-02 13:35:11,409] INFO - Excel successfully uploaded to Telegram.
=================================================================
 DART Periodic Run Completed: Thu Jul  2 01:35:11 PM KST 2026
=================================================================
=================================================================
 DART Periodic Run: Thu Jul  2 02:00:01 PM KST 2026
=================================================================
Step 1: Collecting new DART disclosures...
  [     MUST] [AP위성] [기재정정]단일판매ㆍ공급계약체결              
  [IMPORTANT] [윌비스] 임원ㆍ주요주주특정증권등소유상황보고서
  [IMPORTANT] [윌비스] 임원ㆍ주요주주특정증권등소유상황보고서
  [IMPORTANT] [엔케이] 임원ㆍ주요주주특정증권등소유상황보고서
Download complete: 5 new, 77 existing, 4 failed, 66 skipped (not important)
Step 2: Building Excel and uploading to Telegram...
[2026-07-02 14:00:32,006] INFO - Filtered 2668 merged amendment disclosures.
[2026-07-02 14:08:19,484] INFO - Excel file built successfully: /home/inhyuk/projects/dataScout/data_dart/dart_disclosures_summary_20260702.xlsx
[2026-07-02 14:08:19,509] INFO - Uploading Excel to Telegram...
[2026-07-02 14:08:23,718] INFO - Telegram document sent successfully to chat -1003843549676
[2026-07-02 14:08:23,718] INFO - Excel successfully uploaded to Telegram.
=================================================================
 DART Periodic Run Completed: Thu Jul  2 02:08:24 PM KST 2026
=================================================================
=================================================================
 DART Periodic Run: Thu Jul  2 02:30:01 PM KST 2026
=================================================================
Step 1: Collecting new DART disclosures...
  [IMPORTANT] [RF머트리얼즈] 임원ㆍ주요주주특정증권등소유상황보고서
  [IMPORTANT] [삼성증권] 임원ㆍ주요주주특정증권등소유상황보고서
  [IMPORTANT] [RF머트리얼즈] 임원ㆍ주요주주특정증권등소유상황보고서
  [IMPORTANT] [한솔케미칼] 임원ㆍ주요주주특정증권등소유상황보고서
Download complete: 11 new, 86 existing, 10 failed, 71 skipped (not important)
Step 2: Building Excel and uploading to Telegram...
[2026-07-02 14:30:35,901] INFO - Filtered 2742 merged amendment disclosures.
[2026-07-02 14:42:05,950] INFO - Excel file built successfully: /home/inhyuk/projects/dataScout/data_dart/dart_disclosures_summary_20260702.xlsx
[2026-07-02 14:42:05,980] INFO - Uploading Excel to Telegram...
[2026-07-02 14:42:16,782] INFO - Telegram document sent successfully to chat -1003843549676
[2026-07-02 14:42:16,783] INFO - Excel successfully uploaded to Telegram.
=================================================================
 DART Periodic Run Completed: Thu Jul  2 02:42:17 PM KST 2026
=================================================================
=================================================================
 DART Periodic Run: Thu Jul  2 03:00:01 PM KST 2026
=================================================================
Step 1: Collecting new DART disclosures...
  [IMPORTANT] [현대건설] 임원ㆍ주요주주특정증권등소유상황보고서
  [IMPORTANT] [한미사이언스] 임원ㆍ주요주주특정증권등소유상황보고서
  [IMPORTANT] [RF머트리얼즈] 주식등의대량보유상황보고서(일반)
  [IMPORTANT] [현대백화점] 임원ㆍ주요주주특정증권등소유상황보고서
Download complete: 14 new, 97 existing, 9 failed, 86 skipped (not important)
Step 2: Building Excel and uploading to Telegram...
[2026-07-02 15:00:21,898] INFO - Filtered 2742 merged amendment disclosures.
[2026-07-02 15:12:06,890] INFO - Excel file built successfully: /home/inhyuk/projects/dataScout/data_dart/dart_disclosures_summary_20260702.xlsx
[2026-07-02 15:12:06,920] INFO - Uploading Excel to Telegram...
[2026-07-02 15:12:11,550] INFO - Telegram document sent successfully to chat -1003843549676
[2026-07-02 15:12:11,551] INFO - Excel successfully uploaded to Telegram.
=================================================================
 DART Periodic Run Completed: Thu Jul  2 03:12:12 PM KST 2026
=================================================================
=================================================================
 DART Periodic Run: Thu Jul  2 03:30:01 PM KST 2026
=================================================================
Step 1: Collecting new DART disclosures...
  [IMPORTANT] [코오롱인더] 임원ㆍ주요주주특정증권등소유상황보고서
  [IMPORTANT] [삼성에스디에스] 임원ㆍ주요주주특정증권등소유상황보고서
  [IMPORTANT] [휴젤] [기재정정]주식등의대량보유상황보고서(일반)
  [IMPORTANT] [센코] 주식등의대량보유상황보고서(일반)
Download complete: 12 new, 111 existing, 6 failed, 102 skipped (not important)
Step 2: Building Excel and uploading to Telegram...
[2026-07-02 15:30:19,254] INFO - Filtered 2742 merged amendment disclosures.
[2026-07-02 15:41:11,821] INFO - Excel file built successfully: /home/inhyuk/projects/dataScout/data_dart/dart_disclosures_summary_20260702.xlsx
[2026-07-02 15:41:11,851] INFO - Uploading Excel to Telegram...
[2026-07-02 15:41:21,370] INFO - Telegram document sent successfully to chat -1003843549676
[2026-07-02 15:41:21,370] INFO - Excel successfully uploaded to Telegram.
=================================================================
 DART Periodic Run Completed: Thu Jul  2 03:41:21 PM KST 2026
=================================================================
=================================================================
 DART Periodic Run: Thu Jul  2 04:00:01 PM KST 2026
=================================================================
Step 1: Collecting new DART disclosures...
  [IMPORTANT] [제테마] [기재정정]임원ㆍ주요주주특정증권등소유상황보고서
  [IMPORTANT] [삼성에스디에스] 임원ㆍ주요주주특정증권등소유상황보고서
  [     MUST] [케이옥션] 주요사항보고서(자기주식취득결정)
  [IMPORTANT] [JW중외제약] 주식등의대량보유상황보고서(일반)
Download complete: 14 new, 123 existing, 28 failed, 121 skipped (not important)
Step 2: Building Excel and uploading to Telegram...
[2026-07-02 16:01:10,252] INFO - Merging amendment 20260702000204 into original 20260624000370
[2026-07-02 16:01:10,255] INFO - Merging amendment 20260702000193 into original 20260702000204
[2026-07-02 16:01:10,257] INFO - Merging amendment 20260702800263 into original 20260625800801
[2026-07-02 16:01:10,259] INFO - Merging amendment 20260702000050 into original 20260701000669
[2026-07-02 16:01:10,261] INFO - Filtered 2779 merged amendment disclosures.
=================================================================
 DART Periodic Run Completed: Thu Jul  2 04:13:32 PM KST 2026
=================================================================
=================================================================
 DART Periodic Run: Thu Jul  2 04:30:01 PM KST 2026
=================================================================
Step 1: Collecting new DART disclosures...
  [IMPORTANT] [디어유] 주식등의대량보유상황보고서(일반)
  [IMPORTANT] [IPARK현대산업개발] 임원ㆍ주요주주특정증권등소유상황보고서
  [IMPORTANT] [에이루트] 임원ㆍ주요주주특정증권등소유상황보고서
  [IMPORTANT] [HL만도] 임원ㆍ주요주주특정증권등소유상황보고서
Download complete: 35 new, 134 existing, 33 failed, 144 skipped (not important)
Step 2: Building Excel and uploading to Telegram...
[2026-07-02 16:31:27,155] INFO - Filtered 3015 merged amendment disclosures.
[2026-07-02 16:48:24,440] INFO - Excel file built successfully: /home/inhyuk/projects/dataScout/data_dart/dart_disclosures_summary_20260702.xlsx
[2026-07-02 16:48:24,483] INFO - Uploading Excel to Telegram...
[2026-07-02 16:48:29,073] INFO - Telegram document sent successfully to chat -1003843549676
[2026-07-02 16:48:29,073] INFO - Excel successfully uploaded to Telegram.
=================================================================
 DART Periodic Run Completed: Thu Jul  2 04:48:29 PM KST 2026
=================================================================
=================================================================
 DART Periodic Run: Thu Jul  2 05:00:01 PM KST 2026
=================================================================
Step 1: Collecting new DART disclosures...
  [IMPORTANT] [웰크론한텍] 임원ㆍ주요주주특정증권등소유상황보고서
  [IMPORTANT] [다보링크] 주식등의대량보유상황보고서(일반)
  [IMPORTANT] [아셈스] 주식등의대량보유상황보고서(일반)
  [IMPORTANT] [인터엠] 임원ㆍ주요주주특정증권등소유상황보고서
Download complete: 23 new, 115 existing, 42 failed, 122 skipped (not important)
Step 2: Building Excel and uploading to Telegram...
[2026-07-02 17:02:09,004] INFO - Filtered 3309 merged amendment disclosures.
[2026-07-02 17:19:02,456] INFO - Excel file built successfully: /home/inhyuk/projects/dataScout/data_dart/dart_disclosures_summary_20260702.xlsx
[2026-07-02 17:19:02,498] INFO - Uploading Excel to Telegram...
[2026-07-02 17:19:07,324] INFO - Telegram document sent successfully to chat -1003843549676
[2026-07-02 17:19:07,324] INFO - Excel successfully uploaded to Telegram.
=================================================================
 DART Periodic Run Completed: Thu Jul  2 05:19:07 PM KST 2026
=================================================================
=================================================================
 DART Periodic Run: Thu Jul  2 05:30:01 PM KST 2026
=================================================================
Step 1: Collecting new DART disclosures...
  [IMPORTANT] [대동기어] 임원ㆍ주요주주특정증권등소유상황보고서
  [IMPORTANT] [모티브링크] 최대주주변경을수반하는주식양수도계약체결              
  [IMPORTANT] [앤로보틱스] 주식등의대량보유상황보고서(일반)
  [IMPORTANT] [한스바이오메드] 주식등의대량보유상황보고서(약식)
Download complete: 43 new, 195 existing, 13 failed, 178 skipped (not important)
Step 2: Building Excel and uploading to Telegram...
[2026-07-02 17:31:58,729] INFO - Filtered 3388 merged amendment disclosures.
[2026-07-02 17:49:06,619] INFO - Excel file built successfully: /home/inhyuk/projects/dataScout/data_dart/dart_disclosures_summary_20260702.xlsx
[2026-07-02 17:49:06,667] INFO - Uploading Excel to Telegram...
[2026-07-02 17:49:11,380] INFO - Telegram document sent successfully to chat -1003843549676
[2026-07-02 17:49:11,380] INFO - Excel successfully uploaded to Telegram.
=================================================================
 DART Periodic Run Completed: Thu Jul  2 05:49:11 PM KST 2026
=================================================================
=================================================================
 DART Periodic Run: Thu Jul  2 06:00:01 PM KST 2026
=================================================================
Step 1: Collecting new DART disclosures...
  [IMPORTANT] [LX홀딩스] 주식등의대량보유상황보고서(약식)
  [IMPORTANT] [유한양행] 임원ㆍ주요주주특정증권등소유상황보고서
  [IMPORTANT] [E8] 임원ㆍ주요주주특정증권등소유상황보고서
  [IMPORTANT] [인터엠] 주식등의대량보유상황보고서(일반)
Download complete: 13 new, 238 existing, 24 failed, 194 skipped (not important)
Step 2: Building Excel and uploading to Telegram...
[2026-07-02 18:01:55,849] INFO - Filtered 3736 merged amendment disclosures.
[2026-07-02 18:20:16,550] INFO - Excel file built successfully: /home/inhyuk/projects/dataScout/data_dart/dart_disclosures_summary_20260702.xlsx
[2026-07-02 18:20:16,602] INFO - Uploading Excel to Telegram...
[2026-07-02 18:20:21,580] INFO - Telegram document sent successfully to chat -1003843549676
[2026-07-02 18:20:21,580] INFO - Excel successfully uploaded to Telegram.
=================================================================
 DART Periodic Run Completed: Thu Jul  2 06:20:22 PM KST 2026
=================================================================
=================================================================
 DART Periodic Run: Thu Jul  2 06:30:01 PM KST 2026
=================================================================
Step 1: Collecting new DART disclosures...
Starting DART data collection for: 20260702
Request failed: HTTPSConnectionPool(host='opendart.fss.or.kr', port=443): Read timed out. (read timeout=10)
Step 2: Building Excel and uploading to Telegram...
[2026-07-02 18:32:48,416] INFO - Merging amendment 20260702000204 into original 20260624000370
[2026-07-02 18:32:48,421] INFO - Merging amendment 20260702000193 into original 20260702000204
[2026-07-02 18:32:48,427] INFO - Merging amendment 20260702800263 into original 20260625800801
[2026-07-02 18:32:48,433] INFO - Merging amendment 20260702000050 into original 20260701000669
[2026-07-02 18:32:48,436] INFO - Filtered 4332 merged amendment disclosures.
=================================================================
 DART Periodic Run Completed: Thu Jul  2 06:46:57 PM KST 2026
=================================================================
