Total dates to process: 171 (from 20260620 down to 20260101)
[20260620] Fetching disclosure list from Open DART...
[20260619] Downloading 2 missing HTML documents...
[20260619] Downloaded 0/2 documents. (Total API calls: 3)
[20260618] Downloading 5 missing HTML documents...
[20260618] Downloaded 0/5 documents. (Total API calls: 8)
[20260617] Downloading 3 missing HTML documents...
[20260617] Downloaded 0/3 documents. (Total API calls: 11)
[20260616] Downloading 7 missing HTML documents...
[20260616] Downloaded 0/7 documents. (Total API calls: 18)
[20260615] Downloading 1 missing HTML documents...
[20260615] Downloaded 0/1 documents. (Total API calls: 19)
[20260614] Fetching disclosure list from Open DART...
[20260613] Fetching disclosure list from Open DART...
[20260612] Downloading 7 missing HTML documents...
[20260612] Downloaded 0/7 documents. (Total API calls: 28)
[20260611] Downloading 6 missing HTML documents...
[20260611] Downloaded 0/6 documents. (Total API calls: 34)
[20260610] Downloading 3 missing HTML documents...
[20260610] Downloaded 0/3 documents. (Total API calls: 37)
[20260609] Downloading 1 missing HTML documents...
[20260609] Downloaded 0/1 documents. (Total API calls: 38)
[20260608] Downloading 6 missing HTML documents...
[20260608] Downloaded 0/6 documents. (Total API calls: 44)
[20260607] Fetching disclosure list from Open DART...
[20260606] Fetching disclosure list from Open DART...
[20260605] Downloading 8 missing HTML documents...
[20260605] Downloaded 0/8 documents. (Total API calls: 54)
[20260604] Downloading 4 missing HTML documents...
[20260604] Downloaded 0/4 documents. (Total API calls: 58)
[20260603] Fetching disclosure list from Open DART...
[20260602] Downloading 4 missing HTML documents...
[20260602] Downloaded 0/4 documents. (Total API calls: 63)
[20260601] Downloading 5 missing HTML documents...
[20260601] Downloaded 0/5 documents. (Total API calls: 68)
[20260531] Fetching disclosure list from Open DART...
[20260530] Fetching disclosure list from Open DART...
[20260529] Downloading 4 missing HTML documents...
[20260529] Downloaded 0/4 documents. (Total API calls: 74)
[20260528] Downloading 8 missing HTML documents...
[20260528] Downloaded 0/8 documents. (Total API calls: 82)
[20260527] Downloading 5 missing HTML documents...
[20260527] Downloaded 0/5 documents. (Total API calls: 87)
[20260526] Downloading 5 missing HTML documents...
[20260526] Downloaded 0/5 documents. (Total API calls: 92)
[20260525] Fetching disclosure list from Open DART...
[20260524] Fetching disclosure list from Open DART...
[20260523] Fetching disclosure list from Open DART...
[20260522] Downloading 3 missing HTML documents...
[20260522] Downloaded 0/3 documents. (Total API calls: 98)
[20260521] Downloading 7 missing HTML documents...
[20260521] Downloaded 0/7 documents. (Total API calls: 105)
[20260520] Downloading 5 missing HTML documents...
[20260520] Downloaded 0/5 documents. (Total API calls: 110)
[20260517] Fetching disclosure list from Open DART...
[20260516] Fetching disclosure list from Open DART...
[20260510] Fetching disclosure list from Open DART...
[20260509] Fetching disclosure list from Open DART...
[20260505] Fetching disclosure list from Open DART...
[20260503] Fetching disclosure list from Open DART...
[20260502] Fetching disclosure list from Open DART...
[20260501] Fetching disclosure list from Open DART...
[20260426] Fetching disclosure list from Open DART...
[20260425] Fetching disclosure list from Open DART...
[20260419] Fetching disclosure list from Open DART...
[20260418] Fetching disclosure list from Open DART...
[20260416] Fetching disclosure list from Open DART...
[20260416] Saved 309 filtered disclosures.
[20260416] Downloading 309 missing HTML documents...
[20260416] Downloaded 299/309 documents. (Total API calls: 432)
[20260412] Fetching disclosure list from Open DART...
[20260411] Fetching disclosure list from Open DART...
[20260405] Fetching disclosure list from Open DART...
[20260404] Fetching disclosure list from Open DART...
[20260404] Request failed: HTTPSConnectionPool(host='opendart.fss.or.kr', port=443): Read timed out. (read timeout=10)
[20260329] Fetching disclosure list from Open DART...
[20260328] Fetching disclosure list from Open DART...
[20260322] Fetching disclosure list from Open DART...
[20260322] Request failed: HTTPSConnectionPool(host='opendart.fss.or.kr', port=443): Read timed out. (read timeout=10)
[20260321] Fetching disclosure list from Open DART...
[20260317] Downloading 7 missing HTML documents...
[20260317] Downloaded 7/7 documents. (Total API calls: 447)
[20260316] Downloading 358 missing HTML documents...
[20260316] Downloaded 351/358 documents. (Total API calls: 805)
[20260315] Fetching disclosure list from Open DART...
[20260314] Fetching disclosure list from Open DART...
[20260313] Fetching disclosure list from Open DART...
[20260313] Request failed: HTTPSConnectionPool(host='opendart.fss.or.kr', port=443): Read timed out. (read timeout=10)
[20260313] Saved 507 filtered disclosures.
[20260313] Downloading 507 missing HTML documents...
[20260313] Downloaded 483/507 documents. (Total API calls: 1315)
[20260312] Fetching disclosure list from Open DART...
[20260312] Saved 1847 filtered disclosures.
[20260312] Downloading 1847 missing HTML documents...
[20260312] Downloaded 1784/1847 documents. (Total API calls: 3163)
[20260311] Fetching disclosure list from Open DART...
[20260311] Saved 1976 filtered disclosures.
[20260311] Downloading 1976 missing HTML documents...
[20260311] Downloaded 1912/1976 documents. (Total API calls: 5140)
[20260310] Fetching disclosure list from Open DART...
[20260310] Request failed: HTTPSConnectionPool(host='opendart.fss.or.kr', port=443): Read timed out. (read timeout=10)
[20260309] Fetching disclosure list from Open DART...
[20260309] Request failed: HTTPSConnectionPool(host='opendart.fss.or.kr', port=443): Read timed out. (read timeout=10)
[20260309] Saved 263 filtered disclosures.
[20260309] Downloading 263 missing HTML documents...
[20260309] Downloaded 258/263 documents. (Total API calls: 5405)
[20260308] Fetching disclosure list from Open DART...
[20260307] Fetching disclosure list from Open DART...
[20260307] Request failed: HTTPSConnectionPool(host='opendart.fss.or.kr', port=443): Read timed out. (read timeout=10)
[20260306] Fetching disclosure list from Open DART...
[20260306] Saved 1096 filtered disclosures.
[20260306] Downloading 1096 missing HTML documents...
[20260306] Downloaded 1058/1096 documents. (Total API calls: 6504)
[20260305] Fetching disclosure list from Open DART...
[20260305] Request failed: HTTPSConnectionPool(host='opendart.fss.or.kr', port=443): Read timed out. (read timeout=10)
[20260305] Saved 433 filtered disclosures.
[20260305] Downloading 433 missing HTML documents...
[20260305] Downloaded 422/433 documents. (Total API calls: 6938)
[20260304] Fetching disclosure list from Open DART...
[20260304] Saved 896 filtered disclosures.
[20260304] Downloading 896 missing HTML documents...
[20260304] Downloaded 868/896 documents. (Total API calls: 7835)
[20260303] Fetching disclosure list from Open DART...
[20260303] Saved 717 filtered disclosures.
[20260303] Downloading 717 missing HTML documents...
[20260303] Downloaded 695/717 documents. (Total API calls: 8553)
[20260302] Fetching disclosure list from Open DART...
[20260301] Fetching disclosure list from Open DART...
[20260228] Fetching disclosure list from Open DART...
[20260225] Downloading 3 missing HTML documents...
[20260225] Downloaded 3/3 documents. (Total API calls: 8559)
[20260224] Downloading 5 missing HTML documents...
[20260224] Downloaded 5/5 documents. (Total API calls: 8564)
[20260222] Fetching disclosure list from Open DART...
[20260221] Fetching disclosure list from Open DART...
[20260218] Fetching disclosure list from Open DART...
[20260217] Fetching disclosure list from Open DART...
[20260216] Fetching disclosure list from Open DART...
[20260215] Fetching disclosure list from Open DART...
[20260214] Fetching disclosure list from Open DART...
[20260208] Fetching disclosure list from Open DART...
[20260207] Fetching disclosure list from Open DART...
[20260202] Fetching disclosure list from Open DART...
[20260202] Saved 1274 filtered disclosures.
[20260202] Downloading 1274 missing HTML documents...
Reached API limit warning buffer (9000 calls). Stopping downloads.
[20260202] Downloaded 418/1274 documents. (Total API calls: 9000)
Reached API limit warning buffer (9000 calls). Stopping batch collection for today.
Historical collection run finished. Total API calls in this run: 9000
Total dates to process: 172 (from 20260621 down to 20260101)
[20260621] Fetching disclosure list from Open DART...
[20260620] Fetching disclosure list from Open DART...
[20260619] Downloading 2 missing HTML documents...
[20260619] Downloaded 0/2 documents. (Total API calls: 4)
[20260618] Downloading 5 missing HTML documents...
[20260618] Downloaded 0/5 documents. (Total API calls: 9)
[20260617] Downloading 3 missing HTML documents...
[20260617] Downloaded 0/3 documents. (Total API calls: 12)
[20260616] Downloading 7 missing HTML documents...
[20260616] Downloaded 0/7 documents. (Total API calls: 19)
[20260615] Downloading 1 missing HTML documents...
[20260615] Downloaded 0/1 documents. (Total API calls: 20)
[20260614] Fetching disclosure list from Open DART...
[20260613] Fetching disclosure list from Open DART...
[20260612] Downloading 7 missing HTML documents...
[20260612] Downloaded 0/7 documents. (Total API calls: 29)
[20260611] Downloading 6 missing HTML documents...
[20260611] Downloaded 0/6 documents. (Total API calls: 35)
[20260610] Downloading 3 missing HTML documents...
[20260610] Downloaded 0/3 documents. (Total API calls: 38)
[20260609] Downloading 1 missing HTML documents...
[20260609] Downloaded 0/1 documents. (Total API calls: 39)
[20260608] Downloading 6 missing HTML documents...
[20260608] Downloaded 0/6 documents. (Total API calls: 45)
[20260607] Fetching disclosure list from Open DART...
[20260606] Fetching disclosure list from Open DART...
[20260605] Downloading 8 missing HTML documents...
[20260605] Downloaded 0/8 documents. (Total API calls: 55)
[20260604] Downloading 4 missing HTML documents...
[20260604] Downloaded 0/4 documents. (Total API calls: 59)
[20260603] Fetching disclosure list from Open DART...
[20260602] Downloading 4 missing HTML documents...
[20260602] Downloaded 0/4 documents. (Total API calls: 64)
[20260601] Downloading 5 missing HTML documents...
[20260601] Downloaded 0/5 documents. (Total API calls: 69)
[20260531] Fetching disclosure list from Open DART...
[20260530] Fetching disclosure list from Open DART...
[20260529] Downloading 4 missing HTML documents...
[20260529] Downloaded 0/4 documents. (Total API calls: 75)
[20260528] Downloading 8 missing HTML documents...
[20260528] Downloaded 0/8 documents. (Total API calls: 83)
[20260527] Downloading 5 missing HTML documents...
[20260527] Downloaded 0/5 documents. (Total API calls: 88)
[20260526] Downloading 5 missing HTML documents...
[20260526] Downloaded 0/5 documents. (Total API calls: 93)
[20260525] Fetching disclosure list from Open DART...
[20260524] Fetching disclosure list from Open DART...
[20260523] Fetching disclosure list from Open DART...
[20260522] Downloading 3 missing HTML documents...
[20260522] Downloaded 0/3 documents. (Total API calls: 99)
[20260521] Downloading 7 missing HTML documents...
[20260521] Downloaded 0/7 documents. (Total API calls: 106)
[20260520] Downloading 5 missing HTML documents...
[20260520] Downloaded 0/5 documents. (Total API calls: 111)
[20260517] Fetching disclosure list from Open DART...
[20260516] Fetching disclosure list from Open DART...
[20260510] Fetching disclosure list from Open DART...
[20260509] Fetching disclosure list from Open DART...
[20260505] Fetching disclosure list from Open DART...
[20260503] Fetching disclosure list from Open DART...
[20260502] Fetching disclosure list from Open DART...
[20260501] Fetching disclosure list from Open DART...
[20260426] Fetching disclosure list from Open DART...
[20260425] Fetching disclosure list from Open DART...
[20260419] Fetching disclosure list from Open DART...
[20260418] Fetching disclosure list from Open DART...
[20260416] Downloading 10 missing HTML documents...
[20260416] Downloaded 6/10 documents. (Total API calls: 133)
[20260412] Fetching disclosure list from Open DART...
[20260411] Fetching disclosure list from Open DART...
[20260405] Fetching disclosure list from Open DART...
[20260404] Fetching disclosure list from Open DART...
[20260329] Fetching disclosure list from Open DART...
[20260328] Fetching disclosure list from Open DART...
[20260322] Fetching disclosure list from Open DART...
[20260321] Fetching disclosure list from Open DART...
[20260316] Downloading 7 missing HTML documents...
[20260316] Downloaded 7/7 documents. (Total API calls: 148)
[20260315] Fetching disclosure list from Open DART...
[20260314] Fetching disclosure list from Open DART...
[20260313] Downloading 24 missing HTML documents...
[20260313] Downloaded 14/24 documents. (Total API calls: 174)
[20260312] Downloading 63 missing HTML documents...
[20260312] Downloaded 47/63 documents. (Total API calls: 237)
[20260311] Downloading 64 missing HTML documents...
[20260311] Downloaded 46/64 documents. (Total API calls: 301)
[20260310] Fetching disclosure list from Open DART...
[20260310] Saved 1268 filtered disclosures.
[20260310] Downloading 1268 missing HTML documents...
[20260310] Downloaded 1234/1268 documents. (Total API calls: 1570)
[20260309] Downloading 5 missing HTML documents...
[20260309] Downloaded 4/5 documents. (Total API calls: 1575)
[20260308] Fetching disclosure list from Open DART...
[20260307] Fetching disclosure list from Open DART...
[20260306] Downloading 38 missing HTML documents...
[20260306] Downloaded 30/38 documents. (Total API calls: 1615)
[20260305] Downloading 11 missing HTML documents...
[20260305] Downloaded 9/11 documents. (Total API calls: 1626)
[20260304] Downloading 28 missing HTML documents...
[20260304] Downloaded 23/28 documents. (Total API calls: 1654)
[20260303] Downloading 22 missing HTML documents...
[20260303] Downloaded 15/22 documents. (Total API calls: 1676)
[20260302] Fetching disclosure list from Open DART...
[20260301] Fetching disclosure list from Open DART...
[20260228] Fetching disclosure list from Open DART...
[20260222] Fetching disclosure list from Open DART...
[20260221] Fetching disclosure list from Open DART...
[20260218] Fetching disclosure list from Open DART...
[20260217] Fetching disclosure list from Open DART...
[20260216] Fetching disclosure list from Open DART...
[20260215] Fetching disclosure list from Open DART...
[20260214] Fetching disclosure list from Open DART...
[20260208] Fetching disclosure list from Open DART...
[20260207] Fetching disclosure list from Open DART...
[20260202] Downloading 856 missing HTML documents...
[20260202] Downloaded 836/856 documents. (Total API calls: 2544)
[20260201] Fetching disclosure list from Open DART...
[20260131] Fetching disclosure list from Open DART...
[20260129] Fetching disclosure list from Open DART...
[20260129] Request failed: HTTPSConnectionPool(host='opendart.fss.or.kr', port=443): Read timed out. (read timeout=10)
[20260129] Saved 498 filtered disclosures.
[20260129] Downloading 498 missing HTML documents...
[20260129] Downloaded 488/498 documents. (Total API calls: 3045)
[20260125] Fetching disclosure list from Open DART...
[20260124] Fetching disclosure list from Open DART...
[20260119] Fetching disclosure list from Open DART...
[20260119] Saved 280 filtered disclosures.
[20260119] Downloading 280 missing HTML documents...
[20260119] Downloaded 270/280 documents. (Total API calls: 3328)
[20260118] Fetching disclosure list from Open DART...
[20260117] Fetching disclosure list from Open DART...
[20260111] Fetching disclosure list from Open DART...
[20260110] Fetching disclosure list from Open DART...
[20260108] Downloading 1 missing HTML documents...
[20260108] Downloaded 0/1 documents. (Total API calls: 3333)
[20260104] Fetching disclosure list from Open DART...
[20260103] Fetching disclosure list from Open DART...
[20260101] Fetching disclosure list from Open DART...
Historical collection run finished. Total API calls in this run: 3336
Total dates to process: 173 (from 20260622 down to 20260101)
[20260622] Fetching disclosure list from Open DART...
[20260621] Fetching disclosure list from Open DART...
[20260620] Fetching disclosure list from Open DART...
[20260619] Downloading 2 missing HTML documents...
[20260619] Downloaded 0/2 documents. (Total API calls: 5)
[20260618] Downloading 5 missing HTML documents...
[20260618] Downloaded 0/5 documents. (Total API calls: 10)
[20260617] Downloading 3 missing HTML documents...
[20260617] Downloaded 0/3 documents. (Total API calls: 13)
[20260616] Downloading 7 missing HTML documents...
[20260616] Downloaded 0/7 documents. (Total API calls: 20)
[20260615] Downloading 1 missing HTML documents...
[20260615] Downloaded 0/1 documents. (Total API calls: 21)
[20260614] Fetching disclosure list from Open DART...
[20260613] Fetching disclosure list from Open DART...
[20260612] Downloading 7 missing HTML documents...
[20260612] Downloaded 0/7 documents. (Total API calls: 30)
[20260611] Downloading 6 missing HTML documents...
[20260611] Downloaded 0/6 documents. (Total API calls: 36)
[20260610] Downloading 3 missing HTML documents...
[20260610] Downloaded 0/3 documents. (Total API calls: 39)
[20260609] Downloading 1 missing HTML documents...
[20260609] Downloaded 0/1 documents. (Total API calls: 40)
[20260608] Downloading 6 missing HTML documents...
[20260608] Downloaded 0/6 documents. (Total API calls: 46)
[20260607] Fetching disclosure list from Open DART...
[20260606] Fetching disclosure list from Open DART...
[20260605] Downloading 8 missing HTML documents...
[20260605] Downloaded 0/8 documents. (Total API calls: 56)
[20260604] Downloading 4 missing HTML documents...
[20260604] Downloaded 0/4 documents. (Total API calls: 60)
[20260603] Fetching disclosure list from Open DART...
[20260602] Downloading 4 missing HTML documents...
[20260602] Downloaded 0/4 documents. (Total API calls: 65)
[20260601] Downloading 5 missing HTML documents...
[20260601] Downloaded 0/5 documents. (Total API calls: 70)
[20260531] Fetching disclosure list from Open DART...
[20260530] Fetching disclosure list from Open DART...
[20260529] Downloading 4 missing HTML documents...
[20260529] Downloaded 0/4 documents. (Total API calls: 76)
[20260528] Downloading 8 missing HTML documents...
[20260528] Downloaded 0/8 documents. (Total API calls: 84)
[20260527] Downloading 5 missing HTML documents...
[20260527] Downloaded 0/5 documents. (Total API calls: 89)
[20260526] Downloading 5 missing HTML documents...
[20260526] Downloaded 0/5 documents. (Total API calls: 94)
[20260525] Fetching disclosure list from Open DART...
[20260524] Fetching disclosure list from Open DART...
[20260523] Fetching disclosure list from Open DART...
[20260522] Downloading 3 missing HTML documents...
[20260522] Downloaded 0/3 documents. (Total API calls: 100)
[20260521] Downloading 7 missing HTML documents...
[20260521] Downloaded 0/7 documents. (Total API calls: 107)
[20260520] Downloading 5 missing HTML documents...
[20260520] Downloaded 0/5 documents. (Total API calls: 112)
[20260517] Fetching disclosure list from Open DART...
[20260516] Fetching disclosure list from Open DART...
[20260510] Fetching disclosure list from Open DART...
[20260509] Fetching disclosure list from Open DART...
[20260505] Fetching disclosure list from Open DART...
[20260503] Fetching disclosure list from Open DART...
[20260502] Fetching disclosure list from Open DART...
[20260501] Fetching disclosure list from Open DART...
[20260426] Fetching disclosure list from Open DART...
[20260425] Fetching disclosure list from Open DART...
[20260419] Fetching disclosure list from Open DART...
[20260418] Fetching disclosure list from Open DART...
[20260416] Downloading 4 missing HTML documents...
[20260416] Downloaded 0/4 documents. (Total API calls: 128)
[20260412] Fetching disclosure list from Open DART...
[20260411] Fetching disclosure list from Open DART...
[20260405] Fetching disclosure list from Open DART...
[20260404] Fetching disclosure list from Open DART...
[20260329] Fetching disclosure list from Open DART...
[20260328] Fetching disclosure list from Open DART...
[20260322] Fetching disclosure list from Open DART...
[20260321] Fetching disclosure list from Open DART...
[20260315] Fetching disclosure list from Open DART...
[20260314] Fetching disclosure list from Open DART...
[20260313] Downloading 10 missing HTML documents...
[20260313] Downloaded 0/10 documents. (Total API calls: 148)
[20260312] Downloading 16 missing HTML documents...
[20260312] Downloaded 0/16 documents. (Total API calls: 164)
[20260311] Downloading 18 missing HTML documents...
[20260311] Downloaded 0/18 documents. (Total API calls: 182)
[20260310] Downloading 34 missing HTML documents...
[20260310] Downloaded 31/34 documents. (Total API calls: 216)
[20260309] Downloading 1 missing HTML documents...
[20260309] Downloaded 0/1 documents. (Total API calls: 217)
[20260308] Fetching disclosure list from Open DART...
[20260307] Fetching disclosure list from Open DART...
[20260306] Downloading 8 missing HTML documents...
[20260306] Downloaded 0/8 documents. (Total API calls: 227)
[20260305] Downloading 2 missing HTML documents...
[20260305] Downloaded 0/2 documents. (Total API calls: 229)
[20260304] Downloading 5 missing HTML documents...
[20260304] Downloaded 1/5 documents. (Total API calls: 234)
[20260303] Downloading 7 missing HTML documents...
[20260303] Downloaded 1/7 documents. (Total API calls: 241)
[20260302] Fetching disclosure list from Open DART...
[20260301] Fetching disclosure list from Open DART...
[20260228] Fetching disclosure list from Open DART...
[20260222] Fetching disclosure list from Open DART...
[20260221] Fetching disclosure list from Open DART...
[20260218] Fetching disclosure list from Open DART...
[20260217] Fetching disclosure list from Open DART...
[20260216] Fetching disclosure list from Open DART...
[20260215] Fetching disclosure list from Open DART...
[20260214] Fetching disclosure list from Open DART...
[20260208] Fetching disclosure list from Open DART...
[20260207] Fetching disclosure list from Open DART...
[20260202] Downloading 20 missing HTML documents...
[20260202] Downloaded 20/20 documents. (Total API calls: 273)
[20260201] Fetching disclosure list from Open DART...
[20260131] Fetching disclosure list from Open DART...
[20260129] Downloading 10 missing HTML documents...
[20260129] Downloaded 7/10 documents. (Total API calls: 285)
[20260125] Fetching disclosure list from Open DART...
[20260124] Fetching disclosure list from Open DART...
[20260119] Downloading 10 missing HTML documents...
[20260119] Downloaded 8/10 documents. (Total API calls: 297)
[20260118] Fetching disclosure list from Open DART...
[20260117] Fetching disclosure list from Open DART...
[20260111] Fetching disclosure list from Open DART...
[20260110] Fetching disclosure list from Open DART...
[20260108] Downloading 1 missing HTML documents...
[20260108] Downloaded 1/1 documents. (Total API calls: 302)
[20260104] Fetching disclosure list from Open DART...
[20260103] Fetching disclosure list from Open DART...
[20260101] Fetching disclosure list from Open DART...
Historical collection run finished. Total API calls in this run: 305
