2026-06-27 00:00:01,186 - INFO - Scraping TrendForce main news page...
2026-06-27 00:00:01,355 - INFO - Found 5 articles on page.
2026-06-27 00:00:01,355 - INFO - No new articles detected.
2026-06-27 00:30:01,496 - INFO - Scraping TrendForce main news page...
2026-06-27 00:30:01,674 - INFO - Found 5 articles on page.
2026-06-27 00:30:01,674 - INFO - No new articles detected.
2026-06-27 01:00:01,939 - INFO - Scraping TrendForce main news page...
2026-06-27 01:00:02,124 - INFO - Found 5 articles on page.
2026-06-27 01:00:02,125 - INFO - No new articles detected.
2026-06-27 01:30:01,318 - INFO - Scraping TrendForce main news page...
2026-06-27 01:30:01,485 - INFO - Found 5 articles on page.
2026-06-27 01:30:01,485 - INFO - No new articles detected.
2026-06-27 02:00:01,641 - INFO - Scraping TrendForce main news page...
2026-06-27 02:00:01,864 - INFO - Found 5 articles on page.
2026-06-27 02:00:01,864 - INFO - No new articles detected.
2026-06-27 02:30:01,804 - INFO - Scraping TrendForce main news page...
2026-06-27 02:30:01,994 - INFO - Found 5 articles on page.
2026-06-27 02:30:01,994 - INFO - No new articles detected.
2026-06-27 03:00:01,857 - INFO - Scraping TrendForce main news page...
2026-06-27 03:00:02,024 - INFO - Found 5 articles on page.
2026-06-27 03:00:02,024 - INFO - No new articles detected.
2026-06-27 03:30:01,728 - INFO - Scraping TrendForce main news page...
2026-06-27 03:30:01,908 - INFO - Found 5 articles on page.
2026-06-27 03:30:01,908 - INFO - No new articles detected.
2026-06-27 04:00:01,479 - INFO - Scraping TrendForce main news page...
2026-06-27 04:00:01,683 - INFO - Found 5 articles on page.
2026-06-27 04:00:01,683 - INFO - No new articles detected.
2026-06-27 04:30:01,494 - INFO - Scraping TrendForce main news page...
2026-06-27 04:30:01,669 - INFO - Found 5 articles on page.
2026-06-27 04:30:01,669 - INFO - No new articles detected.
2026-06-27 05:00:01,641 - INFO - Scraping TrendForce main news page...
2026-06-27 05:00:01,811 - INFO - Found 5 articles on page.
2026-06-27 05:00:01,811 - INFO - No new articles detected.
2026-06-27 05:30:01,389 - INFO - Scraping TrendForce main news page...
2026-06-27 05:30:01,567 - INFO - Found 5 articles on page.
2026-06-27 05:30:01,568 - INFO - No new articles detected.
2026-06-27 06:00:01,168 - INFO - Scraping TrendForce main news page...
2026-06-27 06:00:01,340 - INFO - Found 5 articles on page.
2026-06-27 06:00:01,340 - INFO - No new articles detected.
2026-06-27 06:30:01,116 - INFO - Scraping TrendForce main news page...
2026-06-27 06:30:01,291 - INFO - Found 5 articles on page.
2026-06-27 06:30:01,291 - INFO - No new articles detected.
2026-06-27 07:00:01,974 - INFO - Scraping TrendForce main news page...
2026-06-27 07:00:02,150 - INFO - Found 5 articles on page.
2026-06-27 07:00:02,151 - INFO - No new articles detected.
2026-06-27 07:30:01,908 - INFO - Scraping TrendForce main news page...
2026-06-27 07:30:02,081 - INFO - Found 5 articles on page.
2026-06-27 07:30:02,082 - INFO - No new articles detected.
2026-06-27 08:00:01,239 - INFO - Scraping TrendForce main news page...
2026-06-27 08:00:01,445 - INFO - Found 5 articles on page.
2026-06-27 08:00:01,445 - INFO - No new articles detected.
2026-06-27 08:30:01,235 - INFO - Scraping TrendForce main news page...
2026-06-27 08:30:01,417 - INFO - Found 5 articles on page.
2026-06-27 08:30:01,417 - INFO - No new articles detected.
2026-06-27 09:00:01,870 - INFO - Scraping TrendForce main news page...
2026-06-27 09:00:02,077 - INFO - Found 5 articles on page.
2026-06-27 09:00:02,077 - INFO - No new articles detected.
2026-06-27 09:30:02,048 - INFO - Scraping TrendForce main news page...
2026-06-27 09:30:02,220 - INFO - Found 5 articles on page.
2026-06-27 09:30:02,220 - INFO - No new articles detected.
2026-06-27 10:00:01,631 - INFO - Scraping TrendForce main news page...
2026-06-27 10:00:01,804 - INFO - Found 5 articles on page.
2026-06-27 10:00:01,804 - INFO - No new articles detected.
2026-06-27 10:30:01,303 - INFO - Scraping TrendForce main news page...
2026-06-27 10:30:01,474 - INFO - Found 5 articles on page.
2026-06-27 10:30:01,474 - INFO - No new articles detected.
2026-06-27 11:00:01,786 - INFO - Scraping TrendForce main news page...
2026-06-27 11:00:01,954 - INFO - Found 5 articles on page.
2026-06-27 11:00:01,954 - INFO - No new articles detected.
2026-06-27 11:30:01,745 - INFO - Scraping TrendForce main news page...
2026-06-27 11:30:01,955 - INFO - Found 5 articles on page.
2026-06-27 11:30:01,956 - INFO - No new articles detected.
2026-06-27 12:00:01,951 - INFO - Scraping TrendForce main news page...
2026-06-27 12:00:02,061 - ERROR - Failed to fetch main news page. HTTP 502
2026-06-27 12:00:02,061 - ERROR - No articles found on main news page.
2026-06-27 12:30:01,650 - INFO - Scraping TrendForce main news page...
2026-06-27 12:30:01,823 - INFO - Found 5 articles on page.
2026-06-27 12:30:01,823 - INFO - No new articles detected.
2026-06-27 13:00:01,243 - INFO - Scraping TrendForce main news page...
2026-06-27 13:00:01,418 - INFO - Found 5 articles on page.
2026-06-27 13:00:01,418 - INFO - No new articles detected.
2026-06-27 13:30:01,258 - INFO - Scraping TrendForce main news page...
2026-06-27 13:30:01,431 - INFO - Found 5 articles on page.
2026-06-27 13:30:01,431 - INFO - No new articles detected.
2026-06-27 14:00:01,489 - INFO - Scraping TrendForce main news page...
2026-06-27 14:00:01,661 - INFO - Found 5 articles on page.
2026-06-27 14:00:01,661 - INFO - No new articles detected.
2026-06-27 14:30:01,762 - INFO - Scraping TrendForce main news page...
2026-06-27 14:30:01,975 - INFO - Found 5 articles on page.
2026-06-27 14:30:01,975 - INFO - No new articles detected.
2026-06-27 15:00:01,948 - INFO - Scraping TrendForce main news page...
2026-06-27 15:00:02,134 - INFO - Found 5 articles on page.
2026-06-27 15:00:02,135 - INFO - No new articles detected.
2026-06-27 15:30:02,067 - INFO - Scraping TrendForce main news page...
2026-06-27 15:30:02,245 - INFO - Found 5 articles on page.
2026-06-27 15:30:02,245 - INFO - No new articles detected.
2026-06-27 16:00:01,176 - INFO - Scraping TrendForce main news page...
2026-06-27 16:00:01,346 - INFO - Found 5 articles on page.
2026-06-27 16:00:01,346 - INFO - No new articles detected.
2026-06-27 16:30:01,973 - INFO - Scraping TrendForce main news page...
2026-06-27 16:30:02,171 - INFO - Found 5 articles on page.
2026-06-27 16:30:02,171 - INFO - No new articles detected.
2026-06-27 17:00:01,469 - INFO - Scraping TrendForce main news page...
2026-06-27 17:00:01,637 - INFO - Found 5 articles on page.
2026-06-27 17:00:01,637 - INFO - No new articles detected.
2026-06-27 17:30:01,988 - INFO - Scraping TrendForce main news page...
2026-06-27 17:30:02,204 - INFO - Found 5 articles on page.
2026-06-27 17:30:02,204 - INFO - No new articles detected.
2026-06-27 18:00:02,052 - INFO - Scraping TrendForce main news page...
2026-06-27 18:00:02,224 - INFO - Found 5 articles on page.
2026-06-27 18:00:02,224 - INFO - No new articles detected.
2026-06-27 18:30:01,341 - INFO - Scraping TrendForce main news page...
2026-06-27 18:30:01,516 - INFO - Found 5 articles on page.
2026-06-27 18:30:01,516 - INFO - No new articles detected.
2026-06-27 19:00:01,646 - INFO - Scraping TrendForce main news page...
2026-06-27 19:00:01,816 - INFO - Found 5 articles on page.
2026-06-27 19:00:01,816 - INFO - No new articles detected.
2026-06-27 19:30:01,116 - INFO - Scraping TrendForce main news page...
2026-06-27 19:30:01,285 - INFO - Found 5 articles on page.
2026-06-27 19:30:01,285 - INFO - No new articles detected.
2026-06-27 20:00:01,841 - INFO - Scraping TrendForce main news page...
2026-06-27 20:00:02,044 - INFO - Found 5 articles on page.
2026-06-27 20:00:02,044 - INFO - No new articles detected.
2026-06-27 20:30:01,167 - INFO - Scraping TrendForce main news page...
2026-06-27 20:30:01,346 - INFO - Found 5 articles on page.
2026-06-27 20:30:01,346 - INFO - No new articles detected.
2026-06-27 21:00:01,464 - INFO - Scraping TrendForce main news page...
2026-06-27 21:00:01,665 - INFO - Found 5 articles on page.
2026-06-27 21:00:01,665 - INFO - No new articles detected.
2026-06-27 21:30:02,081 - INFO - Scraping TrendForce main news page...
2026-06-27 21:30:02,258 - INFO - Found 5 articles on page.
2026-06-27 21:30:02,258 - INFO - No new articles detected.
2026-06-27 22:00:01,123 - INFO - Scraping TrendForce main news page...
2026-06-27 22:00:01,292 - INFO - Found 5 articles on page.
2026-06-27 22:00:01,292 - INFO - No new articles detected.
2026-06-27 22:30:01,413 - INFO - Scraping TrendForce main news page...
2026-06-27 22:30:01,586 - INFO - Found 5 articles on page.
2026-06-27 22:30:01,586 - INFO - No new articles detected.
2026-06-27 23:00:01,124 - INFO - Scraping TrendForce main news page...
2026-06-27 23:00:01,295 - INFO - Found 5 articles on page.
2026-06-27 23:00:01,295 - INFO - No new articles detected.
2026-06-27 23:30:01,502 - INFO - Scraping TrendForce main news page...
2026-06-27 23:30:01,705 - INFO - Found 5 articles on page.
2026-06-27 23:30:01,705 - INFO - No new articles detected.
2026-06-28 00:00:01,366 - INFO - Scraping TrendForce main news page...
2026-06-28 00:00:01,535 - INFO - Found 5 articles on page.
2026-06-28 00:00:01,535 - INFO - No new articles detected.
2026-06-28 00:30:01,991 - INFO - Scraping TrendForce main news page...
2026-06-28 00:30:02,164 - INFO - Found 5 articles on page.
2026-06-28 00:30:02,164 - INFO - No new articles detected.
2026-06-28 01:00:02,097 - INFO - Scraping TrendForce main news page...
2026-06-28 01:00:02,299 - INFO - Found 5 articles on page.
2026-06-28 01:00:02,299 - INFO - No new articles detected.
2026-06-28 01:30:01,388 - INFO - Scraping TrendForce main news page...
2026-06-28 01:30:01,566 - INFO - Found 5 articles on page.
2026-06-28 01:30:01,567 - INFO - No new articles detected.
2026-06-28 02:00:01,335 - INFO - Scraping TrendForce main news page...
2026-06-28 02:00:01,539 - INFO - Found 5 articles on page.
2026-06-28 02:00:01,539 - INFO - No new articles detected.
2026-06-28 02:30:01,577 - INFO - Scraping TrendForce main news page...
2026-06-28 02:30:01,761 - INFO - Found 5 articles on page.
2026-06-28 02:30:01,761 - INFO - No new articles detected.
2026-06-28 03:00:01,664 - INFO - Scraping TrendForce main news page...
2026-06-28 03:00:01,830 - INFO - Found 5 articles on page.
2026-06-28 03:00:01,830 - INFO - No new articles detected.
2026-06-28 03:30:01,919 - INFO - Scraping TrendForce main news page...
2026-06-28 03:30:02,086 - INFO - Found 5 articles on page.
2026-06-28 03:30:02,086 - INFO - No new articles detected.
2026-06-28 04:00:01,470 - INFO - Scraping TrendForce main news page...
2026-06-28 04:00:01,643 - INFO - Found 5 articles on page.
2026-06-28 04:00:01,643 - INFO - No new articles detected.
2026-06-28 04:30:01,432 - INFO - Scraping TrendForce main news page...
2026-06-28 04:30:01,691 - INFO - Found 5 articles on page.
2026-06-28 04:30:01,692 - INFO - No new articles detected.
2026-06-28 05:00:01,193 - INFO - Scraping TrendForce main news page...
2026-06-28 05:00:01,360 - INFO - Found 5 articles on page.
2026-06-28 05:00:01,360 - INFO - No new articles detected.
2026-06-28 05:30:02,086 - INFO - Scraping TrendForce main news page...
2026-06-28 05:30:02,265 - INFO - Found 5 articles on page.
2026-06-28 05:30:02,265 - INFO - No new articles detected.
2026-06-28 06:00:01,255 - INFO - Scraping TrendForce main news page...
2026-06-28 06:00:01,464 - INFO - Found 5 articles on page.
2026-06-28 06:00:01,464 - INFO - No new articles detected.
2026-06-28 06:30:01,495 - INFO - Scraping TrendForce main news page...
2026-06-28 06:30:01,672 - INFO - Found 5 articles on page.
2026-06-28 06:30:01,672 - INFO - No new articles detected.
2026-06-28 07:00:02,076 - INFO - Scraping TrendForce main news page...
2026-06-28 07:00:02,249 - INFO - Found 5 articles on page.
2026-06-28 07:00:02,249 - INFO - No new articles detected.
2026-06-28 07:30:01,202 - INFO - Scraping TrendForce main news page...
2026-06-28 07:30:01,428 - INFO - Found 5 articles on page.
2026-06-28 07:30:01,428 - INFO - No new articles detected.
2026-06-28 08:00:01,901 - INFO - Scraping TrendForce main news page...
2026-06-28 08:00:02,140 - INFO - Found 5 articles on page.
2026-06-28 08:00:02,141 - INFO - No new articles detected.
2026-06-28 08:30:01,146 - INFO - Scraping TrendForce main news page...
2026-06-28 08:30:01,322 - INFO - Found 5 articles on page.
2026-06-28 08:30:01,322 - INFO - No new articles detected.
2026-06-28 09:00:02,061 - INFO - Scraping TrendForce main news page...
2026-06-28 09:00:02,264 - INFO - Found 5 articles on page.
2026-06-28 09:00:02,264 - INFO - No new articles detected.
2026-06-28 09:30:01,764 - INFO - Scraping TrendForce main news page...
2026-06-28 09:30:01,963 - INFO - Found 5 articles on page.
2026-06-28 09:30:01,963 - INFO - No new articles detected.
2026-06-28 10:00:01,297 - INFO - Scraping TrendForce main news page...
2026-06-28 10:00:01,471 - INFO - Found 5 articles on page.
2026-06-28 10:00:01,471 - INFO - No new articles detected.
2026-06-28 10:30:01,410 - INFO - Scraping TrendForce main news page...
2026-06-28 10:30:01,605 - INFO - Found 5 articles on page.
2026-06-28 10:30:01,605 - INFO - No new articles detected.
2026-06-28 11:00:01,390 - INFO - Scraping TrendForce main news page...
2026-06-28 11:00:01,598 - INFO - Found 5 articles on page.
2026-06-28 11:00:01,598 - INFO - No new articles detected.
2026-06-28 11:30:01,931 - INFO - Scraping TrendForce main news page...
2026-06-28 11:30:02,103 - INFO - Found 5 articles on page.
2026-06-28 11:30:02,103 - INFO - No new articles detected.
2026-06-28 12:00:01,549 - INFO - Scraping TrendForce main news page...
2026-06-28 12:00:01,662 - ERROR - Failed to fetch main news page. HTTP 502
2026-06-28 12:00:01,662 - ERROR - No articles found on main news page.
2026-06-28 12:30:02,055 - INFO - Scraping TrendForce main news page...
2026-06-28 12:30:02,231 - INFO - Found 5 articles on page.
2026-06-28 12:30:02,231 - INFO - No new articles detected.
2026-06-28 13:00:01,555 - INFO - Scraping TrendForce main news page...
2026-06-28 13:00:01,725 - INFO - Found 5 articles on page.
2026-06-28 13:00:01,726 - INFO - No new articles detected.
2026-06-28 13:30:01,136 - INFO - Scraping TrendForce main news page...
2026-06-28 13:30:01,350 - INFO - Found 5 articles on page.
2026-06-28 13:30:01,350 - INFO - No new articles detected.
2026-06-28 14:00:01,861 - INFO - Scraping TrendForce main news page...
2026-06-28 14:00:02,062 - INFO - Found 5 articles on page.
2026-06-28 14:00:02,062 - INFO - No new articles detected.
2026-06-28 14:30:01,329 - INFO - Scraping TrendForce main news page...
2026-06-28 14:30:01,498 - INFO - Found 5 articles on page.
2026-06-28 14:30:01,498 - INFO - No new articles detected.
2026-06-28 15:00:01,992 - INFO - Scraping TrendForce main news page...
2026-06-28 15:00:02,162 - INFO - Found 5 articles on page.
2026-06-28 15:00:02,162 - INFO - No new articles detected.
2026-06-28 15:30:01,984 - INFO - Scraping TrendForce main news page...
2026-06-28 15:30:02,195 - INFO - Found 5 articles on page.
2026-06-28 15:30:02,195 - INFO - No new articles detected.
2026-06-28 16:00:01,449 - INFO - Scraping TrendForce main news page...
2026-06-28 16:00:01,621 - INFO - Found 5 articles on page.
2026-06-28 16:00:01,621 - INFO - No new articles detected.
2026-06-28 16:30:01,409 - INFO - Scraping TrendForce main news page...
2026-06-28 16:30:01,615 - INFO - Found 5 articles on page.
2026-06-28 16:30:01,615 - INFO - No new articles detected.
2026-06-28 17:00:01,797 - INFO - Scraping TrendForce main news page...
2026-06-28 17:00:01,967 - INFO - Found 5 articles on page.
2026-06-28 17:00:01,967 - INFO - No new articles detected.
2026-06-28 17:30:01,148 - INFO - Scraping TrendForce main news page...
2026-06-28 17:30:01,316 - INFO - Found 5 articles on page.
2026-06-28 17:30:01,316 - INFO - No new articles detected.
2026-06-28 18:00:01,229 - INFO - Scraping TrendForce main news page...
2026-06-28 18:00:01,404 - INFO - Found 5 articles on page.
2026-06-28 18:00:01,404 - INFO - No new articles detected.
2026-06-28 18:30:01,525 - INFO - Scraping TrendForce main news page...
2026-06-28 18:30:01,735 - INFO - Found 5 articles on page.
2026-06-28 18:30:01,735 - INFO - No new articles detected.
2026-06-28 19:00:02,067 - INFO - Scraping TrendForce main news page...
2026-06-28 19:00:02,238 - INFO - Found 5 articles on page.
2026-06-28 19:00:02,238 - INFO - No new articles detected.
2026-06-28 19:30:01,223 - INFO - Scraping TrendForce main news page...
2026-06-28 19:30:01,421 - INFO - Found 5 articles on page.
2026-06-28 19:30:01,421 - INFO - No new articles detected.
2026-06-28 20:00:01,568 - INFO - Scraping TrendForce main news page...
2026-06-28 20:00:01,735 - INFO - Found 5 articles on page.
2026-06-28 20:00:01,736 - INFO - No new articles detected.
2026-06-28 20:30:01,751 - INFO - Scraping TrendForce main news page...
2026-06-28 20:30:01,923 - INFO - Found 5 articles on page.
2026-06-28 20:30:01,923 - INFO - No new articles detected.
2026-06-28 21:00:02,077 - INFO - Scraping TrendForce main news page...
2026-06-28 21:00:02,250 - INFO - Found 5 articles on page.
2026-06-28 21:00:02,250 - INFO - No new articles detected.
2026-06-28 21:30:01,285 - INFO - Scraping TrendForce main news page...
2026-06-28 21:30:01,462 - INFO - Found 5 articles on page.
2026-06-28 21:30:01,462 - INFO - No new articles detected.
2026-06-28 22:00:01,356 - INFO - Scraping TrendForce main news page...
2026-06-28 22:00:01,542 - INFO - Found 5 articles on page.
2026-06-28 22:00:01,542 - INFO - No new articles detected.
2026-06-28 22:30:01,385 - INFO - Scraping TrendForce main news page...
2026-06-28 22:30:01,568 - INFO - Found 5 articles on page.
2026-06-28 22:30:01,568 - INFO - No new articles detected.
2026-06-28 23:00:02,021 - INFO - Scraping TrendForce main news page...
2026-06-28 23:00:02,197 - INFO - Found 5 articles on page.
2026-06-28 23:00:02,197 - INFO - No new articles detected.
2026-06-28 23:30:01,491 - INFO - Scraping TrendForce main news page...
2026-06-28 23:30:01,667 - INFO - Found 5 articles on page.
2026-06-28 23:30:01,667 - INFO - No new articles detected.
2026-06-29 00:00:01,940 - INFO - Scraping TrendForce main news page...
2026-06-29 00:00:02,113 - INFO - Found 5 articles on page.
2026-06-29 00:00:02,113 - INFO - No new articles detected.
2026-06-29 00:30:01,772 - INFO - Scraping TrendForce main news page...
2026-06-29 00:30:01,949 - INFO - Found 5 articles on page.
2026-06-29 00:30:01,949 - INFO - No new articles detected.
2026-06-29 01:00:01,923 - INFO - Scraping TrendForce main news page...
2026-06-29 01:00:02,094 - INFO - Found 5 articles on page.
2026-06-29 01:00:02,094 - INFO - No new articles detected.
2026-06-29 01:30:01,209 - INFO - Scraping TrendForce main news page...
2026-06-29 01:30:01,381 - INFO - Found 5 articles on page.
2026-06-29 01:30:01,381 - INFO - No new articles detected.
2026-06-29 02:00:01,926 - INFO - Scraping TrendForce main news page...
2026-06-29 02:00:02,095 - INFO - Found 5 articles on page.
2026-06-29 02:00:02,095 - INFO - No new articles detected.
2026-06-29 02:30:01,653 - INFO - Scraping TrendForce main news page...
2026-06-29 02:30:01,871 - INFO - Found 5 articles on page.
2026-06-29 02:30:01,871 - INFO - No new articles detected.
2026-06-29 03:00:01,520 - INFO - Scraping TrendForce main news page...
2026-06-29 03:00:01,700 - INFO - Found 5 articles on page.
2026-06-29 03:00:01,700 - INFO - No new articles detected.
2026-06-29 03:30:01,315 - INFO - Scraping TrendForce main news page...
2026-06-29 03:30:01,482 - INFO - Found 5 articles on page.
2026-06-29 03:30:01,482 - INFO - No new articles detected.
2026-06-29 04:00:01,817 - INFO - Scraping TrendForce main news page...
2026-06-29 04:00:01,992 - INFO - Found 5 articles on page.
2026-06-29 04:00:01,992 - INFO - No new articles detected.
2026-06-29 04:30:01,151 - INFO - Scraping TrendForce main news page...
2026-06-29 04:30:01,327 - INFO - Found 5 articles on page.
2026-06-29 04:30:01,327 - INFO - No new articles detected.
2026-06-29 05:00:01,163 - INFO - Scraping TrendForce main news page...
2026-06-29 05:00:01,333 - INFO - Found 5 articles on page.
2026-06-29 05:00:01,333 - INFO - No new articles detected.
2026-06-29 05:30:01,932 - INFO - Scraping TrendForce main news page...
2026-06-29 05:30:02,115 - INFO - Found 5 articles on page.
2026-06-29 05:30:02,115 - INFO - No new articles detected.
2026-06-29 06:00:01,460 - INFO - Scraping TrendForce main news page...
2026-06-29 06:00:01,633 - INFO - Found 5 articles on page.
2026-06-29 06:00:01,633 - INFO - No new articles detected.
2026-06-29 06:30:01,456 - INFO - Scraping TrendForce main news page...
2026-06-29 06:30:01,627 - INFO - Found 5 articles on page.
2026-06-29 06:30:01,627 - INFO - No new articles detected.
2026-06-29 07:00:01,197 - INFO - Scraping TrendForce main news page...
2026-06-29 07:00:01,372 - INFO - Found 5 articles on page.
2026-06-29 07:00:01,372 - INFO - No new articles detected.
2026-06-29 07:30:01,233 - INFO - Scraping TrendForce main news page...
2026-06-29 07:30:01,400 - INFO - Found 5 articles on page.
2026-06-29 07:30:01,401 - INFO - No new articles detected.
2026-06-29 08:00:01,717 - INFO - Scraping TrendForce main news page...
2026-06-29 08:00:01,924 - INFO - Found 5 articles on page.
2026-06-29 08:00:01,925 - INFO - No new articles detected.
2026-06-29 08:30:01,215 - INFO - Scraping TrendForce main news page...
2026-06-29 08:30:01,407 - INFO - Found 5 articles on page.
2026-06-29 08:30:01,407 - INFO - No new articles detected.
2026-06-29 09:00:01,632 - INFO - Scraping TrendForce main news page...
2026-06-29 09:00:01,901 - INFO - Found 5 articles on page.
2026-06-29 09:00:01,901 - INFO - Processing new article: [News] Asian Memory Makers Turn to U.S. Capital Markets: SK hynix and Kioxia Advance ADR Plans
2026-06-29 09:00:15,757 - INFO - Sending full-text alert to Telegram chat -1003843549676...
2026-06-29 09:00:16,870 - INFO - Telegram alert sent successfully.
2026-06-29 09:00:18,870 - INFO - State saved. Added 1 articles to seen list (processed 1).
2026-06-29 09:30:01,438 - INFO - Scraping TrendForce main news page...
2026-06-29 09:30:01,927 - INFO - Found 5 articles on page.
2026-06-29 09:30:01,927 - INFO - Processing new article: [News] Mapping the Micro LED Optical Interconnect Ecosystem
2026-06-29 09:30:31,314 - INFO - Sending full-text alert to Telegram chat -1003843549676...
2026-06-29 09:30:36,709 - INFO - Telegram alert sent successfully.
2026-06-29 09:30:38,709 - INFO - State saved. Added 1 articles to seen list (processed 1).
2026-06-29 10:00:01,619 - INFO - Scraping TrendForce main news page...
2026-06-29 10:00:01,840 - INFO - Found 5 articles on page.
2026-06-29 10:00:01,840 - INFO - No new articles detected.
2026-06-29 10:30:01,991 - INFO - Scraping TrendForce main news page...
2026-06-29 10:30:02,321 - INFO - Found 5 articles on page.
2026-06-29 10:30:02,321 - INFO - Processing new article: [Sponsored Content] Where Do You Stand as AI Reshapes Industries?
2026-06-29 10:30:21,956 - INFO - Sending full-text alert to Telegram chat -1003843549676...
2026-06-29 10:30:23,379 - INFO - Telegram alert sent successfully.
2026-06-29 10:30:25,380 - INFO - State saved. Added 1 articles to seen list (processed 1).
2026-06-29 11:00:01,733 - INFO - Scraping TrendForce main news page...
2026-06-29 11:00:02,107 - INFO - Found 5 articles on page.
2026-06-29 11:00:02,107 - INFO - Processing new article: [News] TSMCŌĆÖs 2Q Margins Reportedly Near 70% amid Strong 3/5nm Demand, 3Q Revenue Seen Growing Over 10%
2026-06-29 11:00:13,902 - INFO - Sending full-text alert to Telegram chat -1003843549676...
2026-06-29 11:00:14,959 - INFO - Telegram alert sent successfully.
2026-06-29 11:00:16,959 - INFO - State saved. Added 1 articles to seen list (processed 1).
2026-06-29 11:30:02,007 - INFO - Scraping TrendForce main news page...
2026-06-29 11:30:02,338 - INFO - Found 5 articles on page.
2026-06-29 11:30:02,338 - INFO - No new articles detected.
2026-06-29 12:00:01,108 - INFO - Scraping TrendForce main news page...
2026-06-29 12:00:01,278 - ERROR - Failed to fetch main news page. HTTP 502
2026-06-29 12:00:01,279 - ERROR - No articles found on main news page.
2026-06-29 12:30:01,414 - INFO - Scraping TrendForce main news page...
2026-06-29 12:30:01,733 - INFO - Found 5 articles on page.
2026-06-29 12:30:01,734 - INFO - No new articles detected.
2026-06-29 13:00:01,476 - INFO - Scraping TrendForce main news page...
2026-06-29 13:00:01,775 - INFO - Found 5 articles on page.
2026-06-29 13:00:01,775 - INFO - No new articles detected.
2026-06-29 13:30:01,697 - INFO - Scraping TrendForce main news page...
2026-06-29 13:30:02,076 - INFO - Found 5 articles on page.
2026-06-29 13:30:02,076 - INFO - No new articles detected.
2026-06-29 14:00:02,039 - INFO - Scraping TrendForce main news page...
2026-06-29 14:00:02,355 - INFO - Found 5 articles on page.
2026-06-29 14:00:02,355 - INFO - No new articles detected.
2026-06-29 14:30:01,872 - INFO - Scraping TrendForce main news page...
2026-06-29 14:30:02,176 - INFO - Found 5 articles on page.
2026-06-29 14:30:02,176 - INFO - No new articles detected.
2026-06-29 15:00:01,894 - INFO - Scraping TrendForce main news page...
2026-06-29 15:00:02,160 - INFO - Found 5 articles on page.
2026-06-29 15:00:02,161 - INFO - No new articles detected.
2026-06-29 15:30:01,793 - INFO - Scraping TrendForce main news page...
2026-06-29 15:30:02,160 - INFO - Found 5 articles on page.
2026-06-29 15:30:02,160 - INFO - No new articles detected.
2026-06-29 16:00:02,003 - INFO - Scraping TrendForce main news page...
2026-06-29 16:00:02,339 - INFO - Found 5 articles on page.
2026-06-29 16:00:02,339 - INFO - No new articles detected.
2026-06-29 16:30:01,351 - INFO - Scraping TrendForce main news page...
2026-06-29 16:30:01,688 - INFO - Found 5 articles on page.
2026-06-29 16:30:01,689 - INFO - Processing new article: [News] Korea’s High-Purity COŌéé Inventory Reportedly Falls Below One Month; Samsung, SK hynix Under Pressure
2026-06-29 16:30:12,211 - INFO - Sending full-text alert to Telegram chat -1003843549676...
2026-06-29 16:30:13,282 - INFO - Telegram alert sent successfully.
2026-06-29 16:30:15,282 - INFO - State saved. Added 1 articles to seen list (processed 1).
2026-06-29 17:00:01,293 - INFO - Scraping TrendForce main news page...
2026-06-29 17:00:01,630 - INFO - Found 5 articles on page.
2026-06-29 17:00:01,630 - INFO - No new articles detected.
2026-06-29 17:30:01,497 - INFO - Scraping TrendForce main news page...
2026-06-29 17:30:01,843 - INFO - Found 5 articles on page.
2026-06-29 17:30:01,843 - INFO - No new articles detected.
2026-06-29 18:00:01,189 - INFO - Scraping TrendForce main news page...
2026-06-29 18:00:01,497 - INFO - Found 5 articles on page.
2026-06-29 18:00:01,497 - INFO - No new articles detected.
2026-06-29 18:30:01,124 - INFO - Scraping TrendForce main news page...
2026-06-29 18:30:01,396 - INFO - Found 5 articles on page.
2026-06-29 18:30:01,396 - INFO - Processing new article: [News] Samsung, SK hynix, Micron Face U.S. Class-Action Lawsuit Over Alleged DRAM Supply Manipulation
2026-06-29 18:30:10,206 - INFO - Sending full-text alert to Telegram chat -1003843549676...
2026-06-29 18:30:11,273 - INFO - Telegram alert sent successfully.
2026-06-29 18:30:13,274 - INFO - State saved. Added 1 articles to seen list (processed 1).
2026-06-29 19:00:01,114 - INFO - Scraping TrendForce main news page...
2026-06-29 19:00:01,373 - INFO - Found 5 articles on page.
2026-06-29 19:00:01,373 - INFO - No new articles detected.
2026-06-29 19:30:01,719 - INFO - Scraping TrendForce main news page...
2026-06-29 19:30:02,049 - INFO - Found 5 articles on page.
2026-06-29 19:30:02,049 - INFO - No new articles detected.
2026-06-29 20:00:01,322 - INFO - Scraping TrendForce main news page...
2026-06-29 20:00:01,567 - INFO - Found 5 articles on page.
2026-06-29 20:00:01,567 - INFO - No new articles detected.
2026-06-29 20:30:01,196 - INFO - Scraping TrendForce main news page...
2026-06-29 20:30:01,463 - INFO - Found 5 articles on page.
2026-06-29 20:30:01,463 - INFO - No new articles detected.
2026-06-29 21:00:01,367 - INFO - Scraping TrendForce main news page...
2026-06-29 21:00:01,656 - INFO - Found 5 articles on page.
2026-06-29 21:00:01,656 - INFO - No new articles detected.
2026-06-29 21:30:01,939 - INFO - Scraping TrendForce main news page...
2026-06-29 21:30:02,204 - INFO - Found 5 articles on page.
2026-06-29 21:30:02,204 - INFO - No new articles detected.
2026-06-29 22:00:01,425 - INFO - Scraping TrendForce main news page...
2026-06-29 22:00:01,688 - INFO - Found 5 articles on page.
2026-06-29 22:00:01,688 - INFO - No new articles detected.
2026-06-29 22:30:02,032 - INFO - Scraping TrendForce main news page...
2026-06-29 22:30:02,325 - INFO - Found 5 articles on page.
2026-06-29 22:30:02,325 - INFO - No new articles detected.
2026-06-29 23:00:01,897 - INFO - Scraping TrendForce main news page...
2026-06-29 23:00:02,151 - INFO - Found 5 articles on page.
2026-06-29 23:00:02,151 - INFO - No new articles detected.
2026-06-29 23:30:01,155 - INFO - Scraping TrendForce main news page...
2026-06-29 23:30:01,463 - INFO - Found 5 articles on page.
2026-06-29 23:30:01,463 - INFO - No new articles detected.
2026-06-30 00:00:01,360 - INFO - Scraping TrendForce main news page...
2026-06-30 00:00:01,609 - INFO - Found 5 articles on page.
2026-06-30 00:00:01,609 - INFO - No new articles detected.
2026-06-30 00:30:01,207 - INFO - Scraping TrendForce main news page...
2026-06-30 00:30:01,474 - INFO - Found 5 articles on page.
2026-06-30 00:30:01,474 - INFO - No new articles detected.
2026-06-30 01:00:01,747 - INFO - Scraping TrendForce main news page...
2026-06-30 01:00:02,146 - INFO - Found 5 articles on page.
2026-06-30 01:00:02,146 - INFO - No new articles detected.
2026-06-30 01:30:01,129 - INFO - Scraping TrendForce main news page...
2026-06-30 01:30:01,421 - INFO - Found 5 articles on page.
2026-06-30 01:30:01,421 - INFO - No new articles detected.
2026-06-30 02:00:01,608 - INFO - Scraping TrendForce main news page...
2026-06-30 02:00:01,861 - INFO - Found 5 articles on page.
2026-06-30 02:00:01,861 - INFO - No new articles detected.
2026-06-30 02:30:02,044 - INFO - Scraping TrendForce main news page...
2026-06-30 02:30:02,352 - INFO - Found 5 articles on page.
2026-06-30 02:30:02,352 - INFO - No new articles detected.
2026-06-30 03:00:01,988 - INFO - Scraping TrendForce main news page...
2026-06-30 03:00:02,252 - INFO - Found 5 articles on page.
2026-06-30 03:00:02,252 - INFO - No new articles detected.
2026-06-30 03:30:01,664 - INFO - Scraping TrendForce main news page...
2026-06-30 03:30:01,927 - INFO - Found 5 articles on page.
2026-06-30 03:30:01,927 - INFO - No new articles detected.
2026-06-30 04:00:01,131 - INFO - Scraping TrendForce main news page...
2026-06-30 04:00:01,424 - INFO - Found 5 articles on page.
2026-06-30 04:00:01,424 - INFO - No new articles detected.
2026-06-30 04:30:01,860 - INFO - Scraping TrendForce main news page...
2026-06-30 04:30:02,134 - INFO - Found 5 articles on page.
2026-06-30 04:30:02,134 - INFO - No new articles detected.
2026-06-30 05:00:01,214 - INFO - Scraping TrendForce main news page...
2026-06-30 05:00:01,477 - INFO - Found 5 articles on page.
2026-06-30 05:00:01,477 - INFO - No new articles detected.
2026-06-30 05:30:01,193 - INFO - Scraping TrendForce main news page...
2026-06-30 05:30:01,482 - INFO - Found 5 articles on page.
2026-06-30 05:30:01,482 - INFO - No new articles detected.
2026-06-30 06:00:01,766 - INFO - Scraping TrendForce main news page...
2026-06-30 06:00:02,025 - INFO - Found 5 articles on page.
2026-06-30 06:00:02,025 - INFO - No new articles detected.
2026-06-30 06:30:01,305 - INFO - Scraping TrendForce main news page...
2026-06-30 06:30:01,588 - INFO - Found 5 articles on page.
2026-06-30 06:30:01,589 - INFO - No new articles detected.
2026-06-30 07:00:01,742 - INFO - Scraping TrendForce main news page...
2026-06-30 07:00:02,022 - INFO - Found 5 articles on page.
2026-06-30 07:00:02,022 - INFO - No new articles detected.
2026-06-30 07:30:02,014 - INFO - Scraping TrendForce main news page...
2026-06-30 07:30:02,264 - INFO - Found 5 articles on page.
2026-06-30 07:30:02,264 - INFO - No new articles detected.
2026-06-30 08:00:01,364 - INFO - Scraping TrendForce main news page...
2026-06-30 08:00:01,705 - INFO - Found 5 articles on page.
2026-06-30 08:00:01,705 - INFO - No new articles detected.
2026-06-30 08:30:01,390 - INFO - Scraping TrendForce main news page...
2026-06-30 08:30:01,712 - INFO - Found 5 articles on page.
2026-06-30 08:30:01,712 - INFO - No new articles detected.
2026-06-30 09:00:01,645 - INFO - Scraping TrendForce main news page...
2026-06-30 09:00:01,948 - INFO - Found 5 articles on page.
2026-06-30 09:00:01,948 - INFO - Processing new article: [News] China Signs First Domestic Ultra Wide Bandgap Semiconductor Full-Chain Project
2026-06-30 09:00:11,476 - INFO - Sending full-text alert to Telegram chat -1003843549676...
2026-06-30 09:00:12,562 - INFO - Telegram alert sent successfully.
2026-06-30 09:00:14,562 - INFO - State saved. Added 1 articles to seen list (processed 1).
2026-06-30 09:30:01,999 - INFO - Scraping TrendForce main news page...
2026-06-30 09:30:02,332 - INFO - Found 5 articles on page.
2026-06-30 09:30:02,332 - INFO - No new articles detected.
2026-06-30 10:00:01,839 - INFO - Scraping TrendForce main news page...
2026-06-30 10:00:02,226 - INFO - Found 5 articles on page.
2026-06-30 10:00:02,227 - INFO - Processing new article: [News] Goertek-Backed 12-Inch AR Optical Wafer Fab Commenced Production
2026-06-30 10:00:17,136 - INFO - Sending full-text alert to Telegram chat -1003843549676...
2026-06-30 10:00:18,244 - INFO - Telegram alert sent successfully.
2026-06-30 10:00:20,245 - INFO - State saved. Added 1 articles to seen list (processed 1).
2026-06-30 10:30:01,800 - INFO - Scraping TrendForce main news page...
2026-06-30 10:30:02,074 - INFO - Found 5 articles on page.
2026-06-30 10:30:02,074 - INFO - No new articles detected.
2026-06-30 11:00:01,590 - INFO - Scraping TrendForce main news page...
2026-06-30 11:00:01,844 - INFO - Found 5 articles on page.
2026-06-30 11:00:01,844 - INFO - No new articles detected.
2026-06-30 11:30:02,028 - INFO - Scraping TrendForce main news page...
2026-06-30 11:30:02,288 - INFO - Found 5 articles on page.
2026-06-30 11:30:02,289 - INFO - Processing new article: [News] Samsung, SK hynix 800 Trillion Won Expansion Strains Chipmaking Tool Supply, Potentially Pressures TSMC, Intel
2026-06-30 11:30:17,220 - INFO - Sending full-text alert to Telegram chat -1003843549676...
2026-06-30 11:30:18,263 - INFO - Telegram alert sent successfully.
2026-06-30 11:30:20,263 - INFO - State saved. Added 1 articles to seen list (processed 1).
2026-06-30 12:00:01,346 - INFO - Scraping TrendForce main news page...
2026-06-30 12:00:01,559 - INFO - Found 5 articles on page.
2026-06-30 12:00:01,559 - INFO - No new articles detected.
2026-06-30 12:30:02,084 - INFO - Scraping TrendForce main news page...
2026-06-30 12:30:02,277 - INFO - Found 5 articles on page.
2026-06-30 12:30:02,277 - INFO - Processing new article: [News] ByteDance Reportedly Eyes Next-Gen In-House CPU for 2H27 Mass Production; May Partner With Qualcomm
2026-06-30 12:30:17,846 - INFO - Sending full-text alert to Telegram chat -1003843549676...
2026-06-30 12:30:18,951 - INFO - Telegram alert sent successfully.
2026-06-30 12:30:20,951 - INFO - State saved. Added 1 articles to seen list (processed 1).
2026-06-30 13:00:01,245 - INFO - Scraping TrendForce main news page...
2026-06-30 13:00:01,441 - INFO - Found 5 articles on page.
2026-06-30 13:00:01,441 - INFO - Processing new article: [News] Samsung Reportedly Restarts 1.4nm Push, Targets 2029 Mass Production to Close Gap with TSMC, Intel
2026-06-30 13:00:12,341 - INFO - Sending full-text alert to Telegram chat -1003843549676...
2026-06-30 13:00:13,433 - INFO - Telegram alert sent successfully.
2026-06-30 13:00:15,433 - INFO - State saved. Added 1 articles to seen list (processed 1).
2026-06-30 13:30:01,847 - INFO - Scraping TrendForce main news page...
2026-06-30 13:30:02,045 - INFO - Found 5 articles on page.
2026-06-30 13:30:02,045 - INFO - No new articles detected.
2026-06-30 14:00:01,730 - INFO - Scraping TrendForce main news page...
2026-06-30 14:00:01,994 - INFO - Found 5 articles on page.
2026-06-30 14:00:01,994 - INFO - No new articles detected.
2026-06-30 14:30:01,699 - INFO - Scraping TrendForce main news page...
2026-06-30 14:30:01,904 - INFO - Found 5 articles on page.
2026-06-30 14:30:01,904 - INFO - No new articles detected.
2026-06-30 15:00:01,224 - INFO - Scraping TrendForce main news page...
2026-06-30 15:00:01,460 - INFO - Found 5 articles on page.
2026-06-30 15:00:01,460 - INFO - No new articles detected.
2026-06-30 15:30:01,278 - INFO - Scraping TrendForce main news page...
2026-06-30 15:30:01,487 - INFO - Found 5 articles on page.
2026-06-30 15:30:01,487 - INFO - No new articles detected.
2026-06-30 16:00:01,576 - INFO - Scraping TrendForce main news page...
2026-06-30 16:00:01,753 - INFO - Found 5 articles on page.
2026-06-30 16:00:01,753 - INFO - No new articles detected.
2026-06-30 16:30:01,322 - INFO - Scraping TrendForce main news page...
2026-06-30 16:30:01,492 - INFO - Found 5 articles on page.
2026-06-30 16:30:01,492 - INFO - No new articles detected.
2026-06-30 17:00:01,749 - INFO - Scraping TrendForce main news page...
2026-06-30 17:00:01,923 - INFO - Found 5 articles on page.
2026-06-30 17:00:01,923 - INFO - Processing new article: [News] Raw Material Inflation Deepens: FULLTECH Hikes Glass Fiber Cloth Prices Up to 30%; VPEC Adjusts Epi Wafer Prices
2026-06-30 17:00:10,119 - INFO - Sending full-text alert to Telegram chat -1003843549676...
2026-06-30 17:00:11,158 - INFO - Telegram alert sent successfully.
2026-06-30 17:00:13,158 - INFO - State saved. Added 1 articles to seen list (processed 1).
2026-06-30 17:30:01,497 - INFO - Scraping TrendForce main news page...
2026-06-30 17:30:01,716 - INFO - Found 5 articles on page.
2026-06-30 17:30:01,716 - INFO - No new articles detected.
2026-06-30 18:00:01,476 - INFO - Scraping TrendForce main news page...
2026-06-30 18:00:01,650 - INFO - Found 5 articles on page.
2026-06-30 18:00:01,650 - INFO - No new articles detected.
2026-06-30 18:30:01,576 - INFO - Scraping TrendForce main news page...
2026-06-30 18:30:01,756 - INFO - Found 5 articles on page.
2026-06-30 18:30:01,756 - INFO - No new articles detected.
2026-06-30 19:00:01,639 - INFO - Scraping TrendForce main news page...
2026-06-30 19:00:01,846 - INFO - Found 5 articles on page.
2026-06-30 19:00:01,846 - INFO - No new articles detected.
2026-06-30 19:30:01,503 - INFO - Scraping TrendForce main news page...
2026-06-30 19:30:01,726 - INFO - Found 5 articles on page.
2026-06-30 19:30:01,726 - INFO - No new articles detected.
2026-06-30 20:00:01,188 - INFO - Scraping TrendForce main news page...
2026-06-30 20:00:01,382 - INFO - Found 5 articles on page.
2026-06-30 20:00:01,382 - INFO - No new articles detected.
2026-06-30 20:30:01,608 - INFO - Scraping TrendForce main news page...
2026-06-30 20:30:01,832 - INFO - Found 5 articles on page.
2026-06-30 20:30:01,832 - INFO - No new articles detected.
2026-06-30 21:00:01,686 - INFO - Scraping TrendForce main news page...
2026-06-30 21:00:01,886 - INFO - Found 5 articles on page.
2026-06-30 21:00:01,886 - INFO - No new articles detected.
2026-06-30 21:30:01,733 - INFO - Scraping TrendForce main news page...
2026-06-30 21:30:01,906 - INFO - Found 5 articles on page.
2026-06-30 21:30:01,906 - INFO - No new articles detected.
2026-06-30 22:00:02,079 - INFO - Scraping TrendForce main news page...
2026-06-30 22:00:02,249 - INFO - Found 5 articles on page.
2026-06-30 22:00:02,249 - INFO - No new articles detected.
2026-06-30 22:30:01,652 - INFO - Scraping TrendForce main news page...
2026-06-30 22:30:01,859 - INFO - Found 5 articles on page.
2026-06-30 22:30:01,859 - INFO - No new articles detected.
2026-06-30 23:00:01,323 - INFO - Scraping TrendForce main news page...
2026-06-30 23:00:01,498 - INFO - Found 5 articles on page.
2026-06-30 23:00:01,498 - INFO - No new articles detected.
2026-06-30 23:30:02,023 - INFO - Scraping TrendForce main news page...
2026-06-30 23:30:02,205 - INFO - Found 5 articles on page.
2026-06-30 23:30:02,206 - INFO - No new articles detected.
2026-07-01 00:00:01,247 - INFO - Scraping TrendForce main news page...
2026-07-01 00:00:01,416 - INFO - Found 5 articles on page.
2026-07-01 00:00:01,416 - INFO - No new articles detected.
2026-07-01 00:30:01,198 - INFO - Scraping TrendForce main news page...
2026-07-01 00:30:01,408 - INFO - Found 5 articles on page.
2026-07-01 00:30:01,409 - INFO - No new articles detected.
2026-07-01 01:00:01,357 - INFO - Scraping TrendForce main news page...
2026-07-01 01:00:01,541 - INFO - Found 5 articles on page.
2026-07-01 01:00:01,541 - INFO - No new articles detected.
2026-07-01 01:30:01,761 - INFO - Scraping TrendForce main news page...
2026-07-01 01:30:01,962 - INFO - Found 5 articles on page.
2026-07-01 01:30:01,962 - INFO - No new articles detected.
2026-07-01 02:00:01,499 - INFO - Scraping TrendForce main news page...
2026-07-01 02:00:01,704 - INFO - Found 5 articles on page.
2026-07-01 02:00:01,704 - INFO - No new articles detected.
2026-07-01 02:30:01,301 - INFO - Scraping TrendForce main news page...
2026-07-01 02:30:01,474 - INFO - Found 5 articles on page.
2026-07-01 02:30:01,475 - INFO - No new articles detected.
2026-07-01 03:00:01,652 - INFO - Scraping TrendForce main news page...
2026-07-01 03:00:01,816 - INFO - Found 5 articles on page.
2026-07-01 03:00:01,816 - INFO - No new articles detected.
2026-07-01 03:30:01,615 - INFO - Scraping TrendForce main news page...
2026-07-01 03:30:01,816 - INFO - Found 5 articles on page.
2026-07-01 03:30:01,816 - INFO - No new articles detected.
2026-07-01 04:00:01,163 - INFO - Scraping TrendForce main news page...
2026-07-01 04:00:01,334 - INFO - Found 5 articles on page.
2026-07-01 04:00:01,334 - INFO - No new articles detected.
2026-07-01 04:30:01,546 - INFO - Scraping TrendForce main news page...
2026-07-01 04:30:01,720 - INFO - Found 5 articles on page.
2026-07-01 04:30:01,720 - INFO - No new articles detected.
2026-07-01 05:00:01,785 - INFO - Scraping TrendForce main news page...
2026-07-01 05:00:01,956 - INFO - Found 5 articles on page.
2026-07-01 05:00:01,956 - INFO - No new articles detected.
2026-07-01 05:30:01,944 - INFO - Scraping TrendForce main news page...
2026-07-01 05:30:02,237 - INFO - Found 5 articles on page.
2026-07-01 05:30:02,237 - INFO - No new articles detected.
2026-07-01 06:00:01,692 - INFO - Scraping TrendForce main news page...
2026-07-01 06:00:01,997 - INFO - Found 5 articles on page.
2026-07-01 06:00:01,997 - INFO - No new articles detected.
2026-07-01 06:30:02,083 - INFO - Scraping TrendForce main news page...
2026-07-01 06:30:02,290 - INFO - Found 5 articles on page.
2026-07-01 06:30:02,290 - INFO - No new articles detected.
2026-07-01 07:00:01,716 - INFO - Scraping TrendForce main news page...
2026-07-01 07:00:01,893 - INFO - Found 5 articles on page.
2026-07-01 07:00:01,893 - INFO - No new articles detected.
2026-07-01 07:30:02,079 - INFO - Scraping TrendForce main news page...
2026-07-01 07:30:02,310 - INFO - Found 5 articles on page.
2026-07-01 07:30:02,311 - INFO - No new articles detected.
2026-07-01 08:00:01,395 - INFO - Scraping TrendForce main news page...
2026-07-01 08:00:01,636 - INFO - Found 5 articles on page.
2026-07-01 08:00:01,636 - INFO - No new articles detected.
2026-07-01 08:30:01,831 - INFO - Scraping TrendForce main news page...
2026-07-01 08:30:02,038 - INFO - Found 5 articles on page.
2026-07-01 08:30:02,038 - INFO - No new articles detected.
2026-07-01 09:00:01,438 - INFO - Scraping TrendForce main news page...
2026-07-01 09:00:01,703 - INFO - Found 5 articles on page.
2026-07-01 09:00:01,703 - INFO - Processing new article: [News] Samsung Electro-Mechanics Lands KRW 450B 1-Year MLCC Contract as AI Spurs Long-Term Agreements
2026-07-01 09:00:09,563 - INFO - Sending full-text alert to Telegram chat -1003843549676...
2026-07-01 09:00:10,652 - INFO - Telegram alert sent successfully.
2026-07-01 09:00:12,652 - INFO - State saved. Added 1 articles to seen list (processed 1).
2026-07-01 09:30:01,427 - INFO - Scraping TrendForce main news page...
2026-07-01 09:30:01,631 - INFO - Found 5 articles on page.
2026-07-01 09:30:01,631 - INFO - No new articles detected.
2026-07-01 10:00:02,050 - INFO - Scraping TrendForce main news page...
2026-07-01 10:00:02,219 - INFO - Found 5 articles on page.
2026-07-01 10:00:02,219 - INFO - Processing new article: [News] World’s First Mass-Production Line for 6-/8-Inch Homoepitaxial Gallium Oxide Wafers Comes Online
2026-07-01 10:00:13,264 - INFO - Sending full-text alert to Telegram chat -1003843549676...
2026-07-01 10:00:14,293 - INFO - Telegram alert sent successfully.
2026-07-01 10:00:16,293 - INFO - State saved. Added 1 articles to seen list (processed 1).
2026-07-01 10:30:02,096 - INFO - Scraping TrendForce main news page...
2026-07-01 10:30:02,317 - INFO - Found 5 articles on page.
2026-07-01 10:30:02,317 - INFO - No new articles detected.
2026-07-01 11:00:01,634 - INFO - Scraping TrendForce main news page...
2026-07-01 11:00:01,809 - INFO - Found 5 articles on page.
2026-07-01 11:00:01,809 - INFO - No new articles detected.
2026-07-01 11:30:01,762 - INFO - Scraping TrendForce main news page...
2026-07-01 11:30:01,928 - INFO - Found 5 articles on page.
2026-07-01 11:30:01,928 - INFO - No new articles detected.
2026-07-01 12:00:02,033 - INFO - Scraping TrendForce main news page...
2026-07-01 12:00:02,148 - ERROR - Failed to fetch main news page. HTTP 502
2026-07-01 12:00:02,148 - ERROR - No articles found on main news page.
2026-07-01 12:30:01,226 - INFO - Scraping TrendForce main news page...
2026-07-01 12:30:01,393 - INFO - Found 5 articles on page.
2026-07-01 12:30:01,393 - INFO - Detected 3 new articles. Limiting to the 2 most recent ones to avoid spam.
2026-07-01 12:30:01,393 - INFO - Processing new article: [News] Passive Component Prices Rise as YAGEO Reportedly Begins Broadest Capacitor Hike in Years on July 1
2026-07-01 12:30:13,904 - INFO - Sending full-text alert to Telegram chat -1003843549676...
2026-07-01 12:30:14,963 - INFO - Telegram alert sent successfully.
2026-07-01 12:30:16,963 - INFO - Processing new article: [Insights] Memory Spot Price Update: DRAM Spot Prices See Gains in Low-Density DDR4 and DDR3 Amid Sideways Market
2026-07-01 12:30:21,661 - INFO - Sending full-text alert to Telegram chat -1003843549676...
2026-07-01 12:30:22,717 - INFO - Telegram alert sent successfully.
2026-07-01 12:30:24,717 - INFO - State saved. Added 3 articles to seen list (processed 2).
2026-07-01 13:00:02,084 - INFO - Scraping TrendForce main news page...
2026-07-01 13:00:02,287 - INFO - Found 5 articles on page.
2026-07-01 13:00:02,287 - INFO - No new articles detected.
2026-07-01 13:30:01,406 - INFO - Scraping TrendForce main news page...
2026-07-01 13:30:01,572 - INFO - Found 5 articles on page.
2026-07-01 13:30:01,572 - INFO - No new articles detected.
2026-07-01 14:00:02,085 - INFO - Scraping TrendForce main news page...
2026-07-01 14:00:02,288 - INFO - Found 5 articles on page.
2026-07-01 14:00:02,288 - INFO - No new articles detected.
2026-07-01 14:30:01,777 - INFO - Scraping TrendForce main news page...
2026-07-01 14:30:01,987 - INFO - Found 5 articles on page.
2026-07-01 14:30:01,988 - INFO - No new articles detected.
2026-07-01 15:00:01,999 - INFO - Scraping TrendForce main news page...
2026-07-01 15:00:02,225 - INFO - Found 5 articles on page.
2026-07-01 15:00:02,225 - INFO - No new articles detected.
2026-07-01 15:30:01,746 - INFO - Scraping TrendForce main news page...
2026-07-01 15:30:01,933 - INFO - Found 5 articles on page.
2026-07-01 15:30:01,933 - INFO - Processing new article: [News] Musk’s TeraFab Lands First Major Hire as 18-Year Intel Veteran With 18A Experience Joins as Director
2026-07-01 15:30:11,894 - INFO - Sending full-text alert to Telegram chat -1003843549676...
2026-07-01 15:30:12,942 - INFO - Telegram alert sent successfully.
2026-07-01 15:30:14,943 - INFO - State saved. Added 1 articles to seen list (processed 1).
2026-07-01 16:00:01,861 - INFO - Scraping TrendForce main news page...
2026-07-01 16:00:02,061 - INFO - Found 5 articles on page.
2026-07-01 16:00:02,061 - INFO - No new articles detected.
2026-07-01 16:30:02,066 - INFO - Scraping TrendForce main news page...
2026-07-01 16:30:02,298 - INFO - Found 5 articles on page.
2026-07-01 16:30:02,298 - INFO - No new articles detected.
2026-07-01 17:00:01,178 - INFO - Scraping TrendForce main news page...
2026-07-01 17:00:01,348 - INFO - Found 5 articles on page.
2026-07-01 17:00:01,348 - INFO - No new articles detected.
2026-07-01 17:30:01,981 - INFO - Scraping TrendForce main news page...
2026-07-01 17:30:02,161 - INFO - Found 5 articles on page.
2026-07-01 17:30:02,161 - INFO - Processing new article: [News] ASE Reportedly Raises Advanced Packaging Quotes by More Than 20% in Latest AI-Driven Price Hike
2026-07-01 17:30:13,517 - INFO - Sending full-text alert to Telegram chat -1003843549676...
2026-07-01 17:30:14,712 - INFO - Telegram alert sent successfully.
2026-07-01 17:30:16,713 - INFO - State saved. Added 1 articles to seen list (processed 1).
2026-07-01 18:00:01,514 - INFO - Scraping TrendForce main news page...
2026-07-01 18:00:01,686 - INFO - Found 5 articles on page.
2026-07-01 18:00:01,686 - INFO - No new articles detected.
2026-07-01 18:30:01,385 - INFO - Scraping TrendForce main news page...
2026-07-01 18:30:01,553 - INFO - Found 5 articles on page.
2026-07-01 18:30:01,553 - INFO - No new articles detected.
2026-07-01 19:00:01,414 - INFO - Scraping TrendForce main news page...
2026-07-01 19:00:01,614 - INFO - Found 5 articles on page.
2026-07-01 19:00:01,614 - INFO - No new articles detected.
2026-07-01 19:30:01,732 - INFO - Scraping TrendForce main news page...
2026-07-01 19:30:01,912 - INFO - Found 5 articles on page.
2026-07-01 19:30:01,912 - INFO - No new articles detected.
2026-07-01 20:00:01,166 - INFO - Scraping TrendForce main news page...
2026-07-01 20:00:01,334 - INFO - Found 5 articles on page.
2026-07-01 20:00:01,334 - INFO - No new articles detected.
2026-07-01 20:30:01,275 - INFO - Scraping TrendForce main news page...
2026-07-01 20:30:01,613 - INFO - Found 5 articles on page.
2026-07-01 20:30:01,613 - INFO - No new articles detected.
