2026-06-20 08:00:02,507 - INFO - Loading environment variables from .env file...
2026-06-20 08:00:02,507 - INFO - Starting Daily US Market Monitor...
2026-06-20 08:00:02,507 - INFO - Fetching S&P 500 stock list from FinanceDataReader...
2026-06-20 08:00:02,954 - INFO - Downloading daily price data for 503 stocks using yfinance...
2026-06-20 08:00:06,660 - ERROR - $BFB: possibly delisted; no price data found  (period=2d) (Yahoo error = "No data found, symbol may be delisted")
2026-06-20 08:00:08,538 - ERROR - $BRKB: possibly delisted; no price data found  (period=2d) (Yahoo error = "No data found, symbol may be delisted")
2026-06-20 08:00:08,540 - ERROR - 
2 Failed downloads:
2026-06-20 08:00:08,541 - ERROR - ['BFB', 'BRKB']: possibly delisted; no price data found  (period=2d) (Yahoo error = "No data found, symbol may be delisted")
2026-06-20 08:00:19,435 - ERROR - $WAB: possibly delisted; no price data found  (period=2d)
2026-06-20 08:00:19,444 - ERROR - 
1 Failed download:
2026-06-20 08:00:19,444 - ERROR - ['WAB']: possibly delisted; no price data found  (period=2d)
2026-06-20 08:00:20,847 - INFO - Fetching short interest data for movers...
2026-06-20 08:00:25,317 - INFO - Fetching SEC current Form 4 Atom feed...
2026-06-20 08:00:25,590 - INFO - Found 100 entries in SEC Atom feed.
2026-06-20 08:00:25,591 - INFO - Unique Form 4 index URLs to process: 100
2026-06-20 08:00:46,608 - INFO - Successfully saved 82712 cumulative insider transactions to /home/inhyuk/projects/dataScout/data_us/us_insider_transactions.xlsx
2026-06-20 08:00:46,612 - INFO - Uploading US Market Report to Telegram chat: -1003877753638...
2026-06-20 08:00:47,662 - INFO - Successfully uploaded report to Telegram.

--- Generated Report ---
🇺🇸 *[미국 증시 일일 요약 리포트]* 🇺🇸

📈 *S&P 500 상승 TOP 5*
1. *SNDK* | $2184.75 (+11.54%) (공매도 비율: 9.71%, Ratio: 0.6)
2. *GLW* | $194.92 (+11.13%) (공매도 비율: 2.81%, Ratio: 1.4)
3. *INTC* | $133.99 (+10.64%) (공매도 비율: 2.69%, Ratio: 0.9)
4. *SMCI* | $30.66 (+10.37%) (공매도 비율: 16.55%, Ratio: 1.7)
5. *KLAC* | $259.56 (+8.73%) (공매도 비율: 2.99%, Ratio: 3.3)

📉 *S&P 500 하락 TOP 5*
1. *ACN* | $127.98 (-17.97%) (공매도 비율: 4.70%, Ratio: 4.4)
2. *CTSH* | $43.70 (-10.49%) (공매도 비율: 12.74%, Ratio: 6.9)
3. *KR* | $56.61 (-8.43%) (공매도 비율: 5.11%, Ratio: 5.4)
4. *STLD* | $249.91 (-7.49%) (공매도 비율: 3.30%, Ratio: 3.6)
5. *OMC* | $71.35 (-6.50%) (공매도 비율: 11.32%, Ratio: 7.6)

🕵️ *주요 기업 내부자 지분 변동 (SEC Form 4)*
- *HNGE* (Hinge Health, Inc.) 
  └ 🔴 매도 | Insight Holdings Group, LLC (10% Owner) 
  └ 수량: 32,751주 | 평단가: $70.36 | 총액: *$2,304,347*
- *HNGE* (Hinge Health, Inc.) 
  └ 🔴 매도 | Insight Holdings Group, LLC (10% Owner) 
  └ 수량: 32,751주 | 평단가: $70.36 | 총액: *$2,304,347*
- *HNGE* (Hinge Health, Inc.) 
  └ 🔴 매도 | Insight Holdings Group, LLC (10% Owner) 
  └ 수량: 32,751주 | 평단가: $70.36 | 총액: *$2,304,347*
- *HNGE* (Hinge Health, Inc.) 
  └ 🔴 매도 | Insight Holdings Group, LLC (10% Owner) 
  └ 수량: 32,751주 | 평단가: $70.36 | 총액: *$2,304,347*
- *HNGE* (Hinge Health, Inc.) 
  └ 🔴 매도 | Insight Holdings Group, LLC (10% Owner) 
  └ 수량: 32,751주 | 평단가: $70.36 | 총액: *$2,304,347*
- *HNGE* (Hinge Health, Inc.) 
  └ 🔴 매도 | Insight Holdings Group, LLC (10% Owner) 
  └ 수량: 32,751주 | 평단가: $70.36 | 총액: *$2,304,347*
- *HNGE* (Hinge Health, Inc.) 
  └ 🔴 매도 | Insight Holdings Group, LLC (10% Owner) 
  └ 수량: 32,751주 | 평단가: $70.36 | 총액: *$2,304,347*
- *HNGE* (Hinge Health, Inc.) 
  └ 🔴 매도 | Insight Holdings Group, LLC (10% Owner) 
  └ 수량: 32,751주 | 평단가: $70.36 | 총액: *$2,304,347*
- *HNGE* (Hinge Health, Inc.) 
  └ 🔴 매도 | Insight Holdings Group, LLC (10% Owner) 
  └ 수량: 26,856주 | 평단가: $70.36 | 총액: *$1,889,577*
- *HNGE* (Hinge Health, Inc.) 
  └ 🔴 매도 | Insight Holdings Group, LLC (10% Owner) 
  └ 수량: 26,856주 | 평단가: $70.36 | 총액: *$1,889,577*
