Starting DART data collection for: 20260619
Successfully saved 3 filtered disclosures to /home/inhyuk/projects/dataScout/data_dart/20260619/disclosures.json
Starting download of disclosure documents...
Downloading [1/3] 20260619800001...
Downloading [2/3] 20260618000412...
Downloading [3/3] 20260618000413...
Download complete: 3 downloaded, 0 skipped, 0 failed.
Starting DART data collection for: 20260619
Successfully saved 3 filtered disclosures to /home/inhyuk/projects/dataScout/data_dart/20260619/disclosures.json
Starting download of disclosure documents...
Download complete: 0 downloaded, 3 skipped, 0 failed.
Starting DART data collection for: 20260619
Successfully saved 6 filtered disclosures to /home/inhyuk/projects/dataScout/data_dart/20260619/disclosures.json
Starting download of disclosure documents...
Downloading [1/6] 20260619000015...
Downloading [2/6] 20260619900166...
Downloading [3/6] 20260619000002...
Download complete: 3 downloaded, 3 skipped, 0 failed.
Starting DART data collection for: 20260619
Successfully saved 10 filtered disclosures to /home/inhyuk/projects/dataScout/data_dart/20260619/disclosures.json
Starting download of disclosure documents...
Downloading [1/10] 20260619000047...
Downloading [2/10] 20260619000034...
Downloading [3/10] 20260619000032...
Downloading [4/10] 20260619000031...
Download complete: 4 downloaded, 6 skipped, 0 failed.
Starting DART data collection for: 20260619
Successfully saved 23 filtered disclosures to /home/inhyuk/projects/dataScout/data_dart/20260619/disclosures.json
Starting download of disclosure documents...
Downloading [1/23] 20260619000082...
[20260619000082] API Response (not zip): <?xml version="1.0" encoding="UTF-8" standalone="yes"?><result><status>014</status><message>파일이 존재하지 않습니다.</message></result>
Downloading [2/23] 20260619000080...
Downloading [3/23] 20260619000079...
Downloading [4/23] 20260619000078...
Downloading [5/23] 20260619000076...
Downloading [6/23] 20260619000075...
Downloading [7/23] 20260619000071...
Downloading [8/23] 20260619000066...
Downloading [9/23] 20260619000063...
Downloading [10/23] 20260619000062...
Downloading [11/23] 20260619000061...
Downloading [12/23] 20260619000060...
Downloading [13/23] 20260619000056...
Download complete: 12 downloaded, 10 skipped, 1 failed.
Starting DART data collection for: 20260619
Successfully saved 38 filtered disclosures to /home/inhyuk/projects/dataScout/data_dart/20260619/disclosures.json
Starting download of disclosure documents...
Downloading [1/38] 20260619800404...
[20260619800404] API Response (not zip): <?xml version="1.0" encoding="UTF-8" standalone="yes"?><result><status>014</status><message>파일이 존재하지 않습니다.</message></result>
Downloading [2/38] 20260619900388...
Downloading [3/38] 20260619000099...
Downloading [4/38] 20260619000098...
Downloading [5/38] 20260619800395...
Downloading [6/38] 20260619000096...
Downloading [7/38] 20260619000095...
Downloading [8/38] 20260619000094...
Downloading [9/38] 20260619000092...
Downloading [10/38] 20260619000091...
Downloading [11/38] 20260619000089...
Downloading [12/38] 20260619000087...
Downloading [13/38] 20260619900372...
Downloading [14/38] 20260619000086...
Downloading [15/38] 20260619000084...
Download complete: 14 downloaded, 23 skipped, 1 failed.
