2026-06-25 17:00:02,562 - INFO - Loading .env ...
2026-06-25 17:00:02,563 - INFO - 
==================================================
2026-06-25 17:00:02,563 - INFO - Processing KR market...
2026-06-25 17:00:02,563 - INFO - ==================================================
2026-06-25 17:00:02,563 - INFO - === KR 52-Week High Monitor ===
2026-06-25 17:00:03,937 - INFO - KR tickers: 2768 (KOSPI 946, KOSDAQ 1822)
2026-06-25 17:00:03,937 - INFO -   Chunk 1/14 (200 tickers)...
2026-06-25 17:00:08,356 - INFO -   Chunk 2/14 (200 tickers)...
2026-06-25 17:00:19,849 - ERROR - $003920.KS: possibly delisted; no price data found  (period=1y)
2026-06-25 17:00:19,859 - ERROR - 
1 Failed download:
2026-06-25 17:00:19,859 - ERROR - ['003920.KS']: possibly delisted; no price data found  (period=1y)
2026-06-25 17:00:20,626 - INFO -   Chunk 3/14 (200 tickers)...
2026-06-25 17:00:24,751 - INFO -   Chunk 4/14 (200 tickers)...
2026-06-25 17:00:28,543 - INFO -   Chunk 5/14 (200 tickers)...
2026-06-25 17:00:31,752 - ERROR - $099520.KQ: possibly delisted; no price data found  (period=1y) (Yahoo error = "No data found, symbol may be delisted")
2026-06-25 17:00:38,085 - ERROR - 
1 Failed download:
2026-06-25 17:00:38,085 - ERROR - ['099520.KQ']: possibly delisted; no price data found  (period=1y) (Yahoo error = "No data found, symbol may be delisted")
2026-06-25 17:00:38,835 - INFO -   Chunk 6/14 (200 tickers)...
2026-06-25 17:00:42,579 - INFO -   Chunk 7/14 (200 tickers)...
2026-06-25 17:00:53,433 - ERROR - $462860.KQ: possibly delisted; no price data found  (period=1y)
2026-06-25 17:00:54,056 - ERROR - $471050.KQ: possibly delisted; no price data found  (period=1y)
2026-06-25 17:00:54,063 - ERROR - 
2 Failed downloads:
2026-06-25 17:00:54,063 - ERROR - ['462860.KQ', '471050.KQ']: possibly delisted; no price data found  (period=1y)
2026-06-25 17:00:54,826 - INFO -   Chunk 8/14 (200 tickers)...
2026-06-25 17:00:58,336 - INFO -   Chunk 9/14 (200 tickers)...
2026-06-25 17:01:09,910 - ERROR - $115530.KQ: possibly delisted; no price data found  (period=1y)
2026-06-25 17:01:10,394 - ERROR - $031310.KQ: possibly delisted; no price data found  (period=1y)
2026-06-25 17:01:10,399 - ERROR - 
2 Failed downloads:
2026-06-25 17:01:10,402 - ERROR - ['115530.KQ', '031310.KQ']: possibly delisted; no price data found  (period=1y)
2026-06-25 17:01:11,151 - INFO -   Chunk 10/14 (200 tickers)...
2026-06-25 17:01:14,975 - INFO -   Chunk 11/14 (200 tickers)...
2026-06-25 17:01:25,736 - ERROR - $340930.KQ: possibly delisted; no price data found  (period=1y)
2026-06-25 17:01:26,220 - ERROR - $417860.KQ: possibly delisted; no price data found  (period=1y)
2026-06-25 17:01:27,017 - ERROR - $010470.KQ: possibly delisted; no price data found  (period=1y)
2026-06-25 17:01:27,024 - ERROR - 
3 Failed downloads:
2026-06-25 17:01:27,024 - ERROR - ['340930.KQ', '417860.KQ', '010470.KQ']: possibly delisted; no price data found  (period=1y)
2026-06-25 17:01:27,776 - INFO -   Chunk 12/14 (200 tickers)...
2026-06-25 17:01:31,660 - INFO -   Chunk 13/14 (200 tickers)...
2026-06-25 17:01:35,388 - INFO -   Chunk 14/14 (168 tickers)...
2026-06-25 17:01:46,091 - INFO - KR raw 52w highs: 56
2026-06-25 17:01:56,059 - INFO - KR after mcap filter: 20
2026-06-25 17:01:56,059 - INFO - Fetching news for 20 KR stocks...
2026-06-25 17:02:09,630 - INFO - Got news for 3 stocks
2026-06-25 17:02:10,803 - INFO - KR report sent to Telegram.
KRX 로그인 실패: KRX_ID 또는 KRX_PW 환경 변수가 설정되지 않았습니다.
KRX 로그인 시도...
  로그인 ID: heyork1
KRX 로그인 완료.
  로그인 시간: 2026-06-25 17:00:03
  만료 시간: 2026-06-25 18:00:03

============================================================

--- KR Report (20 stocks) ---
🇰🇷 *52주 신고가 달성 주식 (2026-06-25)*
📊 섹터 집계: 기타 20개

1. SK #034730
기타 / Korea
종가 858,000 | 상승 🟢 20.51% | 시총 62.2조
💬 Aug. 20—WOODINVILLE — The owners of Group14 Technologies have announced the company has acquired full ownership of its facility in South Korea. The co

2. SK우 #03473K
기타 / Korea
종가 478,500 | 상승 🟢 12.85% | 시총 2,709억
💬 Aug. 20—WOODINVILLE — The owners of Group14 Technologies have announced the company has acquired full ownership of its facility in South Korea. The co

3. 삼성전자우 #005935
기타 / Korea
종가 235,000 | 상승 🟢 10.07% | 시총 188.6조
💬 Micron (MU) reported third quarter results on Wednesday after the closing bell. Adjusted earnings per share (EPS) came in at $25.11 (compared to analy

4. 인바디 #041830
기타 / Korea
종가 48,000 | 상승 🟢 3.67% | 시총 6,471억

5. 기가비스 #420770
기타 / Korea
종가 161,500 | 상승 🟢 3.66% | 시총 2.0조

6. DH오토넥스 #000300
기타 / Korea
종가 21,086,206 | 상승 🟢 0.00% | 시총 1,740억

7. KC코트렐 #119650
기타 / Korea
종가 1,581 | 상승 🟢 0.00% | 시총 1,008억

8. 금양 #001570
기타 / Korea
종가 9,900 | 상승 🟢 0.00% | 시총 6,333억

9. 카프로 #006380
기타 / Korea
종가 3,660 | 상승 🟢 0.00% | 시총 6,185억

10. EDGC #245620
기타 / Korea
종가 2,489 | 상승 🟢 0.00% | 시총 1,671억

11. 버킷스튜디오 #066410
기타 / Korea
종가 1,153 | 상승 🟢 0.00% | 시총 1,596억

12. 비덴트 #121800
기타 / Korea
종가 3,320 | 상승 🟢 0.00% | 시총 2,563억

13. 시스웍 #269620
기타 / Korea
종가 889 | 상승 🟢 0.00% | 시총 1,321억

14. 엔케이젠바이오텍코리아 #182400
기타 / Korea
종가 47,980 | 상승 🟢 0.00% | 시총 2,655억

15. 옵티코어 #380540
기타 / Korea
종가 8,450 | 상승 🟢 0.00% | 시총 2,067억

16. 코다코 #046070
기타 / Korea
종가 4,328 | 상승 🟢 0.00% | 시총 1,592억

17. 코맥스 #036690
기타 / Korea
종가 2,885 | 상승 🟢 0.00% | 시총 1,257억

18. 큐에이드 #377460
기타 / Korea
종가 16,466 | 상승 🟢 0.00% | 시총 2,532억

19. 플래스크 #041590
기타 / Korea
종가 2,367 | 상승 🟢 0.00% | 시총 1,161억

20. 현대사료 #016790
기타 / Korea
종가 994 | 상승 🟢 0.00% | 시총 1,873억

============================================================
2026-06-26 17:00:01,600 - INFO - Loading .env ...
2026-06-26 17:00:01,601 - INFO - 
==================================================
2026-06-26 17:00:01,601 - INFO - Processing KR market...
2026-06-26 17:00:01,601 - INFO - ==================================================
2026-06-26 17:00:01,601 - INFO - === KR 52-Week High Monitor ===
2026-06-26 17:00:02,875 - INFO - KR tickers: 2768 (KOSPI 946, KOSDAQ 1822)
2026-06-26 17:00:02,875 - INFO -   Chunk 1/14 (200 tickers)...
2026-06-26 17:00:07,285 - INFO -   Chunk 2/14 (200 tickers)...
2026-06-26 17:00:11,142 - INFO -   Chunk 3/14 (200 tickers)...
2026-06-26 17:00:21,155 - ERROR - $33637K.KS: possibly delisted; no price data found  (period=1y)
2026-06-26 17:00:23,863 - ERROR - $134380.KS: possibly delisted; no price data found  (period=1y)
2026-06-26 17:00:23,871 - ERROR - 
2 Failed downloads:
2026-06-26 17:00:23,871 - ERROR - ['33637K.KS', '134380.KS']: possibly delisted; no price data found  (period=1y)
2026-06-26 17:00:24,629 - INFO -   Chunk 4/14 (200 tickers)...
2026-06-26 17:00:32,111 - INFO -   Chunk 5/14 (200 tickers)...
2026-06-26 17:00:36,654 - ERROR - $099520.KQ: possibly delisted; no price data found  (period=1y) (Yahoo error = "No data found, symbol may be delisted")
2026-06-26 17:00:44,740 - ERROR - $000880.KS: possibly delisted; no price data found  (period=1y)
2026-06-26 17:00:44,748 - ERROR - 
2 Failed downloads:
2026-06-26 17:00:44,748 - ERROR - ['099520.KQ']: possibly delisted; no price data found  (period=1y) (Yahoo error = "No data found, symbol may be delisted")
2026-06-26 17:00:44,748 - ERROR - ['000880.KS']: possibly delisted; no price data found  (period=1y)
2026-06-26 17:00:45,496 - INFO -   Chunk 6/14 (200 tickers)...
2026-06-26 17:00:49,069 - INFO -   Chunk 7/14 (200 tickers)...
2026-06-26 17:00:52,707 - INFO -   Chunk 8/14 (200 tickers)...
2026-06-26 17:01:03,713 - ERROR - $466410.KQ: possibly delisted; no price data found  (period=1y)
2026-06-26 17:01:03,928 - ERROR - $171090.KQ: possibly delisted; no price data found  (period=1y)
2026-06-26 17:01:03,931 - ERROR - 
2 Failed downloads:
2026-06-26 17:01:03,931 - ERROR - ['466410.KQ', '171090.KQ']: possibly delisted; no price data found  (period=1y)
2026-06-26 17:01:04,685 - INFO -   Chunk 9/14 (200 tickers)...
2026-06-26 17:01:08,912 - INFO -   Chunk 10/14 (200 tickers)...
2026-06-26 17:01:21,215 - ERROR - $158430.KQ: possibly delisted; no price data found  (period=1y)
2026-06-26 17:01:21,217 - ERROR - 
1 Failed download:
2026-06-26 17:01:21,217 - ERROR - ['158430.KQ']: possibly delisted; no price data found  (period=1y)
2026-06-26 17:01:21,976 - INFO -   Chunk 11/14 (200 tickers)...
2026-06-26 17:01:25,824 - INFO -   Chunk 12/14 (200 tickers)...
2026-06-26 17:01:29,285 - INFO -   Chunk 13/14 (200 tickers)...
2026-06-26 17:01:39,597 - ERROR - $066310.KQ: possibly delisted; no price data found  (period=1y)
2026-06-26 17:01:41,697 - ERROR - $271830.KQ: possibly delisted; no price data found  (period=1y)
2026-06-26 17:01:41,705 - ERROR - 
2 Failed downloads:
2026-06-26 17:01:41,705 - ERROR - ['066310.KQ', '271830.KQ']: possibly delisted; no price data found  (period=1y)
2026-06-26 17:01:42,457 - INFO -   Chunk 14/14 (168 tickers)...
2026-06-26 17:01:45,822 - INFO - KR raw 52w highs: 11
2026-06-26 17:01:56,490 - INFO - WICS missing for 11 stocks, falling back to yfinance...
2026-06-26 17:02:01,832 - INFO - KR after mcap filter: 6
2026-06-26 17:02:01,832 - INFO - Fetching news for 6 KR stocks...
2026-06-26 17:02:04,378 - INFO - Got news for 0 stocks
2026-06-26 17:02:05,489 - INFO - KR report sent to Telegram.
KRX 로그인 실패: KRX_ID 또는 KRX_PW 환경 변수가 설정되지 않았습니다.
KRX 로그인 시도...
  로그인 ID: heyork1
KRX 로그인 완료.
  로그인 시간: 2026-06-26 17:00:02
  만료 시간: 2026-06-26 18:00:02

============================================================

--- KR Report (6 stocks) ---
🇰🇷 *52주 신고가 달성 주식 (2026-06-26)*
📊 섹터 집계: Technology 3개 | Consumer Cyclical 2개 | Industrials 1개

1. 금호건설 #002990
Industrials / Korea
종가 6,630 | 상승 🟢 30.00% | 시총 2,470억

2. 광주신세계 #037710
Consumer Cyclical / Korea
종가 52,900 | 상승 🟢 29.98% | 시총 4,035억

3. 남화산업 #111710
Consumer Cyclical / Korea
종가 4,900 | 상승 🟢 29.97% | 시총 1,009억

4. 피에스케이 #319660
Technology / Korea
종가 188,200 | 상승 🟢 10.32% | 시총 5.5조

5. 브이엠 #089970
Technology / Korea
종가 107,600 | 상승 🟢 7.60% | 시총 2.7조

6. 기가비스 #420770
Technology / Korea
종가 166,700 | 상승 🟢 3.22% | 시총 2.1조

============================================================
2026-06-29 17:00:01,715 - INFO - Loading .env ...
2026-06-29 17:00:01,715 - INFO - 
==================================================
2026-06-29 17:00:01,715 - INFO - Processing KR market...
2026-06-29 17:00:01,715 - INFO - ==================================================
2026-06-29 17:00:01,715 - INFO - === KR 52-Week High Monitor ===
2026-06-29 17:00:03,151 - INFO - KR tickers: 2769 (KOSPI 946, KOSDAQ 1823)
2026-06-29 17:00:03,151 - INFO -   Chunk 1/14 (200 tickers)...
2026-06-29 17:00:07,944 - INFO -   Chunk 2/14 (200 tickers)...
2026-06-29 17:00:19,567 - ERROR - $030210.KS: possibly delisted; no price data found  (period=1y)
2026-06-29 17:00:19,569 - ERROR - 
1 Failed download:
2026-06-29 17:00:19,569 - ERROR - ['030210.KS']: possibly delisted; no price data found  (period=1y)
2026-06-29 17:00:20,351 - INFO -   Chunk 3/14 (200 tickers)...
2026-06-29 17:00:25,772 - INFO -   Chunk 4/14 (200 tickers)...
2026-06-29 17:00:30,188 - INFO -   Chunk 5/14 (200 tickers)...
2026-06-29 17:00:34,818 - ERROR - $099520.KQ: possibly delisted; no price data found  (period=1y) (Yahoo error = "No data found, symbol may be delisted")
2026-06-29 17:00:40,918 - ERROR - $002220.KS: possibly delisted; no price data found  (period=1y)
2026-06-29 17:00:40,922 - ERROR - 
2 Failed downloads:
2026-06-29 17:00:40,922 - ERROR - ['099520.KQ']: possibly delisted; no price data found  (period=1y) (Yahoo error = "No data found, symbol may be delisted")
2026-06-29 17:00:40,922 - ERROR - ['002220.KS']: possibly delisted; no price data found  (period=1y)
2026-06-29 17:00:41,679 - INFO -   Chunk 6/14 (200 tickers)...
2026-06-29 17:00:47,210 - INFO -   Chunk 7/14 (200 tickers)...
2026-06-29 17:00:51,429 - INFO -   Chunk 8/14 (200 tickers)...
2026-06-29 17:00:55,190 - INFO -   Chunk 9/14 (200 tickers)...
2026-06-29 17:01:08,110 - INFO -   Chunk 10/14 (200 tickers)...
2026-06-29 17:01:12,385 - INFO -   Chunk 11/14 (200 tickers)...
2026-06-29 17:01:24,791 - INFO -   Chunk 12/14 (200 tickers)...
2026-06-29 17:01:28,700 - INFO -   Chunk 13/14 (200 tickers)...
2026-06-29 17:01:32,782 - INFO -   Chunk 14/14 (169 tickers)...
2026-06-29 17:01:45,027 - ERROR - $090710.KQ: possibly delisted; no price data found  (period=1y)
2026-06-29 17:01:45,031 - ERROR - 
1 Failed download:
2026-06-29 17:01:45,031 - ERROR - ['090710.KQ']: possibly delisted; no price data found  (period=1y)
2026-06-29 17:01:45,725 - INFO - KR raw 52w highs: 11
2026-06-29 17:01:58,130 - INFO - WICS missing for 11 stocks, falling back to yfinance...
2026-06-29 17:02:05,325 - INFO - KR after mcap filter: 7
2026-06-29 17:02:05,325 - INFO - Fetching news for 7 KR stocks...
2026-06-29 17:02:08,931 - INFO - Got news for 0 stocks
2026-06-29 17:02:10,053 - INFO - KR report sent to Telegram.
KRX 로그인 실패: KRX_ID 또는 KRX_PW 환경 변수가 설정되지 않았습니다.
KRX 로그인 시도...
  로그인 ID: heyork1
KRX 로그인 완료.
  로그인 시간: 2026-06-29 17:00:02
  만료 시간: 2026-06-29 18:00:02

============================================================

--- KR Report (7 stocks) ---
🇰🇷 *52주 신고가 달성 주식 (2026-06-29)*
📊 섹터 집계: 기타 3개 | Industrials 2개 | Consumer Cyclical 1개 | Technology 1개

1. 남화산업 #111710
Consumer Cyclical / Korea
종가 6,370 | 상승 🟢 30.00% | 시총 1,311억

2. 남화토건 #091590
Industrials / Korea
종가 8,680 | 상승 🟢 29.94% | 시총 1,019억

3. 금호건설 #002990
Industrials / Korea
종가 8,610 | 상승 🟢 29.86% | 시총 3,208억

4. 인바디 #041830
기타 / Korea
종가 52,600 | 상승 🟢 16.50% | 시총 7,091억

5. SM C&C #048550
기타 / Korea
종가 1,786 | 상승 🟢 16.05% | 시총 1,727억

6. 기가비스 #420770
Technology / Korea
종가 175,500 | 상승 🟢 5.28% | 시총 2.2조

7. KB발해인프라 #415640
기타 / Korea
종가 10,050 | 상승 🟢 3.34% | 시총 1.2조

============================================================
