2026-06-29 11:00:02,232 - INFO - Loading DRAMeXchange homepage with headless Chrome...
2026-06-29 11:00:13,567 - INFO -   dram_spot: 7 products scraped.
2026-06-29 11:00:13,711 - INFO -   nand_spot: 4 products scraped.
2026-06-29 11:00:13,839 - INFO -   memcard_spot: 4 products scraped.
2026-06-29 11:00:13,934 - INFO -   module_spot: 3 products scraped.
2026-06-29 11:00:14,004 - INFO -   gddr_spot: 2 products scraped.
2026-06-29 11:00:14,101 - INFO -   nand_wafer_spot: 3 products scraped.
2026-06-29 11:00:14,160 - INFO - Scraped 23 products across 6 categories.
2026-06-29 11:00:14,160 - INFO - History saved to /home/inhyuk/projects/dataScout/data_us/dramexchange/price_history.json
2026-06-29 11:00:14,161 - INFO - Appended DDR5 CSV: 2026-06-29 $46.733

============================================================
DRAMeXchange Price Snapshot (2026-06-29 11:00:14)
============================================================

[DRAM SPOT]
  DDR5 16Gb (2Gx8) 4800/5600                    Avg: $46.733     Change: 0.00%
  DDR5 16Gb (2Gx8) eTT                          Avg: $23.500     Change: 0.00%
  DDR4 16Gb (2Gx8) 3200                         Avg: $72.317     Change: +1.02%
  DDR4 16Gb (2Gx8) eTT                          Avg: $11.675     Change: 0.00%
  DDR4 8Gb (1Gx8) 3200                          Avg: $36.000     Change: 0.00%
  DDR4 8Gb (1Gx8) eTT                           Avg: $4.300      Change: -0.49%
  DDR3 4Gb 512Mx8 1600/1866                     Avg: $11.571     Change: +0.62%

[NAND SPOT]
  SLC 2Gb 256MBx8                               Avg: $3.913      Change: +0.33%
  SLC 1Gb 128MBx8                               Avg: $3.578      Change: +0.42%
  MLC 64Gb 8GBx8                                Avg: $28.182     Change: +6.17%
  MLC 32Gb 4GBx8                                Avg: $14.000     Change: +5.53%

[MEMCARD SPOT]
  MicroSD 16GB                                  Avg: $2.925      Change: -0.85%
  MicroSD 32GB                                  Avg: $4.575      Change: -3.68%
  MicroSD 64GB                                  Avg: $6.800      Change: -4.90%
  MicroSD 128GB                                 Avg: $13.550     Change: -4.58%

[MODULE SPOT]
  DDR5 UDIMM 16GB 4800/5600                     Avg: $209.000    Change: 0.00%
  DDR5 RDIMM 32GB 4800/5600                     Avg: $1275.000   Change: +2.00%
  DDR4 UDIMM 16GB 3200                          Avg: $149.924    Change: -0.11%

[GDDR SPOT]
  GDDR5 8Gb                                     Avg: $11.545     Change: 0.00%
  GDDR6 8Gb                                     Avg: $11.522     Change: 0.00%

[NAND WAFER SPOT]
  512Gb TLC                                     Avg: $20.069     Change: -1.77%
  256Gb TLC                                     Avg: $10.180     Change: -1.85%
  128Gb TLC                                     Avg: $6.487      Change: -0.96%
============================================================
2026-06-29 15:00:02,204 - INFO - Loading DRAMeXchange homepage with headless Chrome...
2026-06-29 15:00:10,393 - WARNING - Table '#tb_NationalDramSpotPrice' not found.
2026-06-29 15:00:10,398 - WARNING - Table '#tb_NationalFlashSpotPrice' not found.
2026-06-29 15:00:10,402 - WARNING - Table '#tb_MemCardSpotPrice' not found.
2026-06-29 15:00:10,465 - ERROR - No data scraped. Exiting.
2026-06-29 18:00:01,491 - INFO - Loading DRAMeXchange homepage with headless Chrome...
2026-06-29 18:00:09,613 - WARNING - Table '#tb_NationalDramSpotPrice' not found.
2026-06-29 18:00:09,618 - WARNING - Table '#tb_NationalFlashSpotPrice' not found.
2026-06-29 18:00:09,622 - WARNING - Table '#tb_MemCardSpotPrice' not found.
2026-06-29 18:00:09,684 - ERROR - No data scraped. Exiting.
