2026-06-25 16:30:02,440 - INFO - Loading .env ...
2026-06-25 16:30:02,440 - INFO - 
==================================================
2026-06-25 16:30:02,440 - INFO - Processing JP market...
2026-06-25 16:30:02,440 - INFO - ==================================================
2026-06-25 16:30:02,440 - INFO - === JP 52-Week High Monitor ===
2026-06-25 16:30:03,056 - INFO - JP tickers: 4451
2026-06-25 16:30:03,103 - INFO -   Chunk 1/23 (200 tickers)...
2026-06-25 16:30:08,043 - INFO -   Chunk 2/23 (200 tickers)...
2026-06-25 16:30:18,860 - INFO -   Chunk 3/23 (200 tickers)...
2026-06-25 16:30:22,807 - INFO -   Chunk 4/23 (200 tickers)...
2026-06-25 16:30:26,715 - INFO -   Chunk 5/23 (200 tickers)...
2026-06-25 16:30:30,537 - INFO -   Chunk 6/23 (200 tickers)...
2026-06-25 16:30:41,376 - ERROR - $310A.T: possibly delisted; no price data found  (period=1y)
2026-06-25 16:30:41,393 - ERROR - $3064.T: possibly delisted; no price data found  (period=1y)
2026-06-25 16:30:42,049 - ERROR - 
2 Failed downloads:
2026-06-25 16:30:42,049 - ERROR - ['310A.T', '3064.T']: possibly delisted; no price data found  (period=1y)
2026-06-25 16:30:42,798 - INFO -   Chunk 7/23 (200 tickers)...
2026-06-25 16:30:46,503 - INFO -   Chunk 8/23 (200 tickers)...
2026-06-25 16:30:59,592 - INFO -   Chunk 9/23 (200 tickers)...
2026-06-25 16:31:03,416 - INFO -   Chunk 10/23 (200 tickers)...
2026-06-25 16:31:15,748 - ERROR - $4376.T: possibly delisted; no price data found  (period=1y)
2026-06-25 16:31:15,751 - ERROR - 
1 Failed download:
2026-06-25 16:31:15,751 - ERROR - ['4376.T']: possibly delisted; no price data found  (period=1y)
2026-06-25 16:31:16,554 - INFO -   Chunk 11/23 (200 tickers)...
2026-06-25 16:31:20,427 - INFO -   Chunk 12/23 (200 tickers)...
2026-06-25 16:31:32,961 - ERROR - $509A.T: possibly delisted; no price data found  (period=1y)
2026-06-25 16:31:32,962 - ERROR - 
1 Failed download:
2026-06-25 16:31:32,963 - ERROR - ['509A.T']: possibly delisted; no price data found  (period=1y)
2026-06-25 16:31:33,718 - INFO -   Chunk 13/23 (200 tickers)...
2026-06-25 16:31:37,542 - INFO -   Chunk 14/23 (200 tickers)...
2026-06-25 16:31:48,817 - INFO -   Chunk 15/23 (200 tickers)...
2026-06-25 16:31:53,423 - ERROR - HTTP Error 404: {"quoteSummary":{"result":null,"error":{"code":"Not Found","description":"Quote not found for symbol: 6576.T"}}}
2026-06-25 16:31:54,250 - ERROR - $6576.T: possibly delisted; no price data found  (period=1y) (Yahoo error = "No data found, symbol may be delisted")
2026-06-25 16:31:54,251 - ERROR - 
1 Failed download:
2026-06-25 16:31:54,251 - ERROR - ['6576.T']: possibly delisted; no price data found  (period=1y) (Yahoo error = "No data found, symbol may be delisted")
2026-06-25 16:31:55,000 - INFO -   Chunk 16/23 (200 tickers)...
2026-06-25 16:32:02,373 - INFO -   Chunk 17/23 (200 tickers)...
2026-06-25 16:32:06,290 - INFO -   Chunk 18/23 (200 tickers)...
2026-06-25 16:32:18,355 - ERROR - $7506.T: possibly delisted; no price data found  (period=1y)
2026-06-25 16:32:18,666 - ERROR - 
1 Failed download:
2026-06-25 16:32:18,666 - ERROR - ['7506.T']: possibly delisted; no price data found  (period=1y)
2026-06-25 16:32:19,425 - INFO -   Chunk 19/23 (200 tickers)...
2026-06-25 16:32:24,483 - INFO -   Chunk 20/23 (200 tickers)...
2026-06-25 16:32:28,731 - INFO -   Chunk 21/23 (200 tickers)...
2026-06-25 16:32:40,620 - ERROR - $9335.T: possibly delisted; no price data found  (period=1y)
2026-06-25 16:32:41,063 - ERROR - $9264.T: possibly delisted; no price data found  (period=1y)
2026-06-25 16:32:41,073 - ERROR - 
2 Failed downloads:
2026-06-25 16:32:41,073 - ERROR - ['9335.T', '9264.T']: possibly delisted; no price data found  (period=1y)
2026-06-25 16:32:41,826 - INFO -   Chunk 22/23 (200 tickers)...
2026-06-25 16:32:45,895 - INFO -   Chunk 23/23 (51 tickers)...
2026-06-25 16:32:47,537 - INFO - JP raw 52w highs: 303
2026-06-25 16:32:47,537 - INFO - Fetching mcap for 303 JP stocks...
2026-06-25 16:35:13,521 - INFO - JP after mcap filter: 75
2026-06-25 16:35:14,730 - INFO - JP report sent to Telegram.
KRX 로그인 실패: KRX_ID 또는 KRX_PW 환경 변수가 설정되지 않았습니다.

============================================================

--- JP Report (75 stocks) ---
🇯🇵 *52주 신고가 달성 주식 (2026-06-25)*
📊 섹터 집계: Electric Appliances 11개 | Chemicals 11개 | Foods 8개 | Retail Trade 7개 | Machinery 5개 | Precision Instruments 5개 | Services 5개 | Banks 4개 | Construction 4개 | Glass and Ceramics Products 3개 | Other Products 3개 | Real Estate 2개 | Transportation Equipment 2개 | Iron and Steel 1개 | Wholesale Trade 1개 | Pharmaceutical 1개 | Electric Power and Gas 1개 | Rubber Products 1개

1. KITAGAWA SEIKI CO.,LTD. #6327
Machinery / Japan
종가 6,610 | 상승 🟢 16.37% | 시총 ¥53.99B

2. ADVANTEST CORPORATION #6857
Electric Appliances / Japan
종가 35,900 | 상승 🟢 15.06% | 시총 ¥26.02T

3. NIPPON CHEMI-CON CORPORAT #6997
Electric Appliances / Japan
종가 5,980 | 상승 🟢 11.57% | 시총 ¥144.03B

4. V Technology Co.,Ltd. #7717
Precision Instruments / Japan
종가 8,910 | 상승 🟢 11.51% | 시총 ¥84.23B

5. MICRONICS JAPAN CO.,LTD. #6871
Electric Appliances / Japan
종가 17,650 | 상승 🟢 10.38% | 시총 ¥684.19B

6. Oki Electric Industry Com #6703
Electric Appliances / Japan
종가 3,855 | 상승 🟢 9.99% | 시총 ¥334.41B

7. Makino Milling Machine Co #6135
Machinery / Japan
종가 15,710 | 상승 🟢 9.78% | 시총 ¥367.48B

8. SCREEN Holdings Co.,Ltd. #7735
Electric Appliances / Japan
종가 17,625 | 상승 🟢 9.27% | 시총 ¥3.33T

9. Central Glass Co.,Ltd. #4044
Chemicals / Japan
종가 4,505 | 상승 🟢 8.95% | 시총 ¥111.69B

10. Takashimaya Company,Limit #8233
Retail Trade / Japan
종가 2,602 | 상승 🟢 7.65% | 시총 ¥762.42B

11. JAPAN MATERIAL Co.,Ltd. #6055
Services / Japan
종가 2,718 | 상승 🟢 7.60% | 시총 ¥279.34B

12. SEIKO GROUP CORPORATION #8050
Precision Instruments / Japan
종가 8,140 | 상승 🟢 7.11% | 시총 ¥665.38B

13. J.FRONT RETAILING Co.,Ltd #3086
Retail Trade / Japan
종가 3,212 | 상승 🟢 7.07% | 시총 ¥792.19B

14. Sanken Electric Co.,Ltd. #6707
Electric Appliances / Japan
종가 10,815 | 상승 🟢 6.97% | 시총 ¥216.20B

15. Daido Steel Co.,Ltd. #5471
Iron and Steel / Japan
종가 2,958 | 상승 🟢 6.79% | 시총 ¥591.17B

16. Sumitomo Osaka Cement Co. #5232
Glass and Ceramics Products / Japan
종가 6,372 | 상승 🟢 6.61% | 시총 ¥201.94B

17. MINEBEA MITSUMI Inc. #6479
Electric Appliances / Ja
============================================================
2026-06-26 16:30:01,860 - INFO - Loading .env ...
2026-06-26 16:30:01,860 - INFO - 
==================================================
2026-06-26 16:30:01,860 - INFO - Processing JP market...
2026-06-26 16:30:01,860 - INFO - ==================================================
2026-06-26 16:30:01,860 - INFO - === JP 52-Week High Monitor ===
2026-06-26 16:30:07,571 - INFO - JP tickers: 4451
2026-06-26 16:30:07,629 - INFO -   Chunk 1/23 (200 tickers)...
2026-06-26 16:30:13,263 - INFO -   Chunk 2/23 (200 tickers)...
2026-06-26 16:30:25,744 - INFO -   Chunk 3/23 (200 tickers)...
2026-06-26 16:30:29,826 - INFO -   Chunk 4/23 (200 tickers)...
2026-06-26 16:30:41,034 - ERROR - $2445.T: possibly delisted; no price data found  (period=1y)
2026-06-26 16:30:42,065 - ERROR - $2497.T: possibly delisted; no price data found  (period=1y)
2026-06-26 16:30:42,291 - ERROR - 
2 Failed downloads:
2026-06-26 16:30:42,291 - ERROR - ['2445.T', '2497.T']: possibly delisted; no price data found  (period=1y)
2026-06-26 16:30:43,051 - INFO -   Chunk 5/23 (200 tickers)...
2026-06-26 16:30:48,194 - INFO -   Chunk 6/23 (200 tickers)...
2026-06-26 16:31:01,383 - INFO -   Chunk 7/23 (200 tickers)...
2026-06-26 16:31:13,170 - ERROR - $3472.T: possibly delisted; no price data found  (period=1y)
2026-06-26 16:31:13,180 - ERROR - 
1 Failed download:
2026-06-26 16:31:13,180 - ERROR - ['3472.T']: possibly delisted; no price data found  (period=1y)
2026-06-26 16:31:13,928 - INFO -   Chunk 8/23 (200 tickers)...
2026-06-26 16:31:18,000 - INFO -   Chunk 9/23 (200 tickers)...
2026-06-26 16:31:30,689 - ERROR - $4167.T: possibly delisted; no price data found  (period=1y)
2026-06-26 16:31:30,695 - ERROR - 
1 Failed download:
2026-06-26 16:31:30,695 - ERROR - ['4167.T']: possibly delisted; no price data found  (period=1y)
2026-06-26 16:31:31,492 - INFO -   Chunk 10/23 (200 tickers)...
2026-06-26 16:31:36,024 - INFO -   Chunk 11/23 (200 tickers)...
2026-06-26 16:31:48,382 - INFO -   Chunk 12/23 (200 tickers)...
2026-06-26 16:31:58,867 - ERROR - $5079.T: possibly delisted; no price data found  (period=1y)
2026-06-26 16:31:58,873 - ERROR - 
1 Failed download:
2026-06-26 16:31:58,875 - ERROR - ['5079.T']: possibly delisted; no price data found  (period=1y)
2026-06-26 16:31:59,629 - INFO -   Chunk 13/23 (200 tickers)...
2026-06-26 16:32:04,367 - INFO -   Chunk 14/23 (200 tickers)...
2026-06-26 16:32:08,543 - INFO -   Chunk 15/23 (200 tickers)...
2026-06-26 16:32:11,253 - ERROR - HTTP Error 404: {"quoteSummary":{"result":null,"error":{"code":"Not Found","description":"Quote not found for symbol: 6576.T"}}}
2026-06-26 16:32:12,534 - ERROR - $6576.T: possibly delisted; no price data found  (period=1y) (Yahoo error = "No data found, symbol may be delisted")
2026-06-26 16:32:20,741 - ERROR - 
1 Failed download:
2026-06-26 16:32:20,741 - ERROR - ['6576.T']: possibly delisted; no price data found  (period=1y) (Yahoo error = "No data found, symbol may be delisted")
2026-06-26 16:32:21,489 - INFO -   Chunk 16/23 (200 tickers)...
2026-06-26 16:32:26,935 - INFO -   Chunk 17/23 (200 tickers)...
2026-06-26 16:32:35,360 - INFO -   Chunk 18/23 (200 tickers)...
2026-06-26 16:32:40,338 - INFO -   Chunk 19/23 (200 tickers)...
2026-06-26 16:32:45,462 - INFO -   Chunk 20/23 (200 tickers)...
2026-06-26 16:32:57,792 - ERROR - $8897.T: possibly delisted; no price data found  (period=1y)
2026-06-26 16:32:58,104 - ERROR - 
1 Failed download:
2026-06-26 16:32:58,104 - ERROR - ['8897.T']: possibly delisted; no price data found  (period=1y)
2026-06-26 16:32:58,855 - INFO -   Chunk 21/23 (200 tickers)...
2026-06-26 16:33:02,988 - INFO -   Chunk 22/23 (200 tickers)...
2026-06-26 16:33:15,335 - ERROR - $9726.T: possibly delisted; no price data found  (period=1y)
2026-06-26 16:33:15,540 - ERROR - $9508.T: possibly delisted; no price data found  (period=1y)
2026-06-26 16:33:15,547 - ERROR - 
2 Failed downloads:
2026-06-26 16:33:15,547 - ERROR - ['9726.T', '9508.T']: possibly delisted; no price data found  (period=1y)
2026-06-26 16:33:16,298 - INFO -   Chunk 23/23 (51 tickers)...
2026-06-26 16:33:18,012 - INFO - JP raw 52w highs: 82
2026-06-26 16:33:18,013 - INFO - Fetching mcap for 82 JP stocks...
2026-06-26 16:33:54,200 - INFO - JP after mcap filter: 38
2026-06-26 16:33:54,200 - INFO - Fetching news for 30 JP stocks...
2026-06-26 16:34:09,486 - INFO - Got news for 21 stocks
KRX 로그인 실패: KRX_ID 또는 KRX_PW 환경 변수가 설정되지 않았습니다.

============================================================

--- JP Report (38 stocks) ---
🇯🇵 *52주 신고가 달성 주식 (2026-06-26)*
📊 섹터 집계: Banks 8개 | Foods 5개 | Services 5개 | Other Products 4개 | Electric Appliances 3개 | Retail Trade 3개 | Precision Instruments 2개 | Pulp and Paper 2개 | Chemicals 2개 | Transportation Equipment 1개 | Machinery 1개 | Construction 1개 | Pharmaceutical 1개

1. V Technology Co.,Ltd. #7717
Precision Instruments / Japan
종가 9,380 | 상승 🟢 5.27% | 시총 ¥88.67B

2. THE AKITA BANK,LTD. #8343
Banks / Japan
종가 6,800 | 상승 🟢 3.50% | 시총 ¥121.02B
💬 As global markets grapple with rising inflation and fluctuating energy prices, the Asian market presents unique opportunities for discerning investors

3. THE SHIGA BANK,LTD. #8366
Banks / Japan
종가 2,412 | 상승 🟢 3.39% | 시총 ¥554.47B
💬 Shiga Bank (TSE:8366) has announced a board meeting scheduled for November 14. During this meeting, directors will review a possible stock split, prop

4. MITSUBISHI PENCIL COMPANY #7976
Other Products / Japan
종가 2,689 | 상승 🟢 3.34% | 시총 ¥134.47B
💬 Linc Ltd reports steady progress in joint ventures and strategic distribution enhancements, despite facing export revenue declines due to geopolitical

5. Tokyo Kiraboshi Financial #7173
Banks / Japan
종가 14,370 | 상승 🟢 3.31% | 시총 ¥514.19B
💬 Tokyo Kiraboshi Financial Group (TSE:7173) reported net profit margins of 24%, up from 18.5% the previous year, and delivered an impressive 51.3% earn

6. CASIO COMPUTER CO.,LTD. #6952
Electric Appliances / Japan
종가 1,990 | 상승 🟢 2.95% | 시총 ¥444.87B
💬 On 31 March 2026, Casio Computer Co., Ltd. was removed as a constituent from a major equity index, prompting index-tracking funds to adjust their hold

7. The Awa Bank,Ltd. #8388
Banks / Japan
종가 7,070 | 상승 🟢 2.46% | 시총 ¥274.86B
💬 Why Awa Bank’s new capital actions matter for shareholders Awa Bank (TSE:8388) has put capital returns in focus after its recent board meeting, approv

8. Tokushu Tokai Paper Co.,L #3708
Pulp and Paper / Japan
종가 1,856 | 상승 🟢 2.43% | 시총 ¥64.68B

9. The Shikoku Bank, Ltd. #8387
Banks / Japan
종가 2,942 | 상승 🟢 2.29% | 시총 ¥123.22B

10. TO
============================================================
2026-06-29 16:30:01,777 - INFO - Loading .env ...
2026-06-29 16:30:01,778 - INFO - 
==================================================
2026-06-29 16:30:01,778 - INFO - Processing JP market...
2026-06-29 16:30:01,778 - INFO - ==================================================
2026-06-29 16:30:01,778 - INFO - === JP 52-Week High Monitor ===
2026-06-29 16:30:02,387 - INFO - JP tickers: 4451
2026-06-29 16:30:02,433 - INFO -   Chunk 1/23 (200 tickers)...
2026-06-29 16:30:07,802 - INFO -   Chunk 2/23 (200 tickers)...
2026-06-29 16:30:19,779 - ERROR - $1663.T: possibly delisted; no price data found  (period=1y)
2026-06-29 16:30:20,944 - ERROR - 
1 Failed download:
2026-06-29 16:30:20,945 - ERROR - ['1663.T']: possibly delisted; no price data found  (period=1y)
2026-06-29 16:30:21,698 - INFO -   Chunk 3/23 (200 tickers)...
2026-06-29 16:30:26,373 - INFO -   Chunk 4/23 (200 tickers)...
2026-06-29 16:30:37,896 - ERROR - $2559.T: possibly delisted; no price data found  (period=1y)
2026-06-29 16:30:39,054 - ERROR - $2518.T: possibly delisted; no price data found  (period=1y)
2026-06-29 16:30:39,057 - ERROR - 
2 Failed downloads:
2026-06-29 16:30:39,057 - ERROR - ['2559.T', '2518.T']: possibly delisted; no price data found  (period=1y)
2026-06-29 16:30:39,813 - INFO -   Chunk 5/23 (200 tickers)...
2026-06-29 16:30:44,447 - INFO -   Chunk 6/23 (200 tickers)...
2026-06-29 16:30:48,913 - INFO -   Chunk 7/23 (200 tickers)...
2026-06-29 16:30:59,988 - INFO -   Chunk 8/23 (200 tickers)...
2026-06-29 16:31:11,164 - ERROR - $369A.T: possibly delisted; no price data found  (period=1y)
2026-06-29 16:31:11,165 - ERROR - 
1 Failed download:
2026-06-29 16:31:11,165 - ERROR - ['369A.T']: possibly delisted; no price data found  (period=1y)
2026-06-29 16:31:11,918 - INFO -   Chunk 9/23 (200 tickers)...
2026-06-29 16:31:16,844 - INFO -   Chunk 10/23 (200 tickers)...
2026-06-29 16:31:20,903 - INFO -   Chunk 11/23 (200 tickers)...
2026-06-29 16:31:32,469 - INFO -   Chunk 12/23 (200 tickers)...
2026-06-29 16:31:37,962 - INFO -   Chunk 13/23 (200 tickers)...
2026-06-29 16:31:49,488 - ERROR - $5816.T: possibly delisted; no price data found  (period=1y)
2026-06-29 16:31:49,496 - ERROR - 
1 Failed download:
2026-06-29 16:31:49,496 - ERROR - ['5816.T']: possibly delisted; no price data found  (period=1y)
2026-06-29 16:31:50,251 - INFO -   Chunk 14/23 (200 tickers)...
2026-06-29 16:32:03,008 - INFO -   Chunk 15/23 (200 tickers)...
2026-06-29 16:32:06,525 - ERROR - HTTP Error 404: {"quoteSummary":{"result":null,"error":{"code":"Not Found","description":"Quote not found for symbol: 6576.T"}}}
2026-06-29 16:32:07,401 - ERROR - $6576.T: possibly delisted; no price data found  (period=1y) (Yahoo error = "No data found, symbol may be delisted")
2026-06-29 16:32:08,087 - ERROR - 
1 Failed download:
2026-06-29 16:32:08,087 - ERROR - ['6576.T']: possibly delisted; no price data found  (period=1y) (Yahoo error = "No data found, symbol may be delisted")
2026-06-29 16:32:08,794 - INFO -   Chunk 16/23 (200 tickers)...
2026-06-29 16:32:22,097 - INFO -   Chunk 17/23 (200 tickers)...
2026-06-29 16:32:33,379 - ERROR - $7187.T: possibly delisted; no price data found  (period=1y)
2026-06-29 16:32:33,383 - ERROR - 
1 Failed download:
2026-06-29 16:32:33,383 - ERROR - ['7187.T']: possibly delisted; no price data found  (period=1y)
2026-06-29 16:32:34,133 - INFO -   Chunk 18/23 (200 tickers)...
2026-06-29 16:32:47,070 - INFO -   Chunk 19/23 (200 tickers)...
2026-06-29 16:32:51,946 - INFO -   Chunk 20/23 (200 tickers)...
2026-06-29 16:32:56,997 - INFO -   Chunk 21/23 (200 tickers)...
2026-06-29 16:33:09,221 - ERROR - $9087.T: possibly delisted; no price data found  (period=1y)
2026-06-29 16:33:09,230 - ERROR - 
1 Failed download:
2026-06-29 16:33:09,230 - ERROR - ['9087.T']: possibly delisted; no price data found  (period=1y)
2026-06-29 16:33:09,983 - INFO -   Chunk 22/23 (200 tickers)...
2026-06-29 16:33:14,469 - INFO -   Chunk 23/23 (51 tickers)...
2026-06-29 16:33:16,144 - INFO - JP raw 52w highs: 123
2026-06-29 16:33:16,144 - INFO - Fetching mcap for 123 JP stocks...
2026-06-29 16:34:16,275 - INFO - JP after mcap filter: 52
2026-06-29 16:34:16,275 - INFO - Fetching news for 30 JP stocks...
2026-06-29 16:34:30,125 - INFO - Got news for 16 stocks
KRX 로그인 실패: KRX_ID 또는 KRX_PW 환경 변수가 설정되지 않았습니다.

============================================================

--- JP Report (52 stocks) ---
🇯🇵 *52주 신고가 달성 주식 (2026-06-29)*
📊 섹터 집계: Banks 11개 | Foods 8개 | Retail Trade 7개 | Services 6개 | Other Products 5개 | Machinery 2개 | Wholesale Trade 2개 | Construction 2개 | Other Financing Business 1개 | Chemicals 1개 | Precision Instruments 1개 | Information & Communication 1개 | Securities and Commodities Futures 1개 | Electric Power and Gas 1개 | Pulp and Paper 1개 | Warehousing and Harbor Transportation Service 1개 | Pharmaceutical 1개

1. KITAGAWA SEIKI CO.,LTD. #6327
Machinery / Japan
종가 6,900 | 상승 🟢 9.87% | 시총 ¥56.36B

2. Treasure Factory Co.,LTD. #3093
Retail Trade / Japan
종가 2,241 | 상승 🟢 8.63% | 시총 ¥52.53B

3. J.FRONT RETAILING Co.,Ltd #3086
Retail Trade / Japan
종가 3,477 | 상승 🟢 6.59% | 시총 ¥857.55B

4. Tokyo Kiraboshi Financial #7173
Banks / Japan
종가 1,887 | 상승 🟢 5.05% | 시총 ¥540.16B
💬 Tokyo Kiraboshi Financial Group (TSE:7173) reported net profit margins of 24%, up from 18.5% the previous year, and delivered an impressive 51.3% earn

5. KADOYA SESAME MILLS INCOR #2612
Foods / Japan
종가 1,823 | 상승 🟢 4.53% | 시총 ¥50.34B

6. THE SHIGA BANK,LTD. #8366
Banks / Japan
종가 2,512 | 상승 🟢 4.15% | 시총 ¥577.46B
💬 Shiga Bank (TSE:8366) has announced a board meeting scheduled for November 14. During this meeting, directors will review a possible stock split, prop

7. SMS CO.,LTD. #2175
Services / Japan
종가 2,188 | 상승 🟢 3.94% | 시총 ¥179.59B

8. Juroku Financial Group,In #7380
Banks / Japan
종가 2,378 | 상승 🟢 3.84% | 시총 ¥421.16B
💬 Juroku Financial Group Inc (TSE:7380) has drawn fresh attention after its main bank unit announced the sale of 1,740,000 IBIDEN shares, aiming to redu

9. VECTOR INC. #6058
Services / Japan
종가 1,747 | 상승 🟢 3.68% | 시총 ¥81.94B
💬 Vector (TSE:6058) reported steady progress, with its net profit margin at 8% this period compared to 8.4% a year ago. Recent annual earnings growth ha

10. J Trust Co.,Ltd. #8508
Other Financing Business / Japan
종가 836 | 상승 🟢 3.59% | 시총 ¥110.50B

11. Sekisui Jushi Corporation #4212
Chemicals / Japan
종가 2,650 | 상승 🟢 3.52% | 시총 ¥79.41B

12. The Shi
============================================================
2026-06-30 16:30:01,749 - INFO - Loading .env ...
2026-06-30 16:30:01,750 - INFO - 
==================================================
2026-06-30 16:30:01,750 - INFO - Processing JP market...
2026-06-30 16:30:01,750 - INFO - ==================================================
2026-06-30 16:30:01,750 - INFO - === JP 52-Week High Monitor ===
2026-06-30 16:30:02,130 - INFO - JP tickers: 4451
2026-06-30 16:30:02,176 - INFO -   Chunk 1/23 (200 tickers)...
2026-06-30 16:30:06,615 - INFO -   Chunk 2/23 (200 tickers)...
2026-06-30 16:30:17,421 - ERROR - $2033.T: possibly delisted; no price data found  (period=1y)
2026-06-30 16:30:17,430 - ERROR - 
1 Failed download:
2026-06-30 16:30:17,430 - ERROR - ['2033.T']: possibly delisted; no price data found  (period=1y)
2026-06-30 16:30:18,192 - INFO -   Chunk 3/23 (200 tickers)...
2026-06-30 16:30:21,874 - INFO -   Chunk 4/23 (200 tickers)...
2026-06-30 16:30:26,448 - INFO -   Chunk 5/23 (200 tickers)...
2026-06-30 16:30:39,386 - ERROR - $2892.T: possibly delisted; no price data found  (period=1y)
2026-06-30 16:30:39,388 - ERROR - 
1 Failed download:
2026-06-30 16:30:39,388 - ERROR - ['2892.T']: possibly delisted; no price data found  (period=1y)
2026-06-30 16:30:40,150 - INFO -   Chunk 6/23 (200 tickers)...
2026-06-30 16:30:44,029 - INFO -   Chunk 7/23 (200 tickers)...
2026-06-30 16:30:55,487 - INFO -   Chunk 8/23 (200 tickers)...
2026-06-30 16:30:59,102 - INFO -   Chunk 9/23 (200 tickers)...
2026-06-30 16:31:02,816 - INFO -   Chunk 10/23 (200 tickers)...
2026-06-30 16:31:14,700 - ERROR - $4381.T: possibly delisted; no price data found  (period=1y)
2026-06-30 16:31:14,709 - ERROR - 
1 Failed download:
2026-06-30 16:31:14,709 - ERROR - ['4381.T']: possibly delisted; no price data found  (period=1y)
2026-06-30 16:31:15,464 - INFO -   Chunk 11/23 (200 tickers)...
2026-06-30 16:31:19,103 - INFO -   Chunk 12/23 (200 tickers)...
2026-06-30 16:31:30,909 - ERROR - $5368.T: possibly delisted; no price data found  (period=1y)
2026-06-30 16:31:30,915 - ERROR - 
1 Failed download:
2026-06-30 16:31:30,915 - ERROR - ['5368.T']: possibly delisted; no price data found  (period=1y)
2026-06-30 16:31:31,674 - INFO -   Chunk 13/23 (200 tickers)...
2026-06-30 16:31:35,462 - INFO -   Chunk 14/23 (200 tickers)...
2026-06-30 16:31:39,435 - INFO -   Chunk 15/23 (200 tickers)...
2026-06-30 16:31:41,805 - ERROR - HTTP Error 404: {"quoteSummary":{"result":null,"error":{"code":"Not Found","description":"Quote not found for symbol: 6576.T"}}}
2026-06-30 16:31:42,955 - ERROR - $6576.T: possibly delisted; no price data found  (period=1y) (Yahoo error = "No data found, symbol may be delisted")
2026-06-30 16:31:47,441 - ERROR - 
1 Failed download:
2026-06-30 16:31:47,441 - ERROR - ['6576.T']: possibly delisted; no price data found  (period=1y) (Yahoo error = "No data found, symbol may be delisted")
2026-06-30 16:31:48,200 - INFO -   Chunk 16/23 (200 tickers)...
2026-06-30 16:31:52,094 - INFO -   Chunk 17/23 (200 tickers)...
2026-06-30 16:32:04,268 - ERROR - $7138.T: possibly delisted; no price data found  (period=1y)
2026-06-30 16:32:04,268 - ERROR - 
1 Failed download:
2026-06-30 16:32:04,268 - ERROR - ['7138.T']: possibly delisted; no price data found  (period=1y)
2026-06-30 16:32:05,021 - INFO -   Chunk 18/23 (200 tickers)...
2026-06-30 16:32:08,898 - INFO -   Chunk 19/23 (200 tickers)...
2026-06-30 16:32:12,940 - INFO -   Chunk 20/23 (200 tickers)...
2026-06-30 16:32:25,310 - ERROR - $8283.T: possibly delisted; no price data found  (period=1y)
2026-06-30 16:32:25,314 - ERROR - 
1 Failed download:
2026-06-30 16:32:25,314 - ERROR - ['8283.T']: possibly delisted; no price data found  (period=1y)
2026-06-30 16:32:26,070 - INFO -   Chunk 21/23 (200 tickers)...
2026-06-30 16:32:29,890 - INFO -   Chunk 22/23 (200 tickers)...
2026-06-30 16:32:41,443 - ERROR - $9656.T: possibly delisted; no price data found  (period=1y)
2026-06-30 16:32:41,453 - ERROR - 
1 Failed download:
2026-06-30 16:32:41,453 - ERROR - ['9656.T']: possibly delisted; no price data found  (period=1y)
2026-06-30 16:32:42,209 - INFO -   Chunk 23/23 (51 tickers)...
2026-06-30 16:32:43,781 - INFO - JP raw 52w highs: 123
2026-06-30 16:32:43,782 - INFO - Fetching mcap for 123 JP stocks...
2026-06-30 16:33:30,117 - INFO - JP after mcap filter: 37
2026-06-30 16:33:30,117 - INFO - Fetching news for 30 JP stocks...
2026-06-30 16:33:44,695 - INFO - Got news for 19 stocks
KRX 로그인 실패: KRX_ID 또는 KRX_PW 환경 변수가 설정되지 않았습니다.

============================================================

--- JP Report (37 stocks) ---
🇯🇵 *52주 신고가 달성 주식 (2026-06-30)*
📊 섹터 집계: Electric Appliances 6개 | Banks 5개 | Foods 5개 | Machinery 4개 | Other Products 4개 | Wholesale Trade 3개 | Retail Trade 2개 | Services 2개 | Information & Communication 1개 | Warehousing and Harbor Transportation Service 1개 | Electric Power and Gas 1개 | Securities and Commodities Futures 1개 | Precision Instruments 1개 | Construction 1개

1. MIRAINI HOLDINGS CO.,LTD. #546A
Wholesale Trade / Japan
종가 2,242 | 상승 🟢 21.72% | 시총 ¥79.55B

2. KITAGAWA SEIKI CO.,LTD. #6327
Machinery / Japan
종가 7,900 | 상승 🟢 14.49% | 시총 ¥64.53B

3. Sanken Electric Co.,Ltd. #6707
Electric Appliances / Japan
종가 11,375 | 상승 🟢 12.85% | 시총 ¥227.39B
💬 If you are wondering whether Sanken Electric's stock is worth holding onto, or maybe considering your first purchase, you are certainly not alone. The

4. KOKUSAI ELECTRIC CORPORAT #6525
Electric Appliances / Japan
종가 10,855 | 상승 🟢 8.80% | 시총 ¥2.54T
💬 The Nikkei Stock Average rose 4.6% to a fresh closing high of 72366.34 after memory-chip maker Micron Technology's blockbuster results soothed investo

5. SCREEN Holdings Co.,Ltd. #7735
Electric Appliances / Japan
종가 17,805 | 상승 🟢 6.20% | 시총 ¥3.37T
💬 Japan's Nikkei Stock Average closed 2.5% higher at a record 68402.13, driven by hopes for growing artificial-intelligence demand. Chip-related stocks 

6. TSUGAMI CORPORATION #6101
Machinery / Japan
종가 8,030 | 상승 🟢 5.38% | 시총 ¥373.41B
💬 Earnings surprise draws fresh attention to Tsugami stock Tsugami (TSE:6101) has moved into focus after reporting nine month earnings to December 31, 2

7. J.FRONT RETAILING Co.,Ltd #3086
Retail Trade / Japan
종가 3,617 | 상승 🟢 4.03% | 시총 ¥892.08B

8. IWAKI CO.,LTD. #6237
Machinery / Japan
종가 3,750 | 상승 🟢 3.73% | 시총 ¥83.19B

9. THE SHIGA BANK,LTD. #8366
Banks / Japan
종가 2,605 | 상승 🟢 3.70% | 시총 ¥598.84B
💬 Shiga Bank (TSE:8366) has announced a board meeting scheduled for November 14. During this meeting, directors will review a possible stock split, prop

10. Nisshinbo Holdings Inc. #3105
Electric App
============================================================
