2026-06-26 07:30:02,077 - INFO - Total indicators: 46
2026-06-26 07:30:02,077 - INFO - Downloading data for 46 indicators (period=6mo)...
2026-06-26 07:30:03,309 - INFO - Downloaded 183 days of data, 46 tickers
2026-06-26 07:30:03,313 - INFO - Computed returns for 46 indicators
2026-06-26 07:30:04,035 - INFO - Heatmap saved: /home/inhyuk/projects/dataScout/data_us/indicator_charts/heatmap_20260626.png
2026-06-26 07:30:04,488 - INFO - Category chart saved: /home/inhyuk/projects/dataScout/data_us/indicator_charts/chart_20260626_broad_market.png
2026-06-26 07:30:04,818 - INFO - Category chart saved: /home/inhyuk/projects/dataScout/data_us/indicator_charts/chart_20260626_global___region.png
2026-06-26 07:30:05,555 - INFO - Category chart saved: /home/inhyuk/projects/dataScout/data_us/indicator_charts/chart_20260626_sector_cyclical.png
2026-06-26 07:30:05,991 - INFO - Category chart saved: /home/inhyuk/projects/dataScout/data_us/indicator_charts/chart_20260626_sector_defensive.png
2026-06-26 07:30:06,416 - INFO - Category chart saved: /home/inhyuk/projects/dataScout/data_us/indicator_charts/chart_20260626_tech___semi___sw.png
2026-06-26 07:30:07,203 - INFO - Category chart saved: /home/inhyuk/projects/dataScout/data_us/indicator_charts/chart_20260626_thematic.png
2026-06-26 07:30:07,628 - INFO - Category chart saved: /home/inhyuk/projects/dataScout/data_us/indicator_charts/chart_20260626_macro___safe_haven.png
2026-06-26 07:30:07,902 - INFO - Category chart saved: /home/inhyuk/projects/dataScout/data_us/indicator_charts/chart_20260626_individual.png
2026-06-26 07:30:07,902 - INFO - Sending heatmap to Telegram...
2026-06-26 07:30:11,883 - INFO - Heatmap: sent
2026-06-26 07:30:12,883 - INFO - Sending Broad Market...
2026-06-26 07:30:15,662 - INFO -   Broad Market sent.
2026-06-26 07:30:16,162 - INFO - Sending Global / Region...
2026-06-26 07:30:18,671 - INFO -   Global / Region sent.
2026-06-26 07:30:19,171 - INFO - Sending Sector Cyclical...
2026-06-26 07:30:22,402 - INFO -   Sector Cyclical sent.
2026-06-26 07:30:22,902 - INFO - Sending Sector Defensive...
2026-06-26 07:30:25,797 - INFO -   Sector Defensive sent.
2026-06-26 07:30:26,297 - INFO - Sending Tech / Semi / SW...
2026-06-26 07:30:29,030 - INFO -   Tech / Semi / SW sent.
2026-06-26 07:30:29,530 - INFO - Sending Thematic...
2026-06-26 07:30:32,614 - INFO -   Thematic sent.
2026-06-26 07:30:33,114 - INFO - Sending Macro / Safe Haven...
2026-06-26 07:30:35,887 - INFO -   Macro / Safe Haven sent.
2026-06-26 07:30:36,387 - INFO - Sending Individual...
2026-06-26 07:30:38,813 - INFO -   Individual sent.

======================================================================
Market Indicators Summary (20260626)
======================================================================
  BIZD       $     12.25  1D:  +0.3%  1W:  -0.7%  1M:  -2.5%  3M:  -1.5%  YTD: -10.7%  | 3개월 횡보 구간.
  BTC-USD    $ 59,691.89  1D:  -2.1%  1W:  -7.1%  1M:  -6.4%  3M: -21.8%  YTD: -32.7%  | 3개월 -22% 급락세. 1주 -7.1% 급락. 금일 -2.1% 하락.
  DIA        $    519.26  1D:  +0.1%  1W:  +0.8%  1M:  +3.1%  3M: +12.8%  YTD:  +8.2%  | 3개월 +13% 상승 추세.
  DRAM       $     76.89  1D: +10.0%  1W:  +9.9%  1M: +27.1%  3M:  +nan%  YTD:+177.0%  | 데이터 부족. 단기 강세 가속. 금일 +10.0% 급등.
  EEM        $     67.96  1D:  +1.1%  1W:  -0.9%  1M:  -0.1%  3M: +19.2%  YTD: +21.5%  | 3개월 +19% 상승 추세.
  EWJ        $     93.39  1D:  +0.8%  1W:  -1.1%  1M:  +1.1%  3M: +12.4%  YTD: +15.5%  | 3개월 +12% 상승 추세.
  EZU        $     68.40  1D:  +1.3%  1W:  -0.8%  1M:  +0.7%  3M: +12.5%  YTD:  +7.1%  | 3개월 +12% 상승 추세.
  FXI        $     31.68  1D:  -2.1%  1W:  -5.9%  1M: -10.7%  3M:  -9.8%  YTD: -19.8%  | 3개월 -10% 하락 추세. 1주 -5.9% 급락. 금일 -2.1% 하락.
  GDX        $     75.67  1D:  +1.4%  1W: -10.3%  1M: -14.5%  3M:  -9.2%  YTD: -11.7%  | 3개월 -9% 하락 추세. 1주 -10.3% 급락.
  GLD        $    369.46  1D:  +1.0%  1W:  -4.9%  1M: -10.8%  3M:  -8.6%  YTD:  -7.2%  | 3개월 -9% 하락 추세.
  GRID       $    190.25  1D:  +1.1%  1W:  -0.4%  1M:  -3.4%  3M: +15.4%  YTD: +22.2%  | 3개월 +15% 상승 추세.
  HYDR       $     50.61  1D:  -2.7%  1W:  -9.3%  1M: -30.8%  3M: +32.1%  YTD: +49.4%  | 3개월 +32% 급등세. 1주 -9.3% 급락. 금일 -2.7% 하락.
  HYG        $     79.88  1D:  +0.0%  1W:  +0.2%  1M:  +0.1%  3M:  +2.1%  YTD:  +1.5%  | 3개월 횡보 구간.
  ICLN       $     20.29  1D:  -0.9%  1W:  -0.9%  1M: -11.3%  3M: +11.9%  YTD: +19.0%  | 3개월 +12% 상승 추세.
  ICLR       $    160.96  1D:  +1.8%  1W: +12.3%  1M: +41.4%  3M: +60.4%  YTD: -14.7%  | 3개월 +60% 급등세. 단기 강세 가속.
  IGV        $     84.76  1D:  -1.6%  1W:  -4.9%  1M:  -9.9%  3M:  +0.4%  YTD: -17.4%  | 3개월 횡보 구간.
  IHI        $     50.15  1D:  +1.1%  1W:  +3.6%  1M:  -0.3%  3M:  -7.8%  YTD: -18.8%  | 3개월 -8% 하락 추세.
  ITB        $    104.25  1D:  +0.9%  1W:  +8.8%  1M: +13.4%  3M: +14.3%  YTD:  +7.3%  | 3개월 +14% 상승 추세. 단기 강세 가속.
  IWM        $    298.91  1D:  +0.7%  1W:  +3.1%  1M:  +3.1%  3M: +21.1%  YTD: +20.7%  | 3개월 +21% 상승 추세.
  IYT        $     86.64  1D:  +1.6%  1W:  +4.0%  1M:  +4.6%  3M: +17.1%  YTD: +15.7%  | 3개월 +17% 상승 추세.
  JETS       $     32.98  1D:  +1.5%  1W:  +9.0%  1M: +16.7%  3M: +32.3%  YTD: +16.6%  | 3개월 +32% 급등세. 단기 강세 가속.
  LIT        $     78.45  1D:  -0.6%  1W:  -5.6%  1M:  -9.1%  3M: +12.2%  YTD: +18.4%  | 3개월 +12% 상승 추세. 1주 -5.6% 급락.
  MAGS       $     61.07  1D:  -2.6%  1W:  -5.4%  1M: -12.3%  3M:  +3.0%  YTD:  -6.5%  | 3개월 횡보 구간. 1주 -5.4% 급락. 금일 -2.6% 하락.
  MSTR       $     85.33  1D:  -9.3%  1W: -26.8%  1M: -46.6%  3M: -38.3%  YTD: -45.7%  | 3개월 -38% 급락세. 1주 -26.8% 급락. 금일 -9.3% 급락.
  NTRA       $    260.74  1D:  +0.3%  1W: +15.1%  1M: +29.8%  3M: +30.3%  YTD: +13.9%  | 3개월 +30% 급등세. 단기 강세 가속.
  PAVE       $     59.99  1D:  +2.7%  1W:  +3.5%  1M:  +6.5%  3M: +19.5%  YTD: +22.8%  | 3개월 +20% 상승 추세. 단기 강세 가속. 금일 +2.7% 상승.
  QQQ        $    716.38  1D:  +0.8%  1W:  -0.7%  1M:  -1.8%  3M: +22.0%  YTD: +17.1%  | 3개월 +22% 상승 추세.
  ROBO       $     83.44  1D:  +1.3%  1W:  -0.6%  1M:  -7.3%  3M: +18.8%  YTD: +18.0%  | 3개월 +19% 상승 추세.
  RSP        $    211.75  1D:  +0.7%  1W:  +1.7%  1M:  +2.4%  3M: +10.9%  YTD: +10.7%  | 3개월 +11% 상승 추세.
  SHLD       $     58.20  1D:  -1.2%  1W:  -8.8%  1M: -12.0%  3M: -20.3%  YTD: -12.4%  | 3개월 -20% 급락세. 1주 -8.8% 급락.
  SLX        $    101.05  1D:  +0.9%  1W:  -6.1%  1M:  -8.1%  3M: +14.2%  YTD: +16.9%  | 3개월 +14% 상승 추세. 1주 -6.1% 급락.
  SOXX       $    625.20  1D:  +3.9%  1W:  +4.2%  1M:  +9.7%  3M: +85.8%  YTD: +99.5%  | 3개월 +86% 급등세. 단기 강세 가속. 금일 +3.9% 상승.
  SPY        $    734.30  1D:  +0.1%  1W:  -0.6%  1M:  -1.9%  3M: +12.3%  YTD:  +8.1%  | 3개월 +12% 상승 추세.
  TLT        $     87.35  1D:  -0.0%  1W:  +1.2%  1M:  +3.0%  3M:  +2.3%  YTD:  +2.3%  | 3개월 횡보 구간.
  UFO        $     45.56  1D:  -2.0%  1W: -10.8%  1M: -30.4%  3M:  -2.2%  YTD: +13.0%  | 3개월 횡보 구간. 1주 -10.8% 급락.
  URA        $     43.92  1D:  -1.8%  1W:  -6.8%  1M: -13.6%  3M:  -8.8%  YTD:  -4.6%  | 3개월 -9% 하락 추세. 1주 -6.8% 급락.
  UUP        $     28.48  1D:  -0.2%  1W:  +1.1%  1M:  +2.6%  3M:  +3.3%  YTD:  +5.1%  | 3개월 횡보 구간.
  XBI        $    151.59  1D:  +1.3%  1W:  +8.9%  1M: +13.8%  3M: +24.7%  YTD: +24.9%  | 3개월 +25% 상승 추세. 단기 강세 가속.
  XLE        $     54.09  1D:  +1.0%  1W:  -0.3%  1M:  -5.8%  3M:  -8.6%  YTD: +20.1%  | 3개월 -9% 하락 추세.
  XLF        $     53.45  1D:  -0.5%  1W:  -0.8%  1M:  +3.4%  3M:  +8.9%  YTD:  -1.9%  | 3개월 횡보 구간.
  XLI        $    184.12  1D:  +2.2%  1W:  +2.8%  1M:  +5.9%  3M: +13.2%  YTD: +17.2%  | 3개월 +13% 상승 추세. 금일 +2.2% 상승.
  XLP        $     83.94  1D:  -0.6%  1W:  +1.0%  1M:  +1.1%  3M:  +4.1%  YTD:  +9.4%  | 3개월 횡보 구간.
  XLU        $     45.85  1D:  +0.7%  1W:  +3.8%  1M:  +1.8%  3M:  +3.0%  YTD:  +7.6%  | 3개월 횡보 구간.
  XLV        $    155.63  1D:  +1.5%  1W:  +3.7%  1M:  +5.3%  3M:  +8.0%  YTD:  +0.9%  | 3개월 횡보 구간. 단기 강세 가속.
  XLY        $    113.35  1D:  -1.5%  1W:  -1.7%  1M:  -4.9%  3M:  +3.1%  YTD:  -3.8%  | 3개월 횡보 구간.
  XRT        $     87.56  1D:  -0.7%  1W:  +3.8%  1M:  +5.8%  3M:  +9.9%  YTD:  +2.4%  | 3개월 횡보 구간. 단기 강세 가속.
======================================================================
